DEBUG 2019-05-23 23:06:54,764: 	 Executing command: 'submit'
DEBUG 2019-05-23 23:06:54,764: 	 Found CRAB cache file /afs/cern.ch/user/d/dsperka/.crab3
DEBUG 2019-05-23 23:06:54,771: 	 Checking credentials
DEBUG 2019-05-23 23:06:54,771: 	 Found proxy file /tmp/x509up_u51940
DEBUG 2019-05-23 23:06:54,771: 	 Getting proxy life time left
DEBUG 2019-05-23 23:06:55,475: 	 Executing : 
 command : voms-proxy-info -file /tmp/x509up_u51940 -timeleft
 output : 688624

 error: 
 retcode : 0
DEBUG 2019-05-23 23:06:56,081: 	 Executing : 
 command : voms-proxy-info -file /tmp/x509up_u51940 -actimeleft
 output : 688623

 error: 
 retcode : 0
DEBUG 2019-05-23 23:06:56,082: 	 Proxy lifetime 688624 secs is different from voms extension lifetime 688623 secs for proxy: /tmp/x509up_u51940
DEBUG 2019-05-23 23:06:56,082: 	 Proxy valid for 191:17:03 hours
INFO 2019-05-23 23:06:56,082: 	 Will use CRAB configuration file crabConfig.py
DEBUG 2019-05-23 23:06:56,082: 	 Loading CRAB configuration file.
DEBUG 2019-05-23 23:06:56,087: 	 Will use CRAB Analysis plugin (i.e. will run an analysis job type).
DEBUG 2019-05-23 23:06:56,206: 	 Executing : 
 command : openssl x509 -in ~/.globus/usercert.pem -subject -noout
 output : subject= /DC=ch/DC=cern/OU=Organic Units/OU=Users/CN=dsperka/CN=698850/CN=David Sperka

 error: 
 retcode : 0
DEBUG 2019-05-23 23:06:56,206: 	 Checking credentials
DEBUG 2019-05-23 23:06:56,206: 	 Found proxy file /tmp/x509up_u51940
DEBUG 2019-05-23 23:06:56,206: 	 Getting proxy life time left
DEBUG 2019-05-23 23:06:56,811: 	 Executing : 
 command : voms-proxy-info -file /tmp/x509up_u51940 -timeleft
 output : 688623

 error: 
 retcode : 0
DEBUG 2019-05-23 23:06:57,517: 	 Executing : 
 command : voms-proxy-info -file /tmp/x509up_u51940 -actimeleft
 output : 688622

 error: 
 retcode : 0
DEBUG 2019-05-23 23:06:57,518: 	 Proxy lifetime 688623 secs is different from voms extension lifetime 688622 secs for proxy: /tmp/x509up_u51940
DEBUG 2019-05-23 23:06:57,518: 	 Proxy valid for 191:17:02 hours
DEBUG 2019-05-23 23:06:58,225: 	 Executing : 
 command : env X509_USER_PROXY=/tmp/x509up_u51940 voms-proxy-info -fqan
 output : /cms/Role=NULL/Capability=NULL
/cms/uscms/Role=NULL/Capability=NULL

 error: 
 retcode : 0
DEBUG 2019-05-23 23:06:58,313: 	 Registering user credentials for server /DC=ch/DC=cern/OU=computers/CN=vocms(052|058|030|0118|0105|0109).cern.ch|/DC=ch/DC=cern/OU=computers/CN=crab-(preprod|prod)-tw(02|01).cern.ch
DEBUG 2019-05-23 23:06:58,423: 	 Executing : 
 command : openssl x509 -in ~/.globus/usercert.pem -subject -noout
 output : subject= /DC=ch/DC=cern/OU=Organic Units/OU=Users/CN=dsperka/CN=698850/CN=David Sperka

 error: 
 retcode : 0
DEBUG 2019-05-23 23:06:58,423: 	 Getting myproxy life time left for myproxy.cern.ch
DEBUG 2019-05-23 23:06:58,423: 	 Calculating hash of /DC=ch/DC=cern/OU=Organic Units/OU=Users/CN=dsperka/CN=698850/CN=David Sperka_cmsweb.cern.ch for credential name
DEBUG 2019-05-23 23:06:59,228: 	 Executing : 
 command : myproxy-info -l a90adb9d478984ec2f7b39b4708f88008ef762ef -s myproxy.cern.ch
 output : username: a90adb9d478984ec2f7b39b4708f88008ef762ef
owner: /DC=ch/DC=cern/OU=Organic Units/OU=Users/CN=dsperka/CN=698850/CN=David Sperka
  renewal policy: /DC=ch/DC=cern/OU=computers/CN=vocms(052|058|030|0118|0105|0109).cern.ch|/DC=ch/DC=cern/OU=computers/CN=crab-(preprod|prod)-tw(02|01).cern.ch
  trusted retrieval policy: /DC=ch/DC=cern/OU=computers/CN=vocms(052|058|030|0118|0105|0109).cern.ch|/DC=ch/DC=cern/OU=computers/CN=crab-(preprod|prod)-tw(02|01).cern.ch
  timeleft: 401:13:02  (16.7 days)

 error: 
 retcode : 0
DEBUG 2019-05-23 23:06:59,229: 	 Myproxy is valid: 1444382
DEBUG 2019-05-23 23:06:59,229: 	 Command use: submit
DEBUG 2019-05-23 23:06:59,229: 	 Options use: []
DEBUG 2019-05-23 23:06:59,319: 	 CRABClient version: 3.3.1904
DEBUG 2019-05-23 23:06:59,319: 	 Instance is prod
DEBUG 2019-05-23 23:06:59,319: 	 Server base url is cmsweb.cern.ch
DEBUG 2019-05-23 23:06:59,319: 	 Command url /crabserver/prod/workflow
DEBUG 2019-05-23 23:06:59,319: 	 Started submission
DEBUG 2019-05-23 23:06:59,319: 	 Working on /afs/cern.ch/work/d/dsperka/Zdark/CMSSW_10_2_3/src/DileptonAnalysis/AnalysisStep/crab/DYJetsToLL_M-50_TuneCP5_13TeV-amcatnloFXFX-pythia8/crab_20190523_230656
DEBUG 2019-05-23 23:06:59,426: 	 Loading required information from the environment
DEBUG 2019-05-23 23:06:59,426: 	 Found CMSSW_10_2_3 for slc7_amd64_gcc700 with base /afs/cern.ch/work/d/dsperka/Zdark/CMSSW_10_2_3
DEBUG 2019-05-23 23:06:59,426: 	 Loading required information from the environment
DEBUG 2019-05-23 23:06:59,426: 	 Found CMSSW_10_2_3 for slc7_amd64_gcc700 with base /afs/cern.ch/work/d/dsperka/Zdark/CMSSW_10_2_3
DEBUG 2019-05-23 23:06:59,442: 	 UNIQUE NAME: tarUUID 1c30880c-9562-4fd1-9243-a086944b68ed 
DEBUG 2019-05-23 23:06:59,443: 	 self.config: from WMCore.Configuration import Configuration
config = Configuration()
config.section_('General')
config.section_('JobType')
config.JobType.psetName = '../../test/tree_cfg.py'
config.JobType.pluginName = 'Analysis'
config.JobType.pyCfgParams = ['isMC=True', 'useWeights=True', 'xsec=1.0']
config.JobType.allowUndistributedCMSSW = True
config.section_('Data')
config.Data.inputDataset = '/DYJetsToLL_M-50_TuneCP5_13TeV-amcatnloFXFX-pythia8/RunIIAutumn18MiniAOD-102X_upgrade2018_realistic_v15-v1/MINIAODSIM'
config.Data.unitsPerJob = 50000
config.Data.splitting = 'EventAwareLumiBased'
config.Data.outLFNDirBase = '/store/user/dsperka/Zdark/May23_2018/'
config.section_('Site')
config.Site.storageSite = 'T2_CH_CERN'
config.section_('User')
config.section_('Debug')

DEBUG 2019-05-23 23:06:59,443: 	 self.config.JobType.psetName: ../../test/tree_cfg.py
INFO 2019-05-23 23:06:59,443: 	 Importing CMSSW configuration ../../test/tree_cfg.py
DEBUG 2019-05-23 23:06:59,443: 	 Additional parameters for the CMSSW configuration are: ['isMC=True', 'useWeights=True', 'xsec=1.0']
INFO 2019-05-23 23:06:59,756: 	 Finished importing CMSSW configuration ../../test/tree_cfg.py
DEBUG 2019-05-23 23:06:59,756: 	 Writing CMSSW configuration to /afs/cern.ch/work/d/dsperka/Zdark/CMSSW_10_2_3/src/DileptonAnalysis/AnalysisStep/crab/DYJetsToLL_M-50_TuneCP5_13TeV-amcatnloFXFX-pythia8/crab_20190523_230656/inputs/PSet.py
DEBUG 2019-05-23 23:06:59,805: 	 The following EDM output files will be collected: []
DEBUG 2019-05-23 23:06:59,805: 	 The following TFile output files will be collected: ['tree.root']
DEBUG 2019-05-23 23:06:59,805: 	 The following user output files will be collected: []
DEBUG 2019-05-23 23:06:59,805: 	 Loading required information from the environment
DEBUG 2019-05-23 23:06:59,806: 	 Found CMSSW_10_2_3 for slc7_amd64_gcc700 with base /afs/cern.ch/work/d/dsperka/Zdark/CMSSW_10_2_3
DEBUG 2019-05-23 23:06:59,806: 	 Making tarball in /afs/cern.ch/work/d/dsperka/Zdark/CMSSW_10_2_3/src/DileptonAnalysis/AnalysisStep/crab/DYJetsToLL_M-50_TuneCP5_13TeV-amcatnloFXFX-pythia8/crab_20190523_230656/inputs/1c30880c-9562-4fd1-9243-a086944b68eddefault.tgz
DEBUG 2019-05-23 23:06:59,806: 	 Checking directory /afs/cern.ch/work/d/dsperka/Zdark/CMSSW_10_2_3/lib
DEBUG 2019-05-23 23:06:59,806: 	 Adding directory /afs/cern.ch/work/d/dsperka/Zdark/CMSSW_10_2_3/lib to tarball
DEBUG 2019-05-23 23:06:59,818: 	 Checking directory /afs/cern.ch/work/d/dsperka/Zdark/CMSSW_10_2_3/biglib
DEBUG 2019-05-23 23:06:59,818: 	 Adding directory /afs/cern.ch/work/d/dsperka/Zdark/CMSSW_10_2_3/biglib to tarball
DEBUG 2019-05-23 23:06:59,818: 	 Checking directory /afs/cern.ch/work/d/dsperka/Zdark/CMSSW_10_2_3/module
DEBUG 2019-05-23 23:06:59,823: 	 Adding data directory /afs/cern.ch/work/d/dsperka/Zdark/CMSSW_10_2_3/src/DileptonAnalysis/AnalysisStep/data to tarball
DEBUG 2019-05-23 23:07:00,388: 	 Adding data directory /afs/cern.ch/work/d/dsperka/Zdark/CMSSW_10_2_3/src/DileptonAnalysis/AnalysisStep/interface to tarball
DEBUG 2019-05-23 23:07:00,440: 	 Uploading archive /afs/cern.ch/work/d/dsperka/Zdark/CMSSW_10_2_3/src/DileptonAnalysis/AnalysisStep/crab/DYJetsToLL_M-50_TuneCP5_13TeV-amcatnloFXFX-pythia8/crab_20190523_230656/inputs/1c30880c-9562-4fd1-9243-a086944b68eddefault.tgz (1.077148.1 MB) to the CRAB cache. Using URI https://cmsweb.cern.ch/crabcache
DEBUG 2019-05-23 23:07:01,741: 	 Loading required information from the environment
DEBUG 2019-05-23 23:07:01,741: 	 Found CMSSW_10_2_3 for slc7_amd64_gcc700 with base /afs/cern.ch/work/d/dsperka/Zdark/CMSSW_10_2_3
DEBUG 2019-05-23 23:07:01,741: 	 Making tarball in /afs/cern.ch/work/d/dsperka/Zdark/CMSSW_10_2_3/src/DileptonAnalysis/AnalysisStep/crab/DYJetsToLL_M-50_TuneCP5_13TeV-amcatnloFXFX-pythia8/crab_20190523_230656/inputs/debugFiles.tgz
DEBUG 2019-05-23 23:07:01,748: 	 Uploading archive /afs/cern.ch/work/d/dsperka/Zdark/CMSSW_10_2_3/src/DileptonAnalysis/AnalysisStep/crab/DYJetsToLL_M-50_TuneCP5_13TeV-amcatnloFXFX-pythia8/crab_20190523_230656/inputs/debugFiles.tgz (4 KB) to the CRAB cache. Using URI https://cmsweb.cern.ch/crabcache
DEBUG 2019-05-23 23:07:01,815: 	 Result uploading input files: e473810d2a9f8c71b008f81ad2448d1757f03ebe1ae8e58ed932154c86d28af9.tar.gz 
WARNING 2019-05-23 23:07:01,815: 	 Warning: The following output files will not be published, as they are not EDM files: ['tree.root']
INFO 2019-05-23 23:07:01,816: 	 Sending the request to the server
DEBUG 2019-05-23 23:07:01,816: 	 Submitting {'maxjobruntime': 1250, 'extrajdl': [], 'ignorelocality': 0, 'savelogsflag': 0, 'useparent': 0, 'asyncdest': 'T2_CH_CERN', 'algoargs': 50000, 'cachefilename': 'e473810d2a9f8c71b008f81ad2448d1757f03ebe1ae8e58ed932154c86d28af9.tar.gz', 'numcores': 1, 'addoutputfiles': [], 'generator': 'pythia', 'maxmemory': 2000, 'publishdbsurl': 'https://cmsweb.cern.ch/dbs/prod/phys03/DBSWriter', 'priority': 10, 'jobsw': 'CMSSW_10_2_3', 'edmoutfiles': [], 'userfiles': [], 'primarydataset': '', 'inputdata': '/DYJetsToLL_M-50_TuneCP5_13TeV-amcatnloFXFX-pythia8/RunIIAutumn18MiniAOD-102X_upgrade2018_realistic_v15-v1/MINIAODSIM', 'lfn': '/store/user/dsperka/Zdark/May23_2018/', 'dryrun': 0, 'workflow': 'crab_20190523_230656', 'cacheurl': u'https://cmsweb.cern.ch/crabcache', 'nonprodsw': 1, 'tfileoutfiles': ['tree.root'], 'oneEventMode': 0, 'debugfilename': '1bcfb0400db81ac307a7bc4db293bd28b2d35dd18867da3427f6c787d0cc7c0e.tar.gz', 'saveoutput': 1, 'publication': 1, 'jobarch': 'slc7_amd64_gcc700', 'totalunits': 0, 'splitalgo': 'EventAwareLumiBased', 'ignoreglobalblacklist': 0, 'nonvaliddata': 0, 'dbsurl': 'https://cmsweb.cern.ch/dbs/prod/global/DBSReader', 'publishgroupname': 0, 'jobtype': 'Analysis', 'publishname2': ''} 
DEBUG 2019-05-23 23:07:01,816: 	 Encoded submit request: maxjobruntime=1250&ignorelocality=0&savelogsflag=0&useparent=0&asyncdest=T2_CH_CERN&algoargs=50000&cachefilename=e473810d2a9f8c71b008f81ad2448d1757f03ebe1ae8e58ed932154c86d28af9.tar.gz&numcores=1&generator=pythia&maxmemory=2000&publishdbsurl=https%3A%2F%2Fcmsweb.cern.ch%2Fdbs%2Fprod%2Fphys03%2FDBSWriter&priority=10&jobsw=CMSSW_10_2_3&primarydataset=&inputdata=%2FDYJetsToLL_M-50_TuneCP5_13TeV-amcatnloFXFX-pythia8%2FRunIIAutumn18MiniAOD-102X_upgrade2018_realistic_v15-v1%2FMINIAODSIM&lfn=%2Fstore%2Fuser%2Fdsperka%2FZdark%2FMay23_2018%2F&dryrun=0&workflow=crab_20190523_230656&cacheurl=https%3A%2F%2Fcmsweb.cern.ch%2Fcrabcache&nonprodsw=1&oneEventMode=0&debugfilename=1bcfb0400db81ac307a7bc4db293bd28b2d35dd18867da3427f6c787d0cc7c0e.tar.gz&saveoutput=1&publication=1&jobarch=slc7_amd64_gcc700&totalunits=0&splitalgo=EventAwareLumiBased&ignoreglobalblacklist=0&nonvaliddata=0&dbsurl=https%3A%2F%2Fcmsweb.cern.ch%2Fdbs%2Fprod%2Fglobal%2FDBSReader&publishgroupname=0&jobtype=Analysis&publishname2=&tfileoutfiles=tree.root
DEBUG 2019-05-23 23:07:01,899: 	 Result: {u'result': [{u'RequestName': u'190523_210701:dsperka_crab_20190523_230656'}]}
INFO 2019-05-23 23:07:01,901: 	 Success: Your task has been delivered to the CRAB3 server.
INFO 2019-05-23 23:07:01,901: 	 Task name: 190523_210701:dsperka_crab_20190523_230656
INFO 2019-05-23 23:07:01,902: 	 Project dir: ./crab_20190523_230656
INFO 2019-05-23 23:07:01,902: 	 Please use 'crab status -d ./crab_20190523_230656' to check how the submission process proceeds.
DEBUG 2019-05-23 23:07:01,902: 	 About to return
INFO 2019-05-23 23:07:01,905: 	 Log file is /afs/cern.ch/work/d/dsperka/Zdark/CMSSW_10_2_3/src/DileptonAnalysis/AnalysisStep/crab/DYJetsToLL_M-50_TuneCP5_13TeV-amcatnloFXFX-pythia8/crab_20190523_230656/crab.log
DEBUG 2019-05-27 16:11:27,139: 	 Executing command: 'status'
DEBUG 2019-05-27 16:11:27,139: 	 Found CRAB cache file /afs/cern.ch/user/d/dsperka/.crab3
DEBUG 2019-05-27 16:11:27,182: 	 Checking credentials
DEBUG 2019-05-27 16:11:27,182: 	 Found proxy file /tmp/x509up_u51940
DEBUG 2019-05-27 16:11:27,182: 	 Getting proxy life time left
DEBUG 2019-05-27 16:11:27,888: 	 Executing : 
 command : voms-proxy-info -file /tmp/x509up_u51940 -timeleft
 output : 690950

 error: 
 retcode : 0
DEBUG 2019-05-27 16:11:28,594: 	 Executing : 
 command : voms-proxy-info -file /tmp/x509up_u51940 -actimeleft
 output : 690949

 error: 
 retcode : 0
DEBUG 2019-05-27 16:11:28,595: 	 Proxy lifetime 690950 secs is different from voms extension lifetime 690949 secs for proxy: /tmp/x509up_u51940
DEBUG 2019-05-27 16:11:28,595: 	 Proxy valid for 191:55:49 hours
DEBUG 2019-05-27 16:11:28,711: 	 Executing : 
 command : openssl x509 -in ~/.globus/usercert.pem -subject -noout
 output : subject= /DC=ch/DC=cern/OU=Organic Units/OU=Users/CN=dsperka/CN=698850/CN=David Sperka

 error: 
 retcode : 0
DEBUG 2019-05-27 16:11:28,712: 	 Checking credentials
DEBUG 2019-05-27 16:11:28,712: 	 Found proxy file /tmp/x509up_u51940
DEBUG 2019-05-27 16:11:28,712: 	 Getting proxy life time left
DEBUG 2019-05-27 16:11:29,426: 	 Executing : 
 command : voms-proxy-info -file /tmp/x509up_u51940 -timeleft
 output : 690948

 error: 
 retcode : 0
DEBUG 2019-05-27 16:11:30,134: 	 Executing : 
 command : voms-proxy-info -file /tmp/x509up_u51940 -actimeleft
 output : 690947

 error: 
 retcode : 0
DEBUG 2019-05-27 16:11:30,134: 	 Proxy lifetime 690948 secs is different from voms extension lifetime 690947 secs for proxy: /tmp/x509up_u51940
DEBUG 2019-05-27 16:11:30,134: 	 Proxy valid for 191:55:47 hours
DEBUG 2019-05-27 16:11:30,251: 	 Registering user credentials for server /DC=ch/DC=cern/OU=computers/CN=vocms(052|058|030|0118|0105|0109).cern.ch|/DC=ch/DC=cern/OU=computers/CN=crab-(preprod|prod)-tw(02|01).cern.ch
DEBUG 2019-05-27 16:11:30,362: 	 Executing : 
 command : openssl x509 -in ~/.globus/usercert.pem -subject -noout
 output : subject= /DC=ch/DC=cern/OU=Organic Units/OU=Users/CN=dsperka/CN=698850/CN=David Sperka

 error: 
 retcode : 0
DEBUG 2019-05-27 16:11:30,363: 	 Getting myproxy life time left for myproxy.cern.ch
DEBUG 2019-05-27 16:11:30,363: 	 Calculating hash of /DC=ch/DC=cern/OU=Organic Units/OU=Users/CN=dsperka/CN=698850/CN=David Sperka_cmsweb.cern.ch for credential name
DEBUG 2019-05-27 16:11:30,782: 	 Executing : 
 command : myproxy-info -l a90adb9d478984ec2f7b39b4708f88008ef762ef -s myproxy.cern.ch
 output : username: a90adb9d478984ec2f7b39b4708f88008ef762ef
owner: /DC=ch/DC=cern/OU=Organic Units/OU=Users/CN=dsperka/CN=698850/CN=David Sperka
  renewal policy: /DC=ch/DC=cern/OU=computers/CN=vocms(052|058|030|0118|0105|0109).cern.ch|/DC=ch/DC=cern/OU=computers/CN=crab-(preprod|prod)-tw(02|01).cern.ch
  trusted retrieval policy: /DC=ch/DC=cern/OU=computers/CN=vocms(052|058|030|0118|0105|0109).cern.ch|/DC=ch/DC=cern/OU=computers/CN=crab-(preprod|prod)-tw(02|01).cern.ch
  timeleft: 719:46:55  (30.0 days)

 error: 
 retcode : 0
DEBUG 2019-05-27 16:11:30,783: 	 Myproxy is valid: 2591215
DEBUG 2019-05-27 16:11:30,783: 	 Command use: status
DEBUG 2019-05-27 16:11:30,784: 	 Options use: ['-d', 'crab_20190523_230656/']
DEBUG 2019-05-27 16:11:30,859: 	 CRABClient version: 3.3.1904
DEBUG 2019-05-27 16:11:30,859: 	 Instance is prod
DEBUG 2019-05-27 16:11:30,859: 	 Server base url is cmsweb.cern.ch
DEBUG 2019-05-27 16:11:30,859: 	 Command url /crabserver/prod/workflow
DEBUG 2019-05-27 16:11:30,941: 	 Got information from server oracle database: {u'result': [u'190523_210701:dsperka_crab_20190523_230656', u'None', u'None', u'SUBMITTED', u'SUBMIT', u'2019-05-23 21:07:01.890575', u'None', u'2019-05-23 21:08:26.812354', u'None', u'CMSSW_10_2_3', u'slc7_amd64_gcc700', u'/DYJetsToLL_M-50_TuneCP5_13TeV-amcatnloFXFX-pythia8/RunIIAutumn18MiniAOD-102X_upgrade2018_realistic_v15-v1/MINIAODSIM', u'F', u'0', u'[]', u'[]', u'EventAwareLumiBased', u"{'splitOnRun': False, 'events_per_job': 50000, 'halt_job_on_file_boundaries': False, 'runs': [], 'lumis': []}", u'e473810d2a9f8c71b008f81ad2448d1757f03ebe1ae8e58ed932154c86d28af9.tar.gz', u'https://cmsweb.cern.ch/crabcache', u'dsperka', u'/DC=ch/DC=cern/OU=Organic Units/OU=Users/CN=dsperka/CN=698850/CN=David Sperka', u'cms', u'None', u'None', u'crab_20190523_230656-00000000000000000000000000000000', u'F', u'T2_CH_CERN', u'https://cmsweb.cern.ch/dbs/prod/global/DBSReader', u'https://cmsweb.cern.ch/dbs/prod/phys03/DBSWriter', u'T', u'[]', u"['tree.root']", u'[]', u'Analysis', u'pythia', u'None', u'{}', u'[]', u'F', u'crab-prod-tw01', u'[]', u'1250', u'1', u'2000', u'10', u'None', u'[]', u'http://vocms0107.cern.ch/mon/cms1605/190523_210701:dsperka_crab_20190523_230656', u'None', u'[]', u'[]', u'https://cmsweb.cern.ch/crabserver/prod', u'cmsgwms-collector-global.cern.ch:9620,cmssrv221.fnal.gov:9620', u'crab3@vocms0107.cern.ch', u'F', u'[]', u'T', u'/store/user/dsperka/Zdark/May23_2018/', u'F', u'None', u'F', u'None', u'DYJetsToLL_M-50_TuneCP5_13TeV-amcatnloFXFX-pythia8', u'None', u'1bcfb0400db81ac307a7bc4db293bd28b2d35dd18867da3427f6c787d0cc7c0e.tar.gz', u'39695596', u'filetransfers', u'F', u'2001:1458:d00:2e::100:49', u'0.0', u'None'], u'desc': {u'columns': [u'tm_taskname', u'tm_activity', u'panda_jobset_id', u'tm_task_status', u'tm_task_command', u'tm_start_time', u'tm_start_injection', u'tm_end_injection', u'tm_task_failure', u'tm_job_sw', u'tm_job_arch', u'tm_input_dataset', u'tm_nonvalid_input_dataset', u'tm_use_parent', u'tm_site_whitelist', u'tm_site_blacklist', u'tm_split_algo', u'tm_split_args', u'tm_user_sandbox', u'tm_cache_url', u'tm_username', u'tm_user_dn', u'tm_user_vo', u'tm_user_role', u'tm_user_group', u'tm_publish_name', u'tm_publish_groupname', u'tm_asyncdest', u'tm_dbs_url', u'tm_publish_dbs_url', u'tm_publication', u'tm_outfiles', u'tm_tfile_outfiles', u'tm_edm_outfiles', u'tm_job_type', u'tm_generator', u'tm_events_per_lumi', u'tm_arguments', u'panda_resubmitted_jobs', u'tm_save_logs', u'tw_name', u'tm_user_infiles', u'tm_maxjobruntime', u'tm_numcores', u'tm_maxmemory', u'tm_priority', u'tm_output_dataset', u'tm_task_warnings', u'tm_user_webdir', u'tm_scriptexe', u'tm_scriptargs', u'tm_extrajdl', u'tm_asourl', u'tm_collector', u'tm_schedd', u'tm_dry_run', u'tm_user_files', u'tm_transfer_outputs', u'tm_output_lfn', u'tm_ignore_locality', u'tm_fail_limit', u'tm_one_event_mode', u'tm_secondary_input_dataset', u'tm_primary_dataset', u'tm_last_publication', u'tm_debug_files', u'clusterid', u'tm_asodb', u'tm_ignore_global_blacklist', u'tm_submitter_ip_addr', u'tm_totalunits', u'tm_ddm_reqid']}}
INFO 2019-05-27 16:11:30,942: 	 CRAB project directory:		/afs/cern.ch/work/d/dsperka/Zdark/CMSSW_10_2_3/src/DileptonAnalysis/AnalysisStep/crab/DYJetsToLL_M-50_TuneCP5_13TeV-amcatnloFXFX-pythia8/crab_20190523_230656
INFO 2019-05-27 16:11:30,942: 	 Task name:			190523_210701:dsperka_crab_20190523_230656
INFO 2019-05-27 16:11:30,942: 	 Grid scheduler - Task Worker:	crab3@vocms0107.cern.ch - crab-prod-tw01
INFO 2019-05-27 16:11:30,942: 	 Status on the CRAB server:	SUBMITTED
INFO 2019-05-27 16:11:30,942: 	 Task URL to use for HELP:	https://cmsweb.cern.ch/crabserver/ui/task/190523_210701%3Adsperka_crab_20190523_230656
INFO 2019-05-27 16:11:30,942: 	 Dashboard monitoring URL:	http://dashb-cms-job.cern.ch/dashboard/templates/task-analysis/#user=dsperka&refresh=0&table=Jobs&p=1&records=25&activemenu=2&status=&site=&tid=190523_210701%3Adsperka_crab_20190523_230656
INFO 2019-05-27 16:11:30,942: 	 New dashboard monitoring URL:	https://monit-grafana.cern.ch/d/cmsTMDetail/cms-task-monitoring-task-view?orgId=11&var-user=dsperka&var-task=190523_210701%3Adsperka_crab_20190523_230656
INFO 2019-05-27 16:11:30,942: 	 In case of issues with the new dashboard, please provide feedback to hn-cms-computing-tools@cern.ch
DEBUG 2019-05-27 16:11:30,942: 	 The CRAB server submitted your task to the Grid scheduler (cluster ID: 39695596)
DEBUG 2019-05-27 16:11:30,942: 	 Webdir is located at http://vocms0107.cern.ch/mon/cms1605/190523_210701:dsperka_crab_20190523_230656
DEBUG 2019-05-27 16:11:31,037: 	 Proxied webdir is located at https://cmsweb.cern.ch/scheddmon/0107/cms1605/190523_210701:dsperka_crab_20190523_230656
DEBUG 2019-05-27 16:11:31,037: 	 Retrieving 'status_cache' file from https://cmsweb.cern.ch/scheddmon/0107/cms1605/190523_210701:dsperka_crab_20190523_230656/status_cache
DEBUG 2019-05-27 16:11:31,950: 	 Got information from status cache file: {'11': {'Retries': 0, 'WallDurations': [8.0, 452.0], 'StartTimes': [1558648711.0], 'SubmitTimes': [1558645721.0], 'JobIds': ['39695665.0'], 'EndTimes': [1558649163.0], 'Restarts': 0, 'RecordedSite': True, 'State': 'finished', 'ResidentSetSize': [837372], 'TotalUserCpuTimeHistory': [404], 'SiteHistory': ['Unknown', 'T2_DE_DESY'], 'TotalSysCpuTimeHistory': [15]}, '10': {'Retries': 0, 'WallDurations': [9.0, 795.0], 'StartTimes': [1558648248.0], 'SubmitTimes': [1558645720.0], 'JobIds': ['39695660.0'], 'EndTimes': [1558649043.0], 'Restarts': 0, 'RecordedSite': True, 'State': 'finished', 'ResidentSetSize': [952916], 'TotalUserCpuTimeHistory': [564], 'SiteHistory': ['Unknown', 'T2_US_Caltech'], 'TotalSysCpuTimeHistory': [18]}, '13': {'Retries': 0, 'WallDurations': [8.0, 796.0], 'StartTimes': [1558647436.0], 'SubmitTimes': [1558645720.0], 'JobIds': ['39695656.0'], 'EndTimes': [1558648232.0], 'Restarts': 0, 'RecordedSite': True, 'State': 'finished', 'ResidentSetSize': [843672], 'TotalUserCpuTimeHistory': [530], 'SiteHistory': ['Unknown', 'T2_US_Caltech'], 'TotalSysCpuTimeHistory': [17]}, '12': {'Retries': 0, 'WallDurations': [9.0, 544.0], 'StartTimes': [1558648709.0], 'SubmitTimes': [1558645721.0], 'JobIds': ['39695664.0'], 'EndTimes': [1558649253.0], 'Restarts': 0, 'RecordedSite': True, 'State': 'finished', 'ResidentSetSize': [921472], 'TotalUserCpuTimeHistory': [493], 'SiteHistory': ['Unknown', 'T2_DE_DESY'], 'TotalSysCpuTimeHistory': [19]}, '20': {'Retries': 0, 'WallDurations': [8.0, 741.0], 'StartTimes': [1558647418.0], 'SubmitTimes': [1558645720.0], 'JobIds': ['39695655.0'], 'EndTimes': [1558648159.0], 'Restarts': 0, 'RecordedSite': True, 'State': 'finished', 'ResidentSetSize': [901804], 'TotalUserCpuTimeHistory': [451], 'SiteHistory': ['Unknown', 'T2_US_Caltech'], 'TotalSysCpuTimeHistory': [17]}, '14': {'Retries': 0, 'WallDurations': [9.0, 665.0], 'StartTimes': [1558647444.0], 'SubmitTimes': [1558645720.0], 'JobIds': ['39695657.0'], 'EndTimes': [1558648109.0], 'Restarts': 0, 'RecordedSite': True, 'State': 'finished', 'ResidentSetSize': [886020], 'TotalUserCpuTimeHistory': [518], 'SiteHistory': ['Unknown', 'T2_US_Caltech'], 'TotalSysCpuTimeHistory': [17]}, '17': {'Retries': 0, 'WallDurations': [8.0, 468.0], 'StartTimes': [1558648706.0], 'SubmitTimes': [1558645720.0], 'JobIds': ['39695661.0'], 'EndTimes': [1558649174.0], 'Restarts': 0, 'RecordedSite': True, 'State': 'finished', 'ResidentSetSize': [918540], 'TotalUserCpuTimeHistory': [403], 'SiteHistory': ['Unknown', 'T2_DE_DESY'], 'TotalSysCpuTimeHistory': [16]}, '16': {'Retries': 0, 'WallDurations': [9.0, 454.0], 'StartTimes': [1558648707.0], 'SubmitTimes': [1558645721.0], 'JobIds': ['39695662.0'], 'EndTimes': [1558649161.0], 'Restarts': 0, 'RecordedSite': True, 'State': 'finished', 'ResidentSetSize': [840468], 'TotalUserCpuTimeHistory': [373], 'SiteHistory': ['Unknown', 'T2_DE_DESY'], 'TotalSysCpuTimeHistory': [15]}, '19': {'Retries': 0, 'WallDurations': [8.0, 635.0], 'StartTimes': [1558648178.0], 'SubmitTimes': [1558645720.0], 'JobIds': ['39695659.0'], 'EndTimes': [1558648813.0], 'Restarts': 0, 'RecordedSite': True, 'State': 'finished', 'ResidentSetSize': [784724], 'TotalUserCpuTimeHistory': [513], 'SiteHistory': ['Unknown', 'T2_US_Caltech'], 'TotalSysCpuTimeHistory': [16]}, '18': {'Retries': 0, 'WallDurations': [8.0, 646.0], 'StartTimes': [1558648124.0], 'SubmitTimes': [1558645720.0], 'JobIds': ['39695658.0'], 'EndTimes': [1558648770.0], 'Restarts': 0, 'RecordedSite': True, 'State': 'finished', 'ResidentSetSize': [862068], 'TotalUserCpuTimeHistory': [515], 'SiteHistory': ['Unknown', 'T2_US_Caltech'], 'TotalSysCpuTimeHistory': [17]}, '1': {'Retries': 0, 'WallDurations': [9.0, 566.0], 'StartTimes': [1558648787.0], 'SubmitTimes': [1558645719.0], 'JobIds': ['39695647.0'], 'EndTimes': [1558649353.0], 'Restarts': 0, 'RecordedSite': True, 'State': 'finished', 'ResidentSetSize': [770264], 'TotalUserCpuTimeHistory': [476], 'SiteHistory': ['Unknown', 'T2_US_Caltech'], 'TotalSysCpuTimeHistory': [15]}, '3': {'Retries': 0, 'WallDurations': [9.0, 590.0], 'StartTimes': [1558649562.0], 'SubmitTimes': [1558645719.0], 'JobIds': ['39695654.0'], 'EndTimes': [1558650152.0], 'Restarts': 0, 'RecordedSite': True, 'State': 'finished', 'ResidentSetSize': [773556], 'TotalUserCpuTimeHistory': [469], 'SiteHistory': ['Unknown', 'T2_US_Caltech'], 'TotalSysCpuTimeHistory': [14]}, '2': {'Retries': 0, 'WallDurations': [10.0, 720.0], 'StartTimes': [1558648831.0], 'SubmitTimes': [1558645719.0], 'JobIds': ['39695648.0'], 'EndTimes': [1558649551.0], 'Restarts': 0, 'RecordedSite': True, 'State': 'finished', 'ResidentSetSize': [828452], 'TotalUserCpuTimeHistory': [558], 'SiteHistory': ['Unknown', 'T2_US_Caltech'], 'TotalSysCpuTimeHistory': [17]}, '5': {'Retries': 0, 'WallDurations': [8.0, 706.0], 'StartTimes': [1558649379.0], 'SubmitTimes': [1558645719.0], 'JobIds': ['39695650.0'], 'EndTimes': [1558650085.0], 'Restarts': 0, 'RecordedSite': True, 'State': 'finished', 'ResidentSetSize': [854756], 'TotalUserCpuTimeHistory': [535], 'SiteHistory': ['Unknown', 'T2_US_Caltech'], 'TotalSysCpuTimeHistory': [16]}, '4': {'Retries': 0, 'WallDurations': [8.0, 736.0], 'StartTimes': [1558649061.0], 'SubmitTimes': [1558645719.0], 'JobIds': ['39695649.0'], 'EndTimes': [1558649797.0], 'Restarts': 0, 'RecordedSite': True, 'State': 'finished', 'ResidentSetSize': [937304], 'TotalUserCpuTimeHistory': [531], 'SiteHistory': ['Unknown', 'T2_US_Caltech'], 'TotalSysCpuTimeHistory': [18]}, '7': {'Retries': 0, 'WallDurations': [9.0, 847.0], 'StartTimes': [1558646575.0], 'SubmitTimes': [1558645719.0], 'JobIds': ['39695652.0'], 'EndTimes': [1558647422.0], 'Restarts': 0, 'RecordedSite': True, 'State': 'finished', 'ResidentSetSize': [923816], 'TotalUserCpuTimeHistory': [512], 'SiteHistory': ['Unknown', 'T2_US_Caltech'], 'TotalSysCpuTimeHistory': [16]}, '6': {'Retries': 0, 'WallDurations': [8.0, 854.0], 'StartTimes': [1558646576.0], 'SubmitTimes': [1558645719.0], 'JobIds': ['39695653.0'], 'EndTimes': [1558647430.0], 'Restarts': 0, 'RecordedSite': True, 'State': 'finished', 'ResidentSetSize': [928484], 'TotalUserCpuTimeHistory': [497], 'SiteHistory': ['Unknown', 'T2_US_Caltech'], 'TotalSysCpuTimeHistory': [16]}, '9': {'Retries': 0, 'WallDurations': [8.0, 835.0], 'StartTimes': [1558646568.0], 'SubmitTimes': [1558645719.0], 'JobIds': ['39695651.0'], 'EndTimes': [1558647403.0], 'Restarts': 0, 'RecordedSite': True, 'State': 'finished', 'ResidentSetSize': [889368], 'TotalUserCpuTimeHistory': [482], 'SiteHistory': ['Unknown', 'T2_US_Caltech'], 'TotalSysCpuTimeHistory': [16]}, '15': {'Retries': 0, 'WallDurations': [9.0, 615.0], 'StartTimes': [1558648710.0], 'SubmitTimes': [1558645721.0], 'JobIds': ['39695666.0'], 'EndTimes': [1558649325.0], 'Restarts': 0, 'RecordedSite': True, 'State': 'finished', 'ResidentSetSize': [851772], 'TotalUserCpuTimeHistory': [483], 'SiteHistory': ['Unknown', 'T2_DE_DESY'], 'TotalSysCpuTimeHistory': [25]}, '8': {'Retries': 0, 'WallDurations': [9.0, 500.0], 'StartTimes': [1558648707.0], 'SubmitTimes': [1558645721.0], 'JobIds': ['39695663.0'], 'EndTimes': [1558649207.0], 'Restarts': 0, 'RecordedSite': True, 'State': 'finished', 'ResidentSetSize': [833528], 'TotalUserCpuTimeHistory': [422], 'SiteHistory': ['Unknown', 'T2_DE_DESY'], 'TotalSysCpuTimeHistory': [17]}}
INFO 2019-05-27 16:11:31,951: 	 Status on the scheduler:	COMPLETED
INFO 2019-05-27 16:11:31,951: 	 
Jobs status:                    finished     		100.0% (20/20)
INFO 2019-05-27 16:11:32,022: 	 
No publication information available yet
INFO 2019-05-27 16:11:32,022: 	 
Warning: the max jobs runtime is less than 30% of the task requested value (1250 min), please consider to request a lower value for failed jobs (allowed through crab resubmit) and/or improve the jobs splitting (e.g. config.Data.splitting = 'Automatic') in a new task.
INFO 2019-05-27 16:11:32,023: 	 
Summary of run jobs:
 * Memory: 880MB min, 930MB max, 847MB ave
 * Runtime: 0:07:32 min, 0:14:14 max, 0:10:58 ave
 * CPU eff: 60% min, 94% max, 76% ave
 * Waste: 0:02:51 (1% of total)

INFO 2019-05-27 16:11:32,056: 	 Log file is /afs/cern.ch/work/d/dsperka/Zdark/CMSSW_10_2_3/src/DileptonAnalysis/AnalysisStep/crab/DYJetsToLL_M-50_TuneCP5_13TeV-amcatnloFXFX-pythia8/crab_20190523_230656/crab.log
