DEBUG 2020-02-04 04:45:12.306 UTC: 	 Running on: Linux lxplus778.cern.ch 3.10.0-1062.9.1.el7.x86_64 #1 SMP Fri Dec 6 15:49:49 UTC 2019 x86_64 x86_64 x86_64 GNU/Linux - CentOS Linux 7 (Core)
DEBUG 2020-02-04 04:45:12.323 UTC: 	 OpenSSl version: OpenSSL 1.0.2k-fips  26 Jan 2017 (Library: OpenSSL 1.0.2d-fips 9 Jul 2015)
DEBUG 2020-02-04 04:45:12.324 UTC: 	 Executing command: 'submit'
DEBUG 2020-02-04 04:45:12.324 UTC: 	 Found CRAB cache file /afs/cern.ch/user/c/ccosby/.crab3
DEBUG 2020-02-04 04:45:12.333 UTC: 	 Checking credentials
DEBUG 2020-02-04 04:45:12.334 UTC: 	 Found proxy file /tmp/x509up_u119364
DEBUG 2020-02-04 04:45:12.334 UTC: 	 Getting proxy life time left
DEBUG 2020-02-04 04:45:13.039 UTC: 	 Executing : 
 command : voms-proxy-info -file /tmp/x509up_u119364 -timeleft
 output : 41621

 error: 
 retcode : 0
DEBUG 2020-02-04 04:45:13.745 UTC: 	 Executing : 
 command : voms-proxy-info -file /tmp/x509up_u119364 -actimeleft
 output : 41620

 error: 
 retcode : 0
DEBUG 2020-02-04 04:45:13.745 UTC: 	 Proxy lifetime 41621 secs is different from voms extension lifetime 41620 secs for proxy: /tmp/x509up_u119364
DEBUG 2020-02-04 04:45:13.745 UTC: 	 Proxy valid for 11:33:40 hours
INFO 2020-02-04 04:45:13.745 UTC: 	 Will use CRAB configuration file crabConfig.py
DEBUG 2020-02-04 04:45:13.746 UTC: 	 Loading CRAB configuration file.
DEBUG 2020-02-04 04:45:13.787 UTC: 	 Will use CRAB Analysis plugin (i.e. will run an analysis job type).
DEBUG 2020-02-04 04:45:13.908 UTC: 	 Executing : 
 command : openssl x509 -in ~/.globus/usercert.pem -subject -noout
 output : subject= /DC=ch/DC=cern/OU=Organic Units/OU=Users/CN=ccosby/CN=834196/CN=Christopher Steven Cosby

 error: 
 retcode : 0
DEBUG 2020-02-04 04:45:13.909 UTC: 	 Checking credentials
DEBUG 2020-02-04 04:45:13.909 UTC: 	 Found proxy file /tmp/x509up_u119364
DEBUG 2020-02-04 04:45:13.909 UTC: 	 Getting proxy life time left
DEBUG 2020-02-04 04:45:14.514 UTC: 	 Executing : 
 command : voms-proxy-info -file /tmp/x509up_u119364 -timeleft
 output : 41619

 error: 
 retcode : 0
DEBUG 2020-02-04 04:45:15.119 UTC: 	 Executing : 
 command : voms-proxy-info -file /tmp/x509up_u119364 -actimeleft
 output : 41618

 error: 
 retcode : 0
DEBUG 2020-02-04 04:45:15.120 UTC: 	 Proxy lifetime 41619 secs is different from voms extension lifetime 41618 secs for proxy: /tmp/x509up_u119364
DEBUG 2020-02-04 04:45:15.120 UTC: 	 Proxy valid for 11:33:38 hours
DEBUG 2020-02-04 04:45:15.725 UTC: 	 Executing : 
 command : env X509_USER_PROXY=/tmp/x509up_u119364 voms-proxy-info -fqan
 output : /cms/Role=NULL/Capability=NULL

 error: 
 retcode : 0
DEBUG 2020-02-04 04:45:15.829 UTC: 	 Registering user credentials for server /DC=ch/DC=cern/OU=computers/CN=vocms(052|058|030|0118|0105|0109).cern.ch|/DC=ch/DC=cern/OU=computers/CN=crab-(preprod|prod)-tw(02|01).cern.ch
DEBUG 2020-02-04 04:45:15.940 UTC: 	 Executing : 
 command : openssl x509 -in ~/.globus/usercert.pem -subject -noout
 output : subject= /DC=ch/DC=cern/OU=Organic Units/OU=Users/CN=ccosby/CN=834196/CN=Christopher Steven Cosby

 error: 
 retcode : 0
DEBUG 2020-02-04 04:45:15.940 UTC: 	 Getting myproxy life time left for myproxy.cern.ch
DEBUG 2020-02-04 04:45:15.940 UTC: 	 Calculating hash of /DC=ch/DC=cern/OU=Organic Units/OU=Users/CN=ccosby/CN=834196/CN=Christopher Steven Cosby_cmsweb.cern.ch for credential name
DEBUG 2020-02-04 04:45:16.145 UTC: 	 Executing : 
 command : myproxy-info -l 26967ec133c94bf7c0631336874999a7497a622e -s myproxy.cern.ch
 output : username: 26967ec133c94bf7c0631336874999a7497a622e
owner: /DC=ch/DC=cern/OU=Organic Units/OU=Users/CN=ccosby/CN=834196/CN=Christopher Steven Cosby
  renewal policy: /DC=ch/DC=cern/OU=computers/CN=vocms(052|058|030|0118|0105|0109).cern.ch|/DC=ch/DC=cern/OU=computers/CN=crab-(preprod|prod)-tw(02|01).cern.ch
  trusted retrieval policy: /DC=ch/DC=cern/OU=computers/CN=vocms(052|058|030|0118|0105|0109).cern.ch|/DC=ch/DC=cern/OU=computers/CN=crab-(preprod|prod)-tw(02|01).cern.ch
  timeleft: 639:43:15  (26.7 days)

 error: 
 retcode : 0
DEBUG 2020-02-04 04:45:16.146 UTC: 	 Myproxy is valid: 2302995
DEBUG 2020-02-04 04:45:16.146 UTC: 	 Command use: submit
DEBUG 2020-02-04 04:45:16.146 UTC: 	 Options use: ['crabConfig.py']
DEBUG 2020-02-04 04:45:16.241 UTC: 	 CRABClient version: 3.3.2001
DEBUG 2020-02-04 04:45:16.241 UTC: 	 Instance is prod
DEBUG 2020-02-04 04:45:16.241 UTC: 	 Server base url is cmsweb.cern.ch
DEBUG 2020-02-04 04:45:16.241 UTC: 	 Command url /crabserver/prod/workflow
DEBUG 2020-02-04 04:45:16.241 UTC: 	 Started submission
DEBUG 2020-02-04 04:45:16.241 UTC: 	 Working on /afs/cern.ch/user/c/ccosby/lowMassZPrime/triggerStudy/CMSSW_10_2_3/src/DileptonAnalysis/AnalysisStep/crab/DYJetsToLL_M-50_TuneCP5_13TeV-amcatnloFXFX-pythia8/crab_20200204_054513
DEBUG 2020-02-04 04:45:16.354 UTC: 	 Loading required information from the environment
DEBUG 2020-02-04 04:45:16.354 UTC: 	 Found CMSSW_10_2_3 for slc7_amd64_gcc700 with base /afs/cern.ch/user/c/ccosby/lowMassZPrime/triggerStudy/CMSSW_10_2_3
DEBUG 2020-02-04 04:45:16.354 UTC: 	 Loading required information from the environment
DEBUG 2020-02-04 04:45:16.354 UTC: 	 Found CMSSW_10_2_3 for slc7_amd64_gcc700 with base /afs/cern.ch/user/c/ccosby/lowMassZPrime/triggerStudy/CMSSW_10_2_3
DEBUG 2020-02-04 04:45:16.375 UTC: 	 UNIQUE NAME: tarUUID d7ba600e-bc60-40d5-bc72-17b3cf7fc82b 
DEBUG 2020-02-04 04:45:16.376 UTC: 	 self.config: from WMCore.Configuration import Configuration
config = Configuration()
config.section_('General')
config.section_('JobType')
config.JobType.psetName = '../../test/tree_cfg.py'
config.JobType.pluginName = 'Analysis'
config.JobType.pyCfgParams = ['isMC=True', 'useWeights=True', 'xsec=1.0']
config.JobType.allowUndistributedCMSSW = True
config.section_('Data')
config.Data.inputDataset = '/DYJetsToLL_M-50_TuneCP5_13TeV-amcatnloFXFX-pythia8/RunIIAutumn18MiniAOD-102X_upgrade2018_realistic_v15-v1/MINIAODSIM'
config.Data.unitsPerJob = 50000
config.Data.splitting = 'EventAwareLumiBased'
config.Data.outLFNDirBase = '/store/user/ccosby/Zdark013120/'
config.section_('Site')
config.Site.storageSite = 'T2_CH_CERNBOX'
config.section_('User')
config.section_('Debug')

DEBUG 2020-02-04 04:45:16.376 UTC: 	 self.config.JobType.psetName: ../../test/tree_cfg.py
INFO 2020-02-04 04:45:16.378 UTC: 	 Importing CMSSW configuration ../../test/tree_cfg.py
DEBUG 2020-02-04 04:45:16.378 UTC: 	 Additional parameters for the CMSSW configuration are: ['isMC=True', 'useWeights=True', 'xsec=1.0']
INFO 2020-02-04 04:45:16.888 UTC: 	 Finished importing CMSSW configuration ../../test/tree_cfg.py
DEBUG 2020-02-04 04:45:16.888 UTC: 	 Writing CMSSW configuration to /afs/cern.ch/user/c/ccosby/lowMassZPrime/triggerStudy/CMSSW_10_2_3/src/DileptonAnalysis/AnalysisStep/crab/DYJetsToLL_M-50_TuneCP5_13TeV-amcatnloFXFX-pythia8/crab_20200204_054513/inputs/PSet.py
DEBUG 2020-02-04 04:45:16.939 UTC: 	 The following EDM output files will be collected: []
DEBUG 2020-02-04 04:45:16.939 UTC: 	 The following TFile output files will be collected: ['tree.root']
DEBUG 2020-02-04 04:45:16.939 UTC: 	 The following user output files (not listed as PoolOuputModule or TFileService in the CMSSW PSet) will be collected: 
DEBUG 2020-02-04 04:45:16.939 UTC: 	 Loading required information from the environment
DEBUG 2020-02-04 04:45:16.939 UTC: 	 Found CMSSW_10_2_3 for slc7_amd64_gcc700 with base /afs/cern.ch/user/c/ccosby/lowMassZPrime/triggerStudy/CMSSW_10_2_3
DEBUG 2020-02-04 04:45:16.939 UTC: 	 Making tarball in /afs/cern.ch/user/c/ccosby/lowMassZPrime/triggerStudy/CMSSW_10_2_3/src/DileptonAnalysis/AnalysisStep/crab/DYJetsToLL_M-50_TuneCP5_13TeV-amcatnloFXFX-pythia8/crab_20200204_054513/inputs/d7ba600e-bc60-40d5-bc72-17b3cf7fc82bdefault.tgz
DEBUG 2020-02-04 04:45:16.940 UTC: 	 Checking directory /afs/cern.ch/user/c/ccosby/lowMassZPrime/triggerStudy/CMSSW_10_2_3/lib
DEBUG 2020-02-04 04:45:16.940 UTC: 	 Adding directory /afs/cern.ch/user/c/ccosby/lowMassZPrime/triggerStudy/CMSSW_10_2_3/lib to tarball
DEBUG 2020-02-04 04:45:16.956 UTC: 	 Checking directory /afs/cern.ch/user/c/ccosby/lowMassZPrime/triggerStudy/CMSSW_10_2_3/biglib
DEBUG 2020-02-04 04:45:16.956 UTC: 	 Adding directory /afs/cern.ch/user/c/ccosby/lowMassZPrime/triggerStudy/CMSSW_10_2_3/biglib to tarball
DEBUG 2020-02-04 04:45:16.958 UTC: 	 Checking directory /afs/cern.ch/user/c/ccosby/lowMassZPrime/triggerStudy/CMSSW_10_2_3/module
DEBUG 2020-02-04 04:45:17.035 UTC: 	 Adding data directory /afs/cern.ch/user/c/ccosby/lowMassZPrime/triggerStudy/CMSSW_10_2_3/src/DileptonAnalysis/AnalysisStep/data to tarball
DEBUG 2020-02-04 04:45:17.612 UTC: 	 Adding data directory /afs/cern.ch/user/c/ccosby/lowMassZPrime/triggerStudy/CMSSW_10_2_3/src/DileptonAnalysis/AnalysisStep/interface to tarball
DEBUG 2020-02-04 04:45:17.689 UTC: 	 Uploading archive /afs/cern.ch/user/c/ccosby/lowMassZPrime/triggerStudy/CMSSW_10_2_3/src/DileptonAnalysis/AnalysisStep/crab/DYJetsToLL_M-50_TuneCP5_13TeV-amcatnloFXFX-pythia8/crab_20200204_054513/inputs/d7ba600e-bc60-40d5-bc72-17b3cf7fc82bdefault.tgz (1.092773.1 MB) to the CRAB cache. Using URI https://cmsweb.cern.ch/crabcache
DEBUG 2020-02-04 04:45:19.026 UTC: 	 Loading required information from the environment
DEBUG 2020-02-04 04:45:19.026 UTC: 	 Found CMSSW_10_2_3 for slc7_amd64_gcc700 with base /afs/cern.ch/user/c/ccosby/lowMassZPrime/triggerStudy/CMSSW_10_2_3
DEBUG 2020-02-04 04:45:19.026 UTC: 	 Making tarball in /afs/cern.ch/user/c/ccosby/lowMassZPrime/triggerStudy/CMSSW_10_2_3/src/DileptonAnalysis/AnalysisStep/crab/DYJetsToLL_M-50_TuneCP5_13TeV-amcatnloFXFX-pythia8/crab_20200204_054513/inputs/debugFiles.tgz
DEBUG 2020-02-04 04:45:19.035 UTC: 	 Uploading archive /afs/cern.ch/user/c/ccosby/lowMassZPrime/triggerStudy/CMSSW_10_2_3/src/DileptonAnalysis/AnalysisStep/crab/DYJetsToLL_M-50_TuneCP5_13TeV-amcatnloFXFX-pythia8/crab_20200204_054513/inputs/debugFiles.tgz (4 KB) to the CRAB cache. Using URI https://cmsweb.cern.ch/crabcache
DEBUG 2020-02-04 04:45:19.118 UTC: 	 Result uploading input files: bc3da6499c5ba9da24b5233aec4ca185eaaa22a4d20f57b14df7c70ee1c3e6be.tar.gz 
WARNING 2020-02-04 04:45:19.119 UTC: 	 Warning: The following output files will not be published, as they are not EDM files: ['tree.root']
INFO 2020-02-04 04:45:19.119 UTC: 	 Sending the request to the server at cmsweb.cern.ch
DEBUG 2020-02-04 04:45:19.119 UTC: 	 Submitting {'maxjobruntime': 1250, 'extrajdl': [], 'ignorelocality': 0, 'savelogsflag': 0, 'useparent': 0, 'asyncdest': 'T2_CH_CERNBOX', 'algoargs': 50000, 'cachefilename': 'bc3da6499c5ba9da24b5233aec4ca185eaaa22a4d20f57b14df7c70ee1c3e6be.tar.gz', 'numcores': 1, 'addoutputfiles': [], 'generator': 'pythia', 'maxmemory': 2000, 'publishdbsurl': 'https://cmsweb.cern.ch/dbs/prod/phys03/DBSWriter', 'priority': 10, 'jobsw': 'CMSSW_10_2_3', 'edmoutfiles': [], 'userfiles': [], 'primarydataset': '', 'inputdata': '/DYJetsToLL_M-50_TuneCP5_13TeV-amcatnloFXFX-pythia8/RunIIAutumn18MiniAOD-102X_upgrade2018_realistic_v15-v1/MINIAODSIM', 'lfn': '/store/user/ccosby/Zdark013120/', 'dryrun': 0, 'workflow': 'crab_20200204_054513', 'cacheurl': u'https://cmsweb.cern.ch/crabcache', 'nonprodsw': 1, 'tfileoutfiles': ['tree.root'], 'oneEventMode': 0, 'debugfilename': '52feb46fa84c0555a1445053ba186b9a1a23cccd0b8705912d2b2c006899edc9.tar.gz', 'saveoutput': 1, 'publication': 1, 'jobarch': 'slc7_amd64_gcc700', 'totalunits': 0, 'splitalgo': 'EventAwareLumiBased', 'ignoreglobalblacklist': 0, 'nonvaliddata': 0, 'dbsurl': 'https://cmsweb.cern.ch/dbs/prod/global/DBSReader', 'publishgroupname': 0, 'jobtype': 'Analysis', 'publishname2': ''} 
DEBUG 2020-02-04 04:45:19.119 UTC: 	 Encoded submit request: maxjobruntime=1250&ignorelocality=0&savelogsflag=0&useparent=0&asyncdest=T2_CH_CERNBOX&algoargs=50000&cachefilename=bc3da6499c5ba9da24b5233aec4ca185eaaa22a4d20f57b14df7c70ee1c3e6be.tar.gz&numcores=1&generator=pythia&maxmemory=2000&publishdbsurl=https%3A%2F%2Fcmsweb.cern.ch%2Fdbs%2Fprod%2Fphys03%2FDBSWriter&priority=10&jobsw=CMSSW_10_2_3&primarydataset=&inputdata=%2FDYJetsToLL_M-50_TuneCP5_13TeV-amcatnloFXFX-pythia8%2FRunIIAutumn18MiniAOD-102X_upgrade2018_realistic_v15-v1%2FMINIAODSIM&lfn=%2Fstore%2Fuser%2Fccosby%2FZdark013120%2F&dryrun=0&workflow=crab_20200204_054513&cacheurl=https%3A%2F%2Fcmsweb.cern.ch%2Fcrabcache&nonprodsw=1&oneEventMode=0&debugfilename=52feb46fa84c0555a1445053ba186b9a1a23cccd0b8705912d2b2c006899edc9.tar.gz&saveoutput=1&publication=1&jobarch=slc7_amd64_gcc700&totalunits=0&splitalgo=EventAwareLumiBased&ignoreglobalblacklist=0&nonvaliddata=0&dbsurl=https%3A%2F%2Fcmsweb.cern.ch%2Fdbs%2Fprod%2Fglobal%2FDBSReader&publishgroupname=0&jobtype=Analysis&publishname2=&tfileoutfiles=tree.root
DEBUG 2020-02-04 04:45:19.202 UTC: 	 Result: {u'result': [{u'RequestName': u'200204_044519:ccosby_crab_20200204_054513'}]}
INFO 2020-02-04 04:45:19.206 UTC: 	 Success: Your task has been delivered to the prod CRAB3 server.
INFO 2020-02-04 04:45:19.206 UTC: 	 Task name: 200204_044519:ccosby_crab_20200204_054513
INFO 2020-02-04 04:45:19.206 UTC: 	 Project dir: ./crab_20200204_054513
INFO 2020-02-04 04:45:19.206 UTC: 	 Please use 'crab status -d ./crab_20200204_054513' to check how the submission process proceeds.
DEBUG 2020-02-04 04:45:19.206 UTC: 	 About to return
INFO 2020-02-04 04:45:19.209 UTC: 	 Log file is /afs/cern.ch/user/c/ccosby/lowMassZPrime/triggerStudy/CMSSW_10_2_3/src/DileptonAnalysis/AnalysisStep/crab/DYJetsToLL_M-50_TuneCP5_13TeV-amcatnloFXFX-pythia8/crab_20200204_054513/crab.log
DEBUG 2020-02-04 04:48:23.714 UTC: 	 Running on: Linux lxplus778.cern.ch 3.10.0-1062.9.1.el7.x86_64 #1 SMP Fri Dec 6 15:49:49 UTC 2019 x86_64 x86_64 x86_64 GNU/Linux - CentOS Linux 7 (Core)
DEBUG 2020-02-04 04:48:23.736 UTC: 	 OpenSSl version: OpenSSL 1.0.2k-fips  26 Jan 2017 (Library: OpenSSL 1.0.2d-fips 9 Jul 2015)
DEBUG 2020-02-04 04:48:23.737 UTC: 	 Executing command: 'status'
DEBUG 2020-02-04 04:48:23.739 UTC: 	 Found CRAB cache file /afs/cern.ch/user/c/ccosby/.crab3
DEBUG 2020-02-04 04:48:23.750 UTC: 	 Checking credentials
DEBUG 2020-02-04 04:48:23.750 UTC: 	 Found proxy file /tmp/x509up_u119364
DEBUG 2020-02-04 04:48:23.750 UTC: 	 Getting proxy life time left
DEBUG 2020-02-04 04:48:24.455 UTC: 	 Executing : 
 command : voms-proxy-info -file /tmp/x509up_u119364 -timeleft
 output : 41429

 error: 
 retcode : 0
DEBUG 2020-02-04 04:48:25.064 UTC: 	 Executing : 
 command : voms-proxy-info -file /tmp/x509up_u119364 -actimeleft
 output : 41428

 error: 
 retcode : 0
DEBUG 2020-02-04 04:48:25.064 UTC: 	 Proxy lifetime 41429 secs is different from voms extension lifetime 41428 secs for proxy: /tmp/x509up_u119364
DEBUG 2020-02-04 04:48:25.064 UTC: 	 Proxy valid for 11:30:28 hours
DEBUG 2020-02-04 04:48:25.178 UTC: 	 Executing : 
 command : openssl x509 -in ~/.globus/usercert.pem -subject -noout
 output : subject= /DC=ch/DC=cern/OU=Organic Units/OU=Users/CN=ccosby/CN=834196/CN=Christopher Steven Cosby

 error: 
 retcode : 0
DEBUG 2020-02-04 04:48:25.178 UTC: 	 Checking credentials
DEBUG 2020-02-04 04:48:25.178 UTC: 	 Found proxy file /tmp/x509up_u119364
DEBUG 2020-02-04 04:48:25.178 UTC: 	 Getting proxy life time left
DEBUG 2020-02-04 04:48:25.783 UTC: 	 Executing : 
 command : voms-proxy-info -file /tmp/x509up_u119364 -timeleft
 output : 41428

 error: 
 retcode : 0
DEBUG 2020-02-04 04:48:26.388 UTC: 	 Executing : 
 command : voms-proxy-info -file /tmp/x509up_u119364 -actimeleft
 output : 41427

 error: 
 retcode : 0
DEBUG 2020-02-04 04:48:26.389 UTC: 	 Proxy lifetime 41428 secs is different from voms extension lifetime 41427 secs for proxy: /tmp/x509up_u119364
DEBUG 2020-02-04 04:48:26.389 UTC: 	 Proxy valid for 11:30:27 hours
DEBUG 2020-02-04 04:48:26.460 UTC: 	 Registering user credentials for server /DC=ch/DC=cern/OU=computers/CN=vocms(052|058|030|0118|0105|0109).cern.ch|/DC=ch/DC=cern/OU=computers/CN=crab-(preprod|prod)-tw(02|01).cern.ch
DEBUG 2020-02-04 04:48:26.570 UTC: 	 Executing : 
 command : openssl x509 -in ~/.globus/usercert.pem -subject -noout
 output : subject= /DC=ch/DC=cern/OU=Organic Units/OU=Users/CN=ccosby/CN=834196/CN=Christopher Steven Cosby

 error: 
 retcode : 0
DEBUG 2020-02-04 04:48:26.571 UTC: 	 Getting myproxy life time left for myproxy.cern.ch
DEBUG 2020-02-04 04:48:26.571 UTC: 	 Calculating hash of /DC=ch/DC=cern/OU=Organic Units/OU=Users/CN=ccosby/CN=834196/CN=Christopher Steven Cosby_cmsweb.cern.ch for credential name
DEBUG 2020-02-04 04:48:26.776 UTC: 	 Executing : 
 command : myproxy-info -l 26967ec133c94bf7c0631336874999a7497a622e -s myproxy.cern.ch
 output : username: 26967ec133c94bf7c0631336874999a7497a622e
owner: /DC=ch/DC=cern/OU=Organic Units/OU=Users/CN=ccosby/CN=834196/CN=Christopher Steven Cosby
  renewal policy: /DC=ch/DC=cern/OU=computers/CN=vocms(052|058|030|0118|0105|0109).cern.ch|/DC=ch/DC=cern/OU=computers/CN=crab-(preprod|prod)-tw(02|01).cern.ch
  trusted retrieval policy: /DC=ch/DC=cern/OU=computers/CN=vocms(052|058|030|0118|0105|0109).cern.ch|/DC=ch/DC=cern/OU=computers/CN=crab-(preprod|prod)-tw(02|01).cern.ch
  timeleft: 639:40:05  (26.7 days)

 error: 
 retcode : 0
DEBUG 2020-02-04 04:48:26.776 UTC: 	 Myproxy is valid: 2302805
DEBUG 2020-02-04 04:48:26.777 UTC: 	 Command use: status
DEBUG 2020-02-04 04:48:26.777 UTC: 	 Options use: ['crab_20200204_054513/']
DEBUG 2020-02-04 04:48:26.850 UTC: 	 CRABClient version: 3.3.2001
DEBUG 2020-02-04 04:48:26.850 UTC: 	 Instance is prod
DEBUG 2020-02-04 04:48:26.850 UTC: 	 Server base url is cmsweb.cern.ch
DEBUG 2020-02-04 04:48:26.850 UTC: 	 Command url /crabserver/prod/workflow
DEBUG 2020-02-04 04:48:26.955 UTC: 	 Got information from server oracle database: {u'result': [u'200204_044519:ccosby_crab_20200204_054513', u'None', u'None', u'SUBMITTED', u'SUBMIT', u'2020-02-04 04:45:19.223894', u'None', u'2020-02-04 04:46:09.769533', u'None', u'CMSSW_10_2_3', u'slc7_amd64_gcc700', u'/DYJetsToLL_M-50_TuneCP5_13TeV-amcatnloFXFX-pythia8/RunIIAutumn18MiniAOD-102X_upgrade2018_realistic_v15-v1/MINIAODSIM', u'F', u'0', u'[]', u'[]', u'EventAwareLumiBased', u"{'splitOnRun': False, 'events_per_job': 50000, 'halt_job_on_file_boundaries': False, 'runs': [], 'lumis': []}", u'bc3da6499c5ba9da24b5233aec4ca185eaaa22a4d20f57b14df7c70ee1c3e6be.tar.gz', u'https://cmsweb.cern.ch/crabcache', u'ccosby', u'/DC=ch/DC=cern/OU=Organic Units/OU=Users/CN=ccosby/CN=834196/CN=Christopher Steven Cosby', u'cms', u'None', u'None', u'crab_20200204_054513-00000000000000000000000000000000', u'F', u'T2_CH_CERNBOX', u'https://cmsweb.cern.ch/dbs/prod/global/DBSReader', u'https://cmsweb.cern.ch/dbs/prod/phys03/DBSWriter', u'T', u'[]', u"['tree.root']", u'[]', u'Analysis', u'pythia', u'None', u'{}', u'[]', u'F', u'crab-prod-tw01', u'[]', u'1250', u'1', u'2000', u'10', u'None', u'[]', u'http://vocms0107.cern.ch/mon/cms1132/200204_044519:ccosby_crab_20200204_054513', u'None', u'[]', u'[]', u'https://cmsweb.cern.ch/crabserver/prod', u'cmsgwms-collector-global.cern.ch:9620,cmssrv623.fnal.gov:9620', u'crab3@vocms0107.cern.ch', u'F', u'[]', u'T', u'/store/user/ccosby/Zdark013120/', u'F', u'None', u'F', u'None', u'DYJetsToLL_M-50_TuneCP5_13TeV-amcatnloFXFX-pythia8', u'None', u'52feb46fa84c0555a1445053ba186b9a1a23cccd0b8705912d2b2c006899edc9.tar.gz', u'50811642', u'filetransfers', u'F', u'2001:1458:d00:12::37d', u'0.0', u'None'], u'desc': {u'columns': [u'tm_taskname', u'tm_activity', u'panda_jobset_id', u'tm_task_status', u'tm_task_command', u'tm_start_time', u'tm_start_injection', u'tm_end_injection', u'tm_task_failure', u'tm_job_sw', u'tm_job_arch', u'tm_input_dataset', u'tm_nonvalid_input_dataset', u'tm_use_parent', u'tm_site_whitelist', u'tm_site_blacklist', u'tm_split_algo', u'tm_split_args', u'tm_user_sandbox', u'tm_cache_url', u'tm_username', u'tm_user_dn', u'tm_user_vo', u'tm_user_role', u'tm_user_group', u'tm_publish_name', u'tm_publish_groupname', u'tm_asyncdest', u'tm_dbs_url', u'tm_publish_dbs_url', u'tm_publication', u'tm_outfiles', u'tm_tfile_outfiles', u'tm_edm_outfiles', u'tm_job_type', u'tm_generator', u'tm_events_per_lumi', u'tm_arguments', u'panda_resubmitted_jobs', u'tm_save_logs', u'tw_name', u'tm_user_infiles', u'tm_maxjobruntime', u'tm_numcores', u'tm_maxmemory', u'tm_priority', u'tm_output_dataset', u'tm_task_warnings', u'tm_user_webdir', u'tm_scriptexe', u'tm_scriptargs', u'tm_extrajdl', u'tm_asourl', u'tm_collector', u'tm_schedd', u'tm_dry_run', u'tm_user_files', u'tm_transfer_outputs', u'tm_output_lfn', u'tm_ignore_locality', u'tm_fail_limit', u'tm_one_event_mode', u'tm_secondary_input_dataset', u'tm_primary_dataset', u'tm_last_publication', u'tm_debug_files', u'clusterid', u'tm_asodb', u'tm_ignore_global_blacklist', u'tm_submitter_ip_addr', u'tm_totalunits', u'tm_ddm_reqid']}}
INFO 2020-02-04 04:48:26.955 UTC: 	 CRAB project directory:		/afs/cern.ch/user/c/ccosby/lowMassZPrime/triggerStudy/CMSSW_10_2_3/src/DileptonAnalysis/AnalysisStep/crab/DYJetsToLL_M-50_TuneCP5_13TeV-amcatnloFXFX-pythia8/crab_20200204_054513
INFO 2020-02-04 04:48:26.955 UTC: 	 Task name:			200204_044519:ccosby_crab_20200204_054513
INFO 2020-02-04 04:48:26.955 UTC: 	 Grid scheduler - Task Worker:	crab3@vocms0107.cern.ch - crab-prod-tw01
INFO 2020-02-04 04:48:26.955 UTC: 	 Status on the CRAB server:	SUBMITTED
INFO 2020-02-04 04:48:26.955 UTC: 	 Task URL to use for HELP:	https://cmsweb.cern.ch/crabserver/ui/task/200204_044519%3Accosby_crab_20200204_054513
INFO 2020-02-04 04:48:26.956 UTC: 	 Dashboard monitoring URL:	https://monit-grafana.cern.ch/d/cmsTMDetail/cms-task-monitoring-task-view?orgId=11&var-user=ccosby&var-task=200204_044519%3Accosby_crab_20200204_054513
INFO 2020-02-04 04:48:26.956 UTC: 	 In case of issues with the dashboard, please provide feedback to hn-cms-computing-tools@cern.ch
DEBUG 2020-02-04 04:48:26.956 UTC: 	 The CRAB server submitted your task to the Grid scheduler (cluster ID: 50811642)
DEBUG 2020-02-04 04:48:26.956 UTC: 	 Webdir is located at http://vocms0107.cern.ch/mon/cms1132/200204_044519:ccosby_crab_20200204_054513
DEBUG 2020-02-04 04:48:27.027 UTC: 	 Proxied webdir is located at https://cmsweb.cern.ch/scheddmon/0107/cms1132/200204_044519:ccosby_crab_20200204_054513
DEBUG 2020-02-04 04:48:27.027 UTC: 	 Retrieving 'status_cache' file from https://cmsweb.cern.ch/scheddmon/0107/cms1132/200204_044519:ccosby_crab_20200204_054513/status_cache
DEBUG 2020-02-04 04:48:27.079 UTC: 	 Got information from status cache file: {'11': {'Retries': 0, 'WallDurations': [0], 'StartTimes': [], 'SubmitTimes': [1580791582.0], 'JobIds': ['50811653.0'], 'EndTimes': [], 'Restarts': 0, 'RecordedSite': False, 'State': 'idle', 'ResidentSetSize': [0], 'TotalUserCpuTimeHistory': [0.0], 'SiteHistory': ['Unknown'], 'TotalSysCpuTimeHistory': [0.0]}, '10': {'Retries': 0, 'WallDurations': [0], 'StartTimes': [], 'SubmitTimes': [1580791582.0], 'JobIds': ['50811654.0'], 'EndTimes': [], 'Restarts': 0, 'RecordedSite': False, 'State': 'idle', 'ResidentSetSize': [0], 'TotalUserCpuTimeHistory': [0.0], 'SiteHistory': ['Unknown'], 'TotalSysCpuTimeHistory': [0.0]}, '13': {'Retries': 0, 'WallDurations': [0], 'StartTimes': [], 'SubmitTimes': [1580791583.0], 'JobIds': ['50811656.0'], 'EndTimes': [], 'Restarts': 0, 'RecordedSite': False, 'State': 'idle', 'ResidentSetSize': [0], 'TotalUserCpuTimeHistory': [0.0], 'SiteHistory': ['Unknown'], 'TotalSysCpuTimeHistory': [0.0]}, '12': {'Retries': 0, 'WallDurations': [0], 'StartTimes': [], 'SubmitTimes': [1580791582.0], 'JobIds': ['50811655.0'], 'EndTimes': [], 'Restarts': 0, 'RecordedSite': False, 'State': 'idle', 'ResidentSetSize': [0], 'TotalUserCpuTimeHistory': [0.0], 'SiteHistory': ['Unknown'], 'TotalSysCpuTimeHistory': [0.0]}, '15': {'Retries': 0, 'WallDurations': [0], 'StartTimes': [], 'SubmitTimes': [1580791583.0], 'JobIds': ['50811658.0'], 'EndTimes': [], 'Restarts': 0, 'RecordedSite': False, 'State': 'idle', 'ResidentSetSize': [0], 'TotalUserCpuTimeHistory': [0.0], 'SiteHistory': ['Unknown'], 'TotalSysCpuTimeHistory': [0.0]}, '14': {'Retries': 0, 'WallDurations': [0], 'StartTimes': [], 'SubmitTimes': [1580791583.0], 'JobIds': ['50811657.0'], 'EndTimes': [], 'Restarts': 0, 'RecordedSite': False, 'State': 'idle', 'ResidentSetSize': [0], 'TotalUserCpuTimeHistory': [0.0], 'SiteHistory': ['Unknown'], 'TotalSysCpuTimeHistory': [0.0]}, '17': {'Retries': 0, 'WallDurations': [0], 'StartTimes': [], 'SubmitTimes': [1580791584.0], 'JobIds': ['50811660.0'], 'EndTimes': [], 'Restarts': 0, 'RecordedSite': False, 'State': 'idle', 'ResidentSetSize': [0], 'TotalUserCpuTimeHistory': [0.0], 'SiteHistory': ['Unknown'], 'TotalSysCpuTimeHistory': [0.0]}, '16': {'Retries': 0, 'WallDurations': [0], 'StartTimes': [], 'SubmitTimes': [1580791584.0], 'JobIds': ['50811659.0'], 'EndTimes': [], 'Restarts': 0, 'RecordedSite': False, 'State': 'idle', 'ResidentSetSize': [0], 'TotalUserCpuTimeHistory': [0.0], 'SiteHistory': ['Unknown'], 'TotalSysCpuTimeHistory': [0.0]}, '19': {'Retries': 0, 'WallDurations': [0], 'StartTimes': [], 'SubmitTimes': [1580791584.0], 'JobIds': ['50811662.0'], 'EndTimes': [], 'Restarts': 0, 'RecordedSite': False, 'State': 'idle', 'ResidentSetSize': [0], 'TotalUserCpuTimeHistory': [0.0], 'SiteHistory': ['Unknown'], 'TotalSysCpuTimeHistory': [0.0]}, '18': {'Retries': 0, 'WallDurations': [0], 'StartTimes': [], 'SubmitTimes': [1580791584.0], 'JobIds': ['50811661.0'], 'EndTimes': [], 'Restarts': 0, 'RecordedSite': False, 'State': 'idle', 'ResidentSetSize': [0], 'TotalUserCpuTimeHistory': [0.0], 'SiteHistory': ['Unknown'], 'TotalSysCpuTimeHistory': [0.0]}, '1': {'Retries': 0, 'WallDurations': [0], 'StartTimes': [], 'SubmitTimes': [1580791581.0], 'JobIds': ['50811645.0'], 'EndTimes': [], 'Restarts': 0, 'RecordedSite': False, 'State': 'idle', 'ResidentSetSize': [0], 'TotalUserCpuTimeHistory': [0.0], 'SiteHistory': ['Unknown'], 'TotalSysCpuTimeHistory': [0.0]}, '3': {'Retries': 0, 'WallDurations': [0], 'StartTimes': [], 'SubmitTimes': [1580791581.0], 'JobIds': ['50811646.0'], 'EndTimes': [], 'Restarts': 0, 'RecordedSite': False, 'State': 'idle', 'ResidentSetSize': [0], 'TotalUserCpuTimeHistory': [0.0], 'SiteHistory': ['Unknown'], 'TotalSysCpuTimeHistory': [0.0]}, '2': {'Retries': 0, 'WallDurations': [0], 'StartTimes': [], 'SubmitTimes': [1580791581.0], 'JobIds': ['50811647.0'], 'EndTimes': [], 'Restarts': 0, 'RecordedSite': False, 'State': 'idle', 'ResidentSetSize': [0], 'TotalUserCpuTimeHistory': [0.0], 'SiteHistory': ['Unknown'], 'TotalSysCpuTimeHistory': [0.0]}, '5': {'Retries': 0, 'WallDurations': [0], 'StartTimes': [], 'SubmitTimes': [1580791581.0], 'JobIds': ['50811648.0'], 'EndTimes': [], 'Restarts': 0, 'RecordedSite': False, 'State': 'idle', 'ResidentSetSize': [0], 'TotalUserCpuTimeHistory': [0.0], 'SiteHistory': ['Unknown'], 'TotalSysCpuTimeHistory': [0.0]}, '4': {'Retries': 0, 'WallDurations': [0], 'StartTimes': [], 'SubmitTimes': [1580791581.0], 'JobIds': ['50811644.0'], 'EndTimes': [], 'Restarts': 0, 'RecordedSite': False, 'State': 'idle', 'ResidentSetSize': [0], 'TotalUserCpuTimeHistory': [0.0], 'SiteHistory': ['Unknown'], 'TotalSysCpuTimeHistory': [0.0]}, '7': {'Retries': 0, 'WallDurations': [0], 'StartTimes': [], 'SubmitTimes': [1580791582.0], 'JobIds': ['50811650.0'], 'EndTimes': [], 'Restarts': 0, 'RecordedSite': False, 'State': 'idle', 'ResidentSetSize': [0], 'TotalUserCpuTimeHistory': [0.0], 'SiteHistory': ['Unknown'], 'TotalSysCpuTimeHistory': [0.0]}, '6': {'Retries': 0, 'WallDurations': [0], 'StartTimes': [], 'SubmitTimes': [1580791581.0], 'JobIds': ['50811649.0'], 'EndTimes': [], 'Restarts': 0, 'RecordedSite': False, 'State': 'idle', 'ResidentSetSize': [0], 'TotalUserCpuTimeHistory': [0.0], 'SiteHistory': ['Unknown'], 'TotalSysCpuTimeHistory': [0.0]}, '9': {'Retries': 0, 'WallDurations': [0], 'StartTimes': [], 'SubmitTimes': [1580791582.0], 'JobIds': ['50811652.0'], 'EndTimes': [], 'Restarts': 0, 'RecordedSite': False, 'State': 'idle', 'ResidentSetSize': [0], 'TotalUserCpuTimeHistory': [0.0], 'SiteHistory': ['Unknown'], 'TotalSysCpuTimeHistory': [0.0]}, '20': {'Retries': 0, 'WallDurations': [0], 'StartTimes': [], 'SubmitTimes': [1580791584.0], 'JobIds': ['50811663.0'], 'EndTimes': [], 'Restarts': 0, 'RecordedSite': False, 'State': 'idle', 'ResidentSetSize': [0], 'TotalUserCpuTimeHistory': [0.0], 'SiteHistory': ['Unknown'], 'TotalSysCpuTimeHistory': [0.0]}, '8': {'Retries': 0, 'WallDurations': [0], 'StartTimes': [], 'SubmitTimes': [1580791582.0], 'JobIds': ['50811651.0'], 'EndTimes': [], 'Restarts': 0, 'RecordedSite': False, 'State': 'idle', 'ResidentSetSize': [0], 'TotalUserCpuTimeHistory': [0.0], 'SiteHistory': ['Unknown'], 'TotalSysCpuTimeHistory': [0.0]}}
INFO 2020-02-04 04:48:27.079 UTC: 	 Status on the scheduler:	SUBMITTED
INFO 2020-02-04 04:48:27.079 UTC: 	 
Jobs status:                    idle         		100.0% (20/20)
INFO 2020-02-04 04:48:27.079 UTC: 	 
No publication information available yet
INFO 2020-02-04 04:48:27.091 UTC: 	 Log file is /afs/cern.ch/user/c/ccosby/lowMassZPrime/triggerStudy/CMSSW_10_2_3/src/DileptonAnalysis/AnalysisStep/crab/DYJetsToLL_M-50_TuneCP5_13TeV-amcatnloFXFX-pythia8/crab_20200204_054513/crab.log
DEBUG 2020-02-04 04:53:51.178 UTC: 	 Running on: Linux lxplus778.cern.ch 3.10.0-1062.9.1.el7.x86_64 #1 SMP Fri Dec 6 15:49:49 UTC 2019 x86_64 x86_64 x86_64 GNU/Linux - CentOS Linux 7 (Core)
DEBUG 2020-02-04 04:53:51.196 UTC: 	 OpenSSl version: OpenSSL 1.0.2k-fips  26 Jan 2017 (Library: OpenSSL 1.0.2d-fips 9 Jul 2015)
DEBUG 2020-02-04 04:53:51.196 UTC: 	 Executing command: 'status'
DEBUG 2020-02-04 04:53:51.196 UTC: 	 Found CRAB cache file /afs/cern.ch/user/c/ccosby/.crab3
DEBUG 2020-02-04 04:53:51.206 UTC: 	 Checking credentials
DEBUG 2020-02-04 04:53:51.208 UTC: 	 Found proxy file /tmp/x509up_u119364
DEBUG 2020-02-04 04:53:51.208 UTC: 	 Getting proxy life time left
DEBUG 2020-02-04 04:53:51.912 UTC: 	 Executing : 
 command : voms-proxy-info -file /tmp/x509up_u119364 -timeleft
 output : 41102

 error: 
 retcode : 0
DEBUG 2020-02-04 04:53:52.518 UTC: 	 Executing : 
 command : voms-proxy-info -file /tmp/x509up_u119364 -actimeleft
 output : 41101

 error: 
 retcode : 0
DEBUG 2020-02-04 04:53:52.518 UTC: 	 Proxy lifetime 41102 secs is different from voms extension lifetime 41101 secs for proxy: /tmp/x509up_u119364
DEBUG 2020-02-04 04:53:52.518 UTC: 	 Proxy valid for 11:25:01 hours
DEBUG 2020-02-04 04:53:52.631 UTC: 	 Executing : 
 command : openssl x509 -in ~/.globus/usercert.pem -subject -noout
 output : subject= /DC=ch/DC=cern/OU=Organic Units/OU=Users/CN=ccosby/CN=834196/CN=Christopher Steven Cosby

 error: 
 retcode : 0
DEBUG 2020-02-04 04:53:52.632 UTC: 	 Checking credentials
DEBUG 2020-02-04 04:53:52.632 UTC: 	 Found proxy file /tmp/x509up_u119364
DEBUG 2020-02-04 04:53:52.632 UTC: 	 Getting proxy life time left
DEBUG 2020-02-04 04:53:53.337 UTC: 	 Executing : 
 command : voms-proxy-info -file /tmp/x509up_u119364 -timeleft
 output : 41100

 error: 
 retcode : 0
DEBUG 2020-02-04 04:53:53.942 UTC: 	 Executing : 
 command : voms-proxy-info -file /tmp/x509up_u119364 -actimeleft
 output : 41100

 error: 
 retcode : 0
DEBUG 2020-02-04 04:53:53.942 UTC: 	 Proxy valid for 11:25:00 hours
DEBUG 2020-02-04 04:53:54.016 UTC: 	 Registering user credentials for server /DC=ch/DC=cern/OU=computers/CN=vocms(052|058|030|0118|0105|0109).cern.ch|/DC=ch/DC=cern/OU=computers/CN=crab-(preprod|prod)-tw(02|01).cern.ch
DEBUG 2020-02-04 04:53:54.127 UTC: 	 Executing : 
 command : openssl x509 -in ~/.globus/usercert.pem -subject -noout
 output : subject= /DC=ch/DC=cern/OU=Organic Units/OU=Users/CN=ccosby/CN=834196/CN=Christopher Steven Cosby

 error: 
 retcode : 0
DEBUG 2020-02-04 04:53:54.127 UTC: 	 Getting myproxy life time left for myproxy.cern.ch
DEBUG 2020-02-04 04:53:54.127 UTC: 	 Calculating hash of /DC=ch/DC=cern/OU=Organic Units/OU=Users/CN=ccosby/CN=834196/CN=Christopher Steven Cosby_cmsweb.cern.ch for credential name
DEBUG 2020-02-04 04:53:54.332 UTC: 	 Executing : 
 command : myproxy-info -l 26967ec133c94bf7c0631336874999a7497a622e -s myproxy.cern.ch
 output : username: 26967ec133c94bf7c0631336874999a7497a622e
owner: /DC=ch/DC=cern/OU=Organic Units/OU=Users/CN=ccosby/CN=834196/CN=Christopher Steven Cosby
  renewal policy: /DC=ch/DC=cern/OU=computers/CN=vocms(052|058|030|0118|0105|0109).cern.ch|/DC=ch/DC=cern/OU=computers/CN=crab-(preprod|prod)-tw(02|01).cern.ch
  trusted retrieval policy: /DC=ch/DC=cern/OU=computers/CN=vocms(052|058|030|0118|0105|0109).cern.ch|/DC=ch/DC=cern/OU=computers/CN=crab-(preprod|prod)-tw(02|01).cern.ch
  timeleft: 639:34:37  (26.6 days)

 error: 
 retcode : 0
DEBUG 2020-02-04 04:53:54.333 UTC: 	 Myproxy is valid: 2302477
DEBUG 2020-02-04 04:53:54.333 UTC: 	 Command use: status
DEBUG 2020-02-04 04:53:54.334 UTC: 	 Options use: ['crab_20200204_054513/']
DEBUG 2020-02-04 04:53:54.407 UTC: 	 CRABClient version: 3.3.2001
DEBUG 2020-02-04 04:53:54.407 UTC: 	 Instance is prod
DEBUG 2020-02-04 04:53:54.407 UTC: 	 Server base url is cmsweb.cern.ch
DEBUG 2020-02-04 04:53:54.407 UTC: 	 Command url /crabserver/prod/workflow
DEBUG 2020-02-04 04:53:54.512 UTC: 	 Got information from server oracle database: {u'result': [u'200204_044519:ccosby_crab_20200204_054513', u'None', u'None', u'SUBMITTED', u'SUBMIT', u'2020-02-04 04:45:19.223894', u'None', u'2020-02-04 04:46:09.769533', u'None', u'CMSSW_10_2_3', u'slc7_amd64_gcc700', u'/DYJetsToLL_M-50_TuneCP5_13TeV-amcatnloFXFX-pythia8/RunIIAutumn18MiniAOD-102X_upgrade2018_realistic_v15-v1/MINIAODSIM', u'F', u'0', u'[]', u'[]', u'EventAwareLumiBased', u"{'splitOnRun': False, 'events_per_job': 50000, 'halt_job_on_file_boundaries': False, 'runs': [], 'lumis': []}", u'bc3da6499c5ba9da24b5233aec4ca185eaaa22a4d20f57b14df7c70ee1c3e6be.tar.gz', u'https://cmsweb.cern.ch/crabcache', u'ccosby', u'/DC=ch/DC=cern/OU=Organic Units/OU=Users/CN=ccosby/CN=834196/CN=Christopher Steven Cosby', u'cms', u'None', u'None', u'crab_20200204_054513-00000000000000000000000000000000', u'F', u'T2_CH_CERNBOX', u'https://cmsweb.cern.ch/dbs/prod/global/DBSReader', u'https://cmsweb.cern.ch/dbs/prod/phys03/DBSWriter', u'T', u'[]', u"['tree.root']", u'[]', u'Analysis', u'pythia', u'None', u'{}', u'[]', u'F', u'crab-prod-tw01', u'[]', u'1250', u'1', u'2000', u'10', u'None', u'[]', u'http://vocms0107.cern.ch/mon/cms1132/200204_044519:ccosby_crab_20200204_054513', u'None', u'[]', u'[]', u'https://cmsweb.cern.ch/crabserver/prod', u'cmsgwms-collector-global.cern.ch:9620,cmssrv623.fnal.gov:9620', u'crab3@vocms0107.cern.ch', u'F', u'[]', u'T', u'/store/user/ccosby/Zdark013120/', u'F', u'None', u'F', u'None', u'DYJetsToLL_M-50_TuneCP5_13TeV-amcatnloFXFX-pythia8', u'None', u'52feb46fa84c0555a1445053ba186b9a1a23cccd0b8705912d2b2c006899edc9.tar.gz', u'50811642', u'filetransfers', u'F', u'2001:1458:d00:12::37d', u'0.0', u'None'], u'desc': {u'columns': [u'tm_taskname', u'tm_activity', u'panda_jobset_id', u'tm_task_status', u'tm_task_command', u'tm_start_time', u'tm_start_injection', u'tm_end_injection', u'tm_task_failure', u'tm_job_sw', u'tm_job_arch', u'tm_input_dataset', u'tm_nonvalid_input_dataset', u'tm_use_parent', u'tm_site_whitelist', u'tm_site_blacklist', u'tm_split_algo', u'tm_split_args', u'tm_user_sandbox', u'tm_cache_url', u'tm_username', u'tm_user_dn', u'tm_user_vo', u'tm_user_role', u'tm_user_group', u'tm_publish_name', u'tm_publish_groupname', u'tm_asyncdest', u'tm_dbs_url', u'tm_publish_dbs_url', u'tm_publication', u'tm_outfiles', u'tm_tfile_outfiles', u'tm_edm_outfiles', u'tm_job_type', u'tm_generator', u'tm_events_per_lumi', u'tm_arguments', u'panda_resubmitted_jobs', u'tm_save_logs', u'tw_name', u'tm_user_infiles', u'tm_maxjobruntime', u'tm_numcores', u'tm_maxmemory', u'tm_priority', u'tm_output_dataset', u'tm_task_warnings', u'tm_user_webdir', u'tm_scriptexe', u'tm_scriptargs', u'tm_extrajdl', u'tm_asourl', u'tm_collector', u'tm_schedd', u'tm_dry_run', u'tm_user_files', u'tm_transfer_outputs', u'tm_output_lfn', u'tm_ignore_locality', u'tm_fail_limit', u'tm_one_event_mode', u'tm_secondary_input_dataset', u'tm_primary_dataset', u'tm_last_publication', u'tm_debug_files', u'clusterid', u'tm_asodb', u'tm_ignore_global_blacklist', u'tm_submitter_ip_addr', u'tm_totalunits', u'tm_ddm_reqid']}}
INFO 2020-02-04 04:53:54.512 UTC: 	 CRAB project directory:		/afs/cern.ch/user/c/ccosby/lowMassZPrime/triggerStudy/CMSSW_10_2_3/src/DileptonAnalysis/AnalysisStep/crab/DYJetsToLL_M-50_TuneCP5_13TeV-amcatnloFXFX-pythia8/crab_20200204_054513
INFO 2020-02-04 04:53:54.513 UTC: 	 Task name:			200204_044519:ccosby_crab_20200204_054513
INFO 2020-02-04 04:53:54.513 UTC: 	 Grid scheduler - Task Worker:	crab3@vocms0107.cern.ch - crab-prod-tw01
INFO 2020-02-04 04:53:54.513 UTC: 	 Status on the CRAB server:	SUBMITTED
INFO 2020-02-04 04:53:54.513 UTC: 	 Task URL to use for HELP:	https://cmsweb.cern.ch/crabserver/ui/task/200204_044519%3Accosby_crab_20200204_054513
INFO 2020-02-04 04:53:54.513 UTC: 	 Dashboard monitoring URL:	https://monit-grafana.cern.ch/d/cmsTMDetail/cms-task-monitoring-task-view?orgId=11&var-user=ccosby&var-task=200204_044519%3Accosby_crab_20200204_054513
INFO 2020-02-04 04:53:54.513 UTC: 	 In case of issues with the dashboard, please provide feedback to hn-cms-computing-tools@cern.ch
DEBUG 2020-02-04 04:53:54.513 UTC: 	 The CRAB server submitted your task to the Grid scheduler (cluster ID: 50811642)
DEBUG 2020-02-04 04:53:54.513 UTC: 	 Webdir is located at http://vocms0107.cern.ch/mon/cms1132/200204_044519:ccosby_crab_20200204_054513
DEBUG 2020-02-04 04:53:54.582 UTC: 	 Proxied webdir is located at https://cmsweb.cern.ch/scheddmon/0107/cms1132/200204_044519:ccosby_crab_20200204_054513
DEBUG 2020-02-04 04:53:54.582 UTC: 	 Retrieving 'status_cache' file from https://cmsweb.cern.ch/scheddmon/0107/cms1132/200204_044519:ccosby_crab_20200204_054513/status_cache
DEBUG 2020-02-04 04:53:54.633 UTC: 	 Got information from status cache file: {'11': {'Retries': 0, 'WallDurations': [0], 'StartTimes': [], 'SubmitTimes': [1580791582.0], 'JobIds': ['50811653.0'], 'EndTimes': [], 'Restarts': 0, 'RecordedSite': False, 'State': 'idle', 'ResidentSetSize': [0], 'TotalUserCpuTimeHistory': [0.0], 'SiteHistory': ['Unknown'], 'TotalSysCpuTimeHistory': [0.0]}, '10': {'Retries': 0, 'WallDurations': [0], 'StartTimes': [], 'SubmitTimes': [1580791582.0], 'JobIds': ['50811654.0'], 'EndTimes': [], 'Restarts': 0, 'RecordedSite': False, 'State': 'idle', 'ResidentSetSize': [0], 'TotalUserCpuTimeHistory': [0.0], 'SiteHistory': ['Unknown'], 'TotalSysCpuTimeHistory': [0.0]}, '13': {'Retries': 0, 'WallDurations': [0], 'StartTimes': [], 'SubmitTimes': [1580791583.0], 'JobIds': ['50811656.0'], 'EndTimes': [], 'Restarts': 0, 'RecordedSite': False, 'State': 'idle', 'ResidentSetSize': [0], 'TotalUserCpuTimeHistory': [0.0], 'SiteHistory': ['Unknown'], 'TotalSysCpuTimeHistory': [0.0]}, '12': {'Retries': 0, 'WallDurations': [0], 'StartTimes': [], 'SubmitTimes': [1580791582.0], 'JobIds': ['50811655.0'], 'EndTimes': [], 'Restarts': 0, 'RecordedSite': False, 'State': 'idle', 'ResidentSetSize': [0], 'TotalUserCpuTimeHistory': [0.0], 'SiteHistory': ['Unknown'], 'TotalSysCpuTimeHistory': [0.0]}, '15': {'Retries': 0, 'WallDurations': [0], 'StartTimes': [], 'SubmitTimes': [1580791583.0], 'JobIds': ['50811658.0'], 'EndTimes': [], 'Restarts': 0, 'RecordedSite': False, 'State': 'idle', 'ResidentSetSize': [0], 'TotalUserCpuTimeHistory': [0.0], 'SiteHistory': ['Unknown'], 'TotalSysCpuTimeHistory': [0.0]}, '14': {'Retries': 0, 'WallDurations': [0], 'StartTimes': [], 'SubmitTimes': [1580791583.0], 'JobIds': ['50811657.0'], 'EndTimes': [], 'Restarts': 0, 'RecordedSite': False, 'State': 'idle', 'ResidentSetSize': [0], 'TotalUserCpuTimeHistory': [0.0], 'SiteHistory': ['Unknown'], 'TotalSysCpuTimeHistory': [0.0]}, '17': {'Retries': 0, 'WallDurations': [0], 'StartTimes': [], 'SubmitTimes': [1580791584.0], 'JobIds': ['50811660.0'], 'EndTimes': [], 'Restarts': 0, 'RecordedSite': False, 'State': 'idle', 'ResidentSetSize': [0], 'TotalUserCpuTimeHistory': [0.0], 'SiteHistory': ['Unknown'], 'TotalSysCpuTimeHistory': [0.0]}, '16': {'Retries': 0, 'WallDurations': [0], 'StartTimes': [], 'SubmitTimes': [1580791584.0], 'JobIds': ['50811659.0'], 'EndTimes': [], 'Restarts': 0, 'RecordedSite': False, 'State': 'idle', 'ResidentSetSize': [0], 'TotalUserCpuTimeHistory': [0.0], 'SiteHistory': ['Unknown'], 'TotalSysCpuTimeHistory': [0.0]}, '19': {'Retries': 0, 'WallDurations': [0], 'StartTimes': [], 'SubmitTimes': [1580791584.0], 'JobIds': ['50811662.0'], 'EndTimes': [], 'Restarts': 0, 'RecordedSite': False, 'State': 'idle', 'ResidentSetSize': [0], 'TotalUserCpuTimeHistory': [0.0], 'SiteHistory': ['Unknown'], 'TotalSysCpuTimeHistory': [0.0]}, '18': {'Retries': 0, 'WallDurations': [0], 'StartTimes': [], 'SubmitTimes': [1580791584.0], 'JobIds': ['50811661.0'], 'EndTimes': [], 'Restarts': 0, 'RecordedSite': False, 'State': 'idle', 'ResidentSetSize': [0], 'TotalUserCpuTimeHistory': [0.0], 'SiteHistory': ['Unknown'], 'TotalSysCpuTimeHistory': [0.0]}, '1': {'Retries': 0, 'WallDurations': [0], 'StartTimes': [], 'SubmitTimes': [1580791581.0], 'JobIds': ['50811645.0'], 'EndTimes': [], 'Restarts': 0, 'RecordedSite': False, 'State': 'idle', 'ResidentSetSize': [0], 'TotalUserCpuTimeHistory': [0.0], 'SiteHistory': ['Unknown'], 'TotalSysCpuTimeHistory': [0.0]}, '3': {'Retries': 0, 'WallDurations': [0], 'StartTimes': [], 'SubmitTimes': [1580791581.0], 'JobIds': ['50811646.0'], 'EndTimes': [], 'Restarts': 0, 'RecordedSite': False, 'State': 'idle', 'ResidentSetSize': [0], 'TotalUserCpuTimeHistory': [0.0], 'SiteHistory': ['Unknown'], 'TotalSysCpuTimeHistory': [0.0]}, '2': {'Retries': 0, 'WallDurations': [0], 'StartTimes': [], 'SubmitTimes': [1580791581.0], 'JobIds': ['50811647.0'], 'EndTimes': [], 'Restarts': 0, 'RecordedSite': False, 'State': 'idle', 'ResidentSetSize': [0], 'TotalUserCpuTimeHistory': [0.0], 'SiteHistory': ['Unknown'], 'TotalSysCpuTimeHistory': [0.0]}, '5': {'Retries': 0, 'WallDurations': [0], 'StartTimes': [], 'SubmitTimes': [1580791581.0], 'JobIds': ['50811648.0'], 'EndTimes': [], 'Restarts': 0, 'RecordedSite': False, 'State': 'idle', 'ResidentSetSize': [0], 'TotalUserCpuTimeHistory': [0.0], 'SiteHistory': ['Unknown'], 'TotalSysCpuTimeHistory': [0.0]}, '4': {'Retries': 0, 'WallDurations': [0], 'StartTimes': [], 'SubmitTimes': [1580791581.0], 'JobIds': ['50811644.0'], 'EndTimes': [], 'Restarts': 0, 'RecordedSite': False, 'State': 'idle', 'ResidentSetSize': [0], 'TotalUserCpuTimeHistory': [0.0], 'SiteHistory': ['Unknown'], 'TotalSysCpuTimeHistory': [0.0]}, '7': {'Retries': 0, 'WallDurations': [0], 'StartTimes': [], 'SubmitTimes': [1580791582.0], 'JobIds': ['50811650.0'], 'EndTimes': [], 'Restarts': 0, 'RecordedSite': False, 'State': 'idle', 'ResidentSetSize': [0], 'TotalUserCpuTimeHistory': [0.0], 'SiteHistory': ['Unknown'], 'TotalSysCpuTimeHistory': [0.0]}, '6': {'Retries': 0, 'WallDurations': [0], 'StartTimes': [], 'SubmitTimes': [1580791581.0], 'JobIds': ['50811649.0'], 'EndTimes': [], 'Restarts': 0, 'RecordedSite': False, 'State': 'idle', 'ResidentSetSize': [0], 'TotalUserCpuTimeHistory': [0.0], 'SiteHistory': ['Unknown'], 'TotalSysCpuTimeHistory': [0.0]}, '9': {'Retries': 0, 'WallDurations': [0], 'StartTimes': [], 'SubmitTimes': [1580791582.0], 'JobIds': ['50811652.0'], 'EndTimes': [], 'Restarts': 0, 'RecordedSite': False, 'State': 'idle', 'ResidentSetSize': [0], 'TotalUserCpuTimeHistory': [0.0], 'SiteHistory': ['Unknown'], 'TotalSysCpuTimeHistory': [0.0]}, '20': {'Retries': 0, 'WallDurations': [0], 'StartTimes': [], 'SubmitTimes': [1580791584.0], 'JobIds': ['50811663.0'], 'EndTimes': [], 'Restarts': 0, 'RecordedSite': False, 'State': 'idle', 'ResidentSetSize': [0], 'TotalUserCpuTimeHistory': [0.0], 'SiteHistory': ['Unknown'], 'TotalSysCpuTimeHistory': [0.0]}, '8': {'Retries': 0, 'WallDurations': [0], 'StartTimes': [], 'SubmitTimes': [1580791582.0], 'JobIds': ['50811651.0'], 'EndTimes': [], 'Restarts': 0, 'RecordedSite': False, 'State': 'idle', 'ResidentSetSize': [0], 'TotalUserCpuTimeHistory': [0.0], 'SiteHistory': ['Unknown'], 'TotalSysCpuTimeHistory': [0.0]}}
INFO 2020-02-04 04:53:54.633 UTC: 	 Status on the scheduler:	SUBMITTED
INFO 2020-02-04 04:53:54.633 UTC: 	 
Jobs status:                    idle         		100.0% (20/20)
INFO 2020-02-04 04:53:54.633 UTC: 	 
No publication information available yet
INFO 2020-02-04 04:53:54.643 UTC: 	 Log file is /afs/cern.ch/user/c/ccosby/lowMassZPrime/triggerStudy/CMSSW_10_2_3/src/DileptonAnalysis/AnalysisStep/crab/DYJetsToLL_M-50_TuneCP5_13TeV-amcatnloFXFX-pythia8/crab_20200204_054513/crab.log
