DEBUG 2020-04-17 04:40:59.211 UTC: 	 Running on: Linux lxplus7107.cern.ch 3.10.0-1062.12.1.el7.x86_64 #1 SMP Tue Feb 4 23:02:59 UTC 2020 x86_64 x86_64 x86_64 GNU/Linux - CentOS Linux 7 (Core)
DEBUG 2020-04-17 04:40:59.234 UTC: 	 OpenSSl version: OpenSSL 1.0.2k-fips  26 Jan 2017 (Library: OpenSSL 1.0.2d-fips 9 Jul 2015)
DEBUG 2020-04-17 04:40:59.234 UTC: 	 Executing command: 'submit'
DEBUG 2020-04-17 04:40:59.236 UTC: 	 Found CRAB cache file /afs/cern.ch/user/c/ccosby/.crab3
DEBUG 2020-04-17 04:40:59.243 UTC: 	 Checking credentials
DEBUG 2020-04-17 04:40:59.243 UTC: 	 Found proxy file /tmp/x509up_u119364
DEBUG 2020-04-17 04:40:59.243 UTC: 	 Getting proxy life time left
DEBUG 2020-04-17 04:41:00.050 UTC: 	 Executing : 
 command : voms-proxy-info -file /tmp/x509up_u119364 -timeleft
 output : 42147

 error: 
 retcode : 0
DEBUG 2020-04-17 04:41:00.857 UTC: 	 Executing : 
 command : voms-proxy-info -file /tmp/x509up_u119364 -actimeleft
 output : 42146

 error: 
 retcode : 0
DEBUG 2020-04-17 04:41:00.858 UTC: 	 Proxy lifetime 42147 secs is different from voms extension lifetime 42146 secs for proxy: /tmp/x509up_u119364
DEBUG 2020-04-17 04:41:00.858 UTC: 	 Proxy valid for 11:42:26 hours
INFO 2020-04-17 04:41:00.858 UTC: 	 Will use CRAB configuration file crabConfig.py
DEBUG 2020-04-17 04:41:00.858 UTC: 	 Loading CRAB configuration file.
DEBUG 2020-04-17 04:41:00.868 UTC: 	 Will use CRAB Analysis plugin (i.e. will run an analysis job type).
DEBUG 2020-04-17 04:41:00.985 UTC: 	 Executing : 
 command : openssl x509 -in ~/.globus/usercert.pem -subject -noout
 output : subject= /DC=ch/DC=cern/OU=Organic Units/OU=Users/CN=ccosby/CN=834196/CN=Christopher Steven Cosby

 error: 
 retcode : 0
DEBUG 2020-04-17 04:41:00.986 UTC: 	 Checking credentials
DEBUG 2020-04-17 04:41:00.986 UTC: 	 Found proxy file /tmp/x509up_u119364
DEBUG 2020-04-17 04:41:00.986 UTC: 	 Getting proxy life time left
DEBUG 2020-04-17 04:41:01.692 UTC: 	 Executing : 
 command : voms-proxy-info -file /tmp/x509up_u119364 -timeleft
 output : 42145

 error: 
 retcode : 0
DEBUG 2020-04-17 04:41:02.400 UTC: 	 Executing : 
 command : voms-proxy-info -file /tmp/x509up_u119364 -actimeleft
 output : 42144

 error: 
 retcode : 0
DEBUG 2020-04-17 04:41:02.401 UTC: 	 Proxy lifetime 42145 secs is different from voms extension lifetime 42144 secs for proxy: /tmp/x509up_u119364
DEBUG 2020-04-17 04:41:02.401 UTC: 	 Proxy valid for 11:42:24 hours
DEBUG 2020-04-17 04:41:03.110 UTC: 	 Executing : 
 command : env X509_USER_PROXY=/tmp/x509up_u119364 voms-proxy-info -fqan
 output : /cms/Role=NULL/Capability=NULL

 error: 
 retcode : 0
DEBUG 2020-04-17 04:41:03.220 UTC: 	 Registering user credentials for server /DC=ch/DC=cern/OU=computers/CN=vocms0105.cern.ch|/DC=ch/DC=cern/OU=computers/CN=crab-(preprod|prod|dev)-tw(02|01).cern.ch|/DC=ch/DC=cern/OU=computers/CN=(ddi|ddidk|mytw).cern.ch
DEBUG 2020-04-17 04:41:03.331 UTC: 	 Executing : 
 command : openssl x509 -in ~/.globus/usercert.pem -subject -noout
 output : subject= /DC=ch/DC=cern/OU=Organic Units/OU=Users/CN=ccosby/CN=834196/CN=Christopher Steven Cosby

 error: 
 retcode : 0
DEBUG 2020-04-17 04:41:03.332 UTC: 	 Getting myproxy life time left for myproxy.cern.ch
DEBUG 2020-04-17 04:41:03.332 UTC: 	 Calculating hash of /DC=ch/DC=cern/OU=Organic Units/OU=Users/CN=ccosby/CN=834196/CN=Christopher Steven Cosby_cmsweb.cern.ch for credential name
DEBUG 2020-04-17 04:41:03.738 UTC: 	 Executing : 
 command : myproxy-info -l 26967ec133c94bf7c0631336874999a7497a622e -s myproxy.cern.ch
 output : username: 26967ec133c94bf7c0631336874999a7497a622e
owner: /DC=ch/DC=cern/OU=Organic Units/OU=Users/CN=ccosby/CN=834196/CN=Christopher Steven Cosby
  renewal policy: /DC=ch/DC=cern/OU=computers/CN=vocms0105.cern.ch|/DC=ch/DC=cern/OU=computers/CN=crab-(preprod|prod|dev)-tw(02|01).cern.ch|/DC=ch/DC=cern/OU=computers/CN=(ddi|ddidk|mytw).cern.ch
  trusted retrieval policy: /DC=ch/DC=cern/OU=computers/CN=vocms0105.cern.ch|/DC=ch/DC=cern/OU=computers/CN=crab-(preprod|prod|dev)-tw(02|01).cern.ch|/DC=ch/DC=cern/OU=computers/CN=(ddi|ddidk|mytw).cern.ch
  timeleft: 687:48:03  (28.7 days)

 error: 
 retcode : 0
DEBUG 2020-04-17 04:41:03.739 UTC: 	 Myproxy is valid: 2476083
DEBUG 2020-04-17 04:41:03.739 UTC: 	 Command use: submit
DEBUG 2020-04-17 04:41:03.739 UTC: 	 Options use: ['crabConfig.py']
DEBUG 2020-04-17 04:41:03.856 UTC: 	 CRABClient version: 3.3.2001
DEBUG 2020-04-17 04:41:03.856 UTC: 	 Instance is prod
DEBUG 2020-04-17 04:41:03.856 UTC: 	 Server base url is cmsweb.cern.ch
DEBUG 2020-04-17 04:41:03.856 UTC: 	 Command url /crabserver/prod/workflow
DEBUG 2020-04-17 04:41:03.856 UTC: 	 Started submission
DEBUG 2020-04-17 04:41:03.856 UTC: 	 Working on /afs/cern.ch/user/c/ccosby/lowMassZPrime/triggerStudy/CMSSW_10_2_3/src/DileptonAnalysis/AnalysisStep/crab/mXX200mA5cT100/crab_20200417_064100
DEBUG 2020-04-17 04:41:03.963 UTC: 	 Loading required information from the environment
DEBUG 2020-04-17 04:41:03.963 UTC: 	 Found CMSSW_10_2_3 for slc7_amd64_gcc700 with base /afs/cern.ch/user/c/ccosby/lowMassZPrime/triggerStudy/CMSSW_10_2_3
DEBUG 2020-04-17 04:41:03.963 UTC: 	 Loading required information from the environment
DEBUG 2020-04-17 04:41:03.963 UTC: 	 Found CMSSW_10_2_3 for slc7_amd64_gcc700 with base /afs/cern.ch/user/c/ccosby/lowMassZPrime/triggerStudy/CMSSW_10_2_3
DEBUG 2020-04-17 04:41:03.989 UTC: 	 UNIQUE NAME: tarUUID 3915fd83-930c-4f07-a993-09735f46640e 
DEBUG 2020-04-17 04:41:03.989 UTC: 	 self.config: from WMCore.Configuration import Configuration
config = Configuration()
config.section_('General')
config.section_('JobType')
config.JobType.psetName = '../../test/tree_cfg.py'
config.JobType.pluginName = 'Analysis'
config.JobType.pyCfgParams = ['isMC=True', 'useWeights=False', 'xsec=1.00', 'addEventInfo=True']
config.JobType.allowUndistributedCMSSW = True
config.section_('Data')
config.Data.inputDataset = '/SIDM_XXTo2ATo2Mu2E_mXX-200_mA-5_ctau-100_TuneCP5_13TeV-madgraph-pythia8/RunIIAutumn18MiniAOD-102X_upgrade2018_realistic_v15-v1/MINIAODSIM'
config.Data.unitsPerJob = 10000
config.Data.outLFNDirBase = '/store/user/ccosby/mXX200mA5cT100/'
config.Data.splitting = 'EventAwareLumiBased'
config.Data.inputDBS = 'global'
config.section_('Site')
config.Site.storageSite = 'T2_CH_CERNBOX'
config.section_('User')
config.section_('Debug')

DEBUG 2020-04-17 04:41:03.989 UTC: 	 self.config.JobType.psetName: ../../test/tree_cfg.py
INFO 2020-04-17 04:41:03.990 UTC: 	 Importing CMSSW configuration ../../test/tree_cfg.py
DEBUG 2020-04-17 04:41:03.990 UTC: 	 Additional parameters for the CMSSW configuration are: ['isMC=True', 'useWeights=False', 'xsec=1.00', 'addEventInfo=True']
INFO 2020-04-17 04:41:04.412 UTC: 	 Finished importing CMSSW configuration ../../test/tree_cfg.py
DEBUG 2020-04-17 04:41:04.412 UTC: 	 Writing CMSSW configuration to /afs/cern.ch/user/c/ccosby/lowMassZPrime/triggerStudy/CMSSW_10_2_3/src/DileptonAnalysis/AnalysisStep/crab/mXX200mA5cT100/crab_20200417_064100/inputs/PSet.py
DEBUG 2020-04-17 04:41:04.466 UTC: 	 The following EDM output files will be collected: []
DEBUG 2020-04-17 04:41:04.466 UTC: 	 The following TFile output files will be collected: ['tree.root']
DEBUG 2020-04-17 04:41:04.466 UTC: 	 The following user output files (not listed as PoolOuputModule or TFileService in the CMSSW PSet) will be collected: 
DEBUG 2020-04-17 04:41:04.466 UTC: 	 Loading required information from the environment
DEBUG 2020-04-17 04:41:04.466 UTC: 	 Found CMSSW_10_2_3 for slc7_amd64_gcc700 with base /afs/cern.ch/user/c/ccosby/lowMassZPrime/triggerStudy/CMSSW_10_2_3
DEBUG 2020-04-17 04:41:04.466 UTC: 	 Making tarball in /afs/cern.ch/user/c/ccosby/lowMassZPrime/triggerStudy/CMSSW_10_2_3/src/DileptonAnalysis/AnalysisStep/crab/mXX200mA5cT100/crab_20200417_064100/inputs/3915fd83-930c-4f07-a993-09735f46640edefault.tgz
DEBUG 2020-04-17 04:41:04.467 UTC: 	 Checking directory /afs/cern.ch/user/c/ccosby/lowMassZPrime/triggerStudy/CMSSW_10_2_3/lib
DEBUG 2020-04-17 04:41:04.467 UTC: 	 Adding directory /afs/cern.ch/user/c/ccosby/lowMassZPrime/triggerStudy/CMSSW_10_2_3/lib to tarball
DEBUG 2020-04-17 04:41:04.484 UTC: 	 Checking directory /afs/cern.ch/user/c/ccosby/lowMassZPrime/triggerStudy/CMSSW_10_2_3/biglib
DEBUG 2020-04-17 04:41:04.484 UTC: 	 Adding directory /afs/cern.ch/user/c/ccosby/lowMassZPrime/triggerStudy/CMSSW_10_2_3/biglib to tarball
DEBUG 2020-04-17 04:41:04.486 UTC: 	 Checking directory /afs/cern.ch/user/c/ccosby/lowMassZPrime/triggerStudy/CMSSW_10_2_3/module
DEBUG 2020-04-17 04:41:04.640 UTC: 	 Adding data directory /afs/cern.ch/user/c/ccosby/lowMassZPrime/triggerStudy/CMSSW_10_2_3/src/DileptonAnalysis/AnalysisStep/data to tarball
DEBUG 2020-04-17 04:41:05.255 UTC: 	 Adding data directory /afs/cern.ch/user/c/ccosby/lowMassZPrime/triggerStudy/CMSSW_10_2_3/src/DileptonAnalysis/AnalysisStep/interface to tarball
DEBUG 2020-04-17 04:41:05.483 UTC: 	 Adding data directory /afs/cern.ch/user/c/ccosby/lowMassZPrime/triggerStudy/CMSSW_10_2_3/src/chrisDileptonAnalysis/DileptonAnalysis/AnalysisStep/data to tarball
DEBUG 2020-04-17 04:41:05.970 UTC: 	 Adding data directory /afs/cern.ch/user/c/ccosby/lowMassZPrime/triggerStudy/CMSSW_10_2_3/src/chrisDileptonAnalysis/DileptonAnalysis/AnalysisStep/interface to tarball
DEBUG 2020-04-17 04:41:06.121 UTC: 	 Uploading archive /afs/cern.ch/user/c/ccosby/lowMassZPrime/triggerStudy/CMSSW_10_2_3/src/DileptonAnalysis/AnalysisStep/crab/mXX200mA5cT100/crab_20200417_064100/inputs/3915fd83-930c-4f07-a993-09735f46640edefault.tgz (1.924805.1 MB) to the CRAB cache. Using URI https://cmsweb.cern.ch/crabcache
DEBUG 2020-04-17 04:41:08.472 UTC: 	 Loading required information from the environment
DEBUG 2020-04-17 04:41:08.472 UTC: 	 Found CMSSW_10_2_3 for slc7_amd64_gcc700 with base /afs/cern.ch/user/c/ccosby/lowMassZPrime/triggerStudy/CMSSW_10_2_3
DEBUG 2020-04-17 04:41:08.472 UTC: 	 Making tarball in /afs/cern.ch/user/c/ccosby/lowMassZPrime/triggerStudy/CMSSW_10_2_3/src/DileptonAnalysis/AnalysisStep/crab/mXX200mA5cT100/crab_20200417_064100/inputs/debugFiles.tgz
DEBUG 2020-04-17 04:41:08.479 UTC: 	 Uploading archive /afs/cern.ch/user/c/ccosby/lowMassZPrime/triggerStudy/CMSSW_10_2_3/src/DileptonAnalysis/AnalysisStep/crab/mXX200mA5cT100/crab_20200417_064100/inputs/debugFiles.tgz (4 KB) to the CRAB cache. Using URI https://cmsweb.cern.ch/crabcache
DEBUG 2020-04-17 04:41:08.548 UTC: 	 Result uploading input files: e3e53e44217f60e51dbe48be0b1bf0f65f4d650ee9992ce122020b01eaa9fcc8.tar.gz 
WARNING 2020-04-17 04:41:08.549 UTC: 	 Warning: The following output files will not be published, as they are not EDM files: ['tree.root']
INFO 2020-04-17 04:41:08.549 UTC: 	 Sending the request to the server at cmsweb.cern.ch
DEBUG 2020-04-17 04:41:08.549 UTC: 	 Submitting {'maxjobruntime': 1250, 'extrajdl': [], 'ignorelocality': 0, 'savelogsflag': 0, 'useparent': 0, 'asyncdest': 'T2_CH_CERNBOX', 'algoargs': 10000, 'cachefilename': 'e3e53e44217f60e51dbe48be0b1bf0f65f4d650ee9992ce122020b01eaa9fcc8.tar.gz', 'numcores': 1, 'addoutputfiles': [], 'generator': 'pythia', 'maxmemory': 2000, 'publishdbsurl': 'https://cmsweb.cern.ch/dbs/prod/phys03/DBSWriter', 'priority': 10, 'jobsw': 'CMSSW_10_2_3', 'edmoutfiles': [], 'userfiles': [], 'primarydataset': '', 'inputdata': '/SIDM_XXTo2ATo2Mu2E_mXX-200_mA-5_ctau-100_TuneCP5_13TeV-madgraph-pythia8/RunIIAutumn18MiniAOD-102X_upgrade2018_realistic_v15-v1/MINIAODSIM', 'lfn': '/store/user/ccosby/mXX200mA5cT100/', 'dryrun': 0, 'workflow': 'crab_20200417_064100', 'cacheurl': u'https://cmsweb.cern.ch/crabcache', 'nonprodsw': 1, 'tfileoutfiles': ['tree.root'], 'oneEventMode': 0, 'debugfilename': '2f92bcc3c90e40ceb5d64cd188e6236a8a844a62014b8bba18c4a10c287e41a4.tar.gz', 'saveoutput': 1, 'publication': 1, 'jobarch': 'slc7_amd64_gcc700', 'totalunits': 0, 'splitalgo': 'EventAwareLumiBased', 'ignoreglobalblacklist': 0, 'nonvaliddata': 0, 'dbsurl': 'https://cmsweb.cern.ch/dbs/prod/global/DBSReader', 'publishgroupname': 0, 'jobtype': 'Analysis', 'publishname2': ''} 
DEBUG 2020-04-17 04:41:08.549 UTC: 	 Encoded submit request: maxjobruntime=1250&ignorelocality=0&savelogsflag=0&useparent=0&asyncdest=T2_CH_CERNBOX&algoargs=10000&cachefilename=e3e53e44217f60e51dbe48be0b1bf0f65f4d650ee9992ce122020b01eaa9fcc8.tar.gz&numcores=1&generator=pythia&maxmemory=2000&publishdbsurl=https%3A%2F%2Fcmsweb.cern.ch%2Fdbs%2Fprod%2Fphys03%2FDBSWriter&priority=10&jobsw=CMSSW_10_2_3&primarydataset=&inputdata=%2FSIDM_XXTo2ATo2Mu2E_mXX-200_mA-5_ctau-100_TuneCP5_13TeV-madgraph-pythia8%2FRunIIAutumn18MiniAOD-102X_upgrade2018_realistic_v15-v1%2FMINIAODSIM&lfn=%2Fstore%2Fuser%2Fccosby%2FmXX200mA5cT100%2F&dryrun=0&workflow=crab_20200417_064100&cacheurl=https%3A%2F%2Fcmsweb.cern.ch%2Fcrabcache&nonprodsw=1&oneEventMode=0&debugfilename=2f92bcc3c90e40ceb5d64cd188e6236a8a844a62014b8bba18c4a10c287e41a4.tar.gz&saveoutput=1&publication=1&jobarch=slc7_amd64_gcc700&totalunits=0&splitalgo=EventAwareLumiBased&ignoreglobalblacklist=0&nonvaliddata=0&dbsurl=https%3A%2F%2Fcmsweb.cern.ch%2Fdbs%2Fprod%2Fglobal%2FDBSReader&publishgroupname=0&jobtype=Analysis&publishname2=&tfileoutfiles=tree.root
DEBUG 2020-04-17 04:41:08.663 UTC: 	 Result: {u'result': [{u'RequestName': u'200417_044108:ccosby_crab_20200417_064100'}]}
INFO 2020-04-17 04:41:08.666 UTC: 	 Success: Your task has been delivered to the prod CRAB3 server.
INFO 2020-04-17 04:41:08.666 UTC: 	 Task name: 200417_044108:ccosby_crab_20200417_064100
INFO 2020-04-17 04:41:08.666 UTC: 	 Project dir: ./crab_20200417_064100
INFO 2020-04-17 04:41:08.666 UTC: 	 Please use 'crab status -d ./crab_20200417_064100' to check how the submission process proceeds.
DEBUG 2020-04-17 04:41:08.666 UTC: 	 About to return
INFO 2020-04-17 04:41:08.669 UTC: 	 Log file is /afs/cern.ch/user/c/ccosby/lowMassZPrime/triggerStudy/CMSSW_10_2_3/src/DileptonAnalysis/AnalysisStep/crab/mXX200mA5cT100/crab_20200417_064100/crab.log
