DEBUG 2020-04-27 06:16:02.914 UTC: 	 Running on: Linux lxplus714.cern.ch 3.10.0-1062.18.1.el7.x86_64 #1 SMP Tue Mar 17 23:49:17 UTC 2020 x86_64 x86_64 x86_64 GNU/Linux - CentOS Linux 7 (Core)
DEBUG 2020-04-27 06:16:02.930 UTC: 	 OpenSSl version: OpenSSL 1.0.2k-fips  26 Jan 2017 (Library: OpenSSL 1.0.2d-fips 9 Jul 2015)
DEBUG 2020-04-27 06:16:02.930 UTC: 	 Executing command: 'submit'
DEBUG 2020-04-27 06:16:02.931 UTC: 	 Found CRAB cache file /afs/cern.ch/user/c/ccosby/.crab3
DEBUG 2020-04-27 06:16:02.938 UTC: 	 Checking credentials
DEBUG 2020-04-27 06:16:02.940 UTC: 	 Found proxy file /tmp/x509up_u119364
DEBUG 2020-04-27 06:16:02.940 UTC: 	 Getting proxy life time left
DEBUG 2020-04-27 06:16:03.548 UTC: 	 Executing : 
 command : voms-proxy-info -file /tmp/x509up_u119364 -timeleft
 output : 42976

 error: 
 retcode : 0
DEBUG 2020-04-27 06:16:04.156 UTC: 	 Executing : 
 command : voms-proxy-info -file /tmp/x509up_u119364 -actimeleft
 output : 42975

 error: 
 retcode : 0
DEBUG 2020-04-27 06:16:04.156 UTC: 	 Proxy lifetime 42976 secs is different from voms extension lifetime 42975 secs for proxy: /tmp/x509up_u119364
DEBUG 2020-04-27 06:16:04.156 UTC: 	 Proxy valid for 11:56:15 hours
INFO 2020-04-27 06:16:04.156 UTC: 	 Will use CRAB configuration file crabConfig.py
DEBUG 2020-04-27 06:16:04.156 UTC: 	 Loading CRAB configuration file.
DEBUG 2020-04-27 06:16:04.175 UTC: 	 Will use CRAB Analysis plugin (i.e. will run an analysis job type).
DEBUG 2020-04-27 06:16:04.290 UTC: 	 Executing : 
 command : openssl x509 -in ~/.globus/usercert.pem -subject -noout
 output : subject= /DC=ch/DC=cern/OU=Organic Units/OU=Users/CN=ccosby/CN=834196/CN=Christopher Steven Cosby

 error: 
 retcode : 0
DEBUG 2020-04-27 06:16:04.291 UTC: 	 Checking credentials
DEBUG 2020-04-27 06:16:04.291 UTC: 	 Found proxy file /tmp/x509up_u119364
DEBUG 2020-04-27 06:16:04.291 UTC: 	 Getting proxy life time left
DEBUG 2020-04-27 06:16:04.896 UTC: 	 Executing : 
 command : voms-proxy-info -file /tmp/x509up_u119364 -timeleft
 output : 42975

 error: 
 retcode : 0
DEBUG 2020-04-27 06:16:05.503 UTC: 	 Executing : 
 command : voms-proxy-info -file /tmp/x509up_u119364 -actimeleft
 output : 42974

 error: 
 retcode : 0
DEBUG 2020-04-27 06:16:05.503 UTC: 	 Proxy lifetime 42975 secs is different from voms extension lifetime 42974 secs for proxy: /tmp/x509up_u119364
DEBUG 2020-04-27 06:16:05.503 UTC: 	 Proxy valid for 11:56:14 hours
DEBUG 2020-04-27 06:16:06.110 UTC: 	 Executing : 
 command : env X509_USER_PROXY=/tmp/x509up_u119364 voms-proxy-info -fqan
 output : /cms/Role=NULL/Capability=NULL

 error: 
 retcode : 0
DEBUG 2020-04-27 06:16:06.182 UTC: 	 Registering user credentials for server /DC=ch/DC=cern/OU=computers/CN=vocms0105.cern.ch|/DC=ch/DC=cern/OU=computers/CN=crab-(preprod|prod|dev)-tw(02|01).cern.ch|/DC=ch/DC=cern/OU=computers/CN=(ddi|ddidk|mytw).cern.ch
DEBUG 2020-04-27 06:16:06.292 UTC: 	 Executing : 
 command : openssl x509 -in ~/.globus/usercert.pem -subject -noout
 output : subject= /DC=ch/DC=cern/OU=Organic Units/OU=Users/CN=ccosby/CN=834196/CN=Christopher Steven Cosby

 error: 
 retcode : 0
DEBUG 2020-04-27 06:16:06.293 UTC: 	 Getting myproxy life time left for myproxy.cern.ch
DEBUG 2020-04-27 06:16:06.293 UTC: 	 Calculating hash of /DC=ch/DC=cern/OU=Organic Units/OU=Users/CN=ccosby/CN=834196/CN=Christopher Steven Cosby_cmsweb.cern.ch for credential name
DEBUG 2020-04-27 06:16:06.497 UTC: 	 Executing : 
 command : myproxy-info -l 26967ec133c94bf7c0631336874999a7497a622e -s myproxy.cern.ch
 output : username: 26967ec133c94bf7c0631336874999a7497a622e
owner: /DC=ch/DC=cern/OU=Organic Units/OU=Users/CN=ccosby/CN=834196/CN=Christopher Steven Cosby
  renewal policy: /DC=ch/DC=cern/OU=computers/CN=vocms0105.cern.ch|/DC=ch/DC=cern/OU=computers/CN=crab-(preprod|prod|dev)-tw(02|01).cern.ch|/DC=ch/DC=cern/OU=computers/CN=(ddi|ddidk|mytw).cern.ch
  trusted retrieval policy: /DC=ch/DC=cern/OU=computers/CN=vocms0105.cern.ch|/DC=ch/DC=cern/OU=computers/CN=crab-(preprod|prod|dev)-tw(02|01).cern.ch|/DC=ch/DC=cern/OU=computers/CN=(ddi|ddidk|mytw).cern.ch
  timeleft: 446:13:00  (18.6 days)

 error: 
 retcode : 0
DEBUG 2020-04-27 06:16:06.498 UTC: 	 Myproxy is valid: 1606380
DEBUG 2020-04-27 06:16:06.498 UTC: 	 Command use: submit
DEBUG 2020-04-27 06:16:06.499 UTC: 	 Options use: ['crabConfig.py']
DEBUG 2020-04-27 06:16:06.565 UTC: 	 CRABClient version: 3.3.2001
DEBUG 2020-04-27 06:16:06.566 UTC: 	 Instance is prod
DEBUG 2020-04-27 06:16:06.566 UTC: 	 Server base url is cmsweb.cern.ch
DEBUG 2020-04-27 06:16:06.566 UTC: 	 Command url /crabserver/prod/workflow
DEBUG 2020-04-27 06:16:06.566 UTC: 	 Started submission
DEBUG 2020-04-27 06:16:06.566 UTC: 	 Working on /afs/cern.ch/user/c/ccosby/lowMassZPrime/triggerStudy/CMSSW_10_2_3/src/DileptonAnalysis/AnalysisStep/crab/DYJetsToLL_M-10to50_TuneCP5_13TeV-madgraphMLM-pythia8/crab_20200427_081604
DEBUG 2020-04-27 06:16:06.670 UTC: 	 Loading required information from the environment
DEBUG 2020-04-27 06:16:06.670 UTC: 	 Found CMSSW_10_2_3 for slc7_amd64_gcc700 with base /afs/cern.ch/user/c/ccosby/lowMassZPrime/triggerStudy/CMSSW_10_2_3
DEBUG 2020-04-27 06:16:06.670 UTC: 	 Loading required information from the environment
DEBUG 2020-04-27 06:16:06.670 UTC: 	 Found CMSSW_10_2_3 for slc7_amd64_gcc700 with base /afs/cern.ch/user/c/ccosby/lowMassZPrime/triggerStudy/CMSSW_10_2_3
DEBUG 2020-04-27 06:16:06.684 UTC: 	 UNIQUE NAME: tarUUID bdffc5a0-9145-4850-8c35-cef9dff43ea3 
DEBUG 2020-04-27 06:16:06.684 UTC: 	 self.config: from WMCore.Configuration import Configuration
config = Configuration()
config.section_('General')
config.section_('JobType')
config.JobType.psetName = '../../test/tree_cfg.py'
config.JobType.pluginName = 'Analysis'
config.JobType.pyCfgParams = ['isMC=True', 'useWeights=True', 'xsec=1.0']
config.JobType.allowUndistributedCMSSW = True
config.section_('Data')
config.Data.inputDataset = '/DYJetsToLL_M-10to50_TuneCP5_13TeV-madgraphMLM-pythia8/RunIIAutumn18MiniAOD-102X_upgrade2018_realistic_v15-v2/MINIAODSIM'
config.Data.unitsPerJob = 50000
config.Data.splitting = 'EventAwareLumiBased'
config.Data.outLFNDirBase = '/store/user/ccosby/Zdark020320DY/'
config.section_('Site')
config.Site.storageSite = 'T2_CH_CERNBOX'
config.section_('User')
config.section_('Debug')

DEBUG 2020-04-27 06:16:06.684 UTC: 	 self.config.JobType.psetName: ../../test/tree_cfg.py
INFO 2020-04-27 06:16:06.685 UTC: 	 Importing CMSSW configuration ../../test/tree_cfg.py
DEBUG 2020-04-27 06:16:06.685 UTC: 	 Additional parameters for the CMSSW configuration are: ['isMC=True', 'useWeights=True', 'xsec=1.0']
INFO 2020-04-27 06:16:06.916 UTC: 	 Finished importing CMSSW configuration ../../test/tree_cfg.py
DEBUG 2020-04-27 06:16:06.916 UTC: 	 Writing CMSSW configuration to /afs/cern.ch/user/c/ccosby/lowMassZPrime/triggerStudy/CMSSW_10_2_3/src/DileptonAnalysis/AnalysisStep/crab/DYJetsToLL_M-10to50_TuneCP5_13TeV-madgraphMLM-pythia8/crab_20200427_081604/inputs/PSet.py
DEBUG 2020-04-27 06:16:06.960 UTC: 	 The following EDM output files will be collected: []
DEBUG 2020-04-27 06:16:06.960 UTC: 	 The following TFile output files will be collected: ['tree.root']
DEBUG 2020-04-27 06:16:06.960 UTC: 	 The following user output files (not listed as PoolOuputModule or TFileService in the CMSSW PSet) will be collected: 
DEBUG 2020-04-27 06:16:06.960 UTC: 	 Loading required information from the environment
DEBUG 2020-04-27 06:16:06.960 UTC: 	 Found CMSSW_10_2_3 for slc7_amd64_gcc700 with base /afs/cern.ch/user/c/ccosby/lowMassZPrime/triggerStudy/CMSSW_10_2_3
DEBUG 2020-04-27 06:16:06.960 UTC: 	 Making tarball in /afs/cern.ch/user/c/ccosby/lowMassZPrime/triggerStudy/CMSSW_10_2_3/src/DileptonAnalysis/AnalysisStep/crab/DYJetsToLL_M-10to50_TuneCP5_13TeV-madgraphMLM-pythia8/crab_20200427_081604/inputs/bdffc5a0-9145-4850-8c35-cef9dff43ea3default.tgz
DEBUG 2020-04-27 06:16:06.961 UTC: 	 Checking directory /afs/cern.ch/user/c/ccosby/lowMassZPrime/triggerStudy/CMSSW_10_2_3/lib
DEBUG 2020-04-27 06:16:06.961 UTC: 	 Adding directory /afs/cern.ch/user/c/ccosby/lowMassZPrime/triggerStudy/CMSSW_10_2_3/lib to tarball
DEBUG 2020-04-27 06:16:06.973 UTC: 	 Checking directory /afs/cern.ch/user/c/ccosby/lowMassZPrime/triggerStudy/CMSSW_10_2_3/biglib
DEBUG 2020-04-27 06:16:06.973 UTC: 	 Adding directory /afs/cern.ch/user/c/ccosby/lowMassZPrime/triggerStudy/CMSSW_10_2_3/biglib to tarball
DEBUG 2020-04-27 06:16:06.973 UTC: 	 Checking directory /afs/cern.ch/user/c/ccosby/lowMassZPrime/triggerStudy/CMSSW_10_2_3/module
DEBUG 2020-04-27 06:16:06.998 UTC: 	 Adding data directory /afs/cern.ch/user/c/ccosby/lowMassZPrime/triggerStudy/CMSSW_10_2_3/src/DileptonAnalysis/AnalysisStep/data to tarball
DEBUG 2020-04-27 06:16:07.555 UTC: 	 Adding data directory /afs/cern.ch/user/c/ccosby/lowMassZPrime/triggerStudy/CMSSW_10_2_3/src/DileptonAnalysis/AnalysisStep/interface to tarball
DEBUG 2020-04-27 06:16:07.589 UTC: 	 Adding data directory /afs/cern.ch/user/c/ccosby/lowMassZPrime/triggerStudy/CMSSW_10_2_3/src/chrisDileptonAnalysis/DileptonAnalysis/AnalysisStep/data to tarball
DEBUG 2020-04-27 06:16:08.035 UTC: 	 Adding data directory /afs/cern.ch/user/c/ccosby/lowMassZPrime/triggerStudy/CMSSW_10_2_3/src/chrisDileptonAnalysis/DileptonAnalysis/AnalysisStep/interface to tarball
DEBUG 2020-04-27 06:16:08.160 UTC: 	 Uploading archive /afs/cern.ch/user/c/ccosby/lowMassZPrime/triggerStudy/CMSSW_10_2_3/src/DileptonAnalysis/AnalysisStep/crab/DYJetsToLL_M-10to50_TuneCP5_13TeV-madgraphMLM-pythia8/crab_20200427_081604/inputs/bdffc5a0-9145-4850-8c35-cef9dff43ea3default.tgz (1.924805.1 MB) to the CRAB cache. Using URI https://cmsweb.cern.ch/crabcache
DEBUG 2020-04-27 06:16:10.377 UTC: 	 Loading required information from the environment
DEBUG 2020-04-27 06:16:10.377 UTC: 	 Found CMSSW_10_2_3 for slc7_amd64_gcc700 with base /afs/cern.ch/user/c/ccosby/lowMassZPrime/triggerStudy/CMSSW_10_2_3
DEBUG 2020-04-27 06:16:10.377 UTC: 	 Making tarball in /afs/cern.ch/user/c/ccosby/lowMassZPrime/triggerStudy/CMSSW_10_2_3/src/DileptonAnalysis/AnalysisStep/crab/DYJetsToLL_M-10to50_TuneCP5_13TeV-madgraphMLM-pythia8/crab_20200427_081604/inputs/debugFiles.tgz
DEBUG 2020-04-27 06:16:10.430 UTC: 	 Uploading archive /afs/cern.ch/user/c/ccosby/lowMassZPrime/triggerStudy/CMSSW_10_2_3/src/DileptonAnalysis/AnalysisStep/crab/DYJetsToLL_M-10to50_TuneCP5_13TeV-madgraphMLM-pythia8/crab_20200427_081604/inputs/debugFiles.tgz (4 KB) to the CRAB cache. Using URI https://cmsweb.cern.ch/crabcache
DEBUG 2020-04-27 06:16:10.495 UTC: 	 Result uploading input files: 7bf289ec8d9cda5026c6a16ca45d9b8b78947760f1380edc19d753d0b2c19f4d.tar.gz 
WARNING 2020-04-27 06:16:10.495 UTC: 	 Warning: The following output files will not be published, as they are not EDM files: ['tree.root']
INFO 2020-04-27 06:16:10.495 UTC: 	 Sending the request to the server at cmsweb.cern.ch
DEBUG 2020-04-27 06:16:10.495 UTC: 	 Submitting {'maxjobruntime': 1250, 'extrajdl': [], 'ignorelocality': 0, 'savelogsflag': 0, 'useparent': 0, 'asyncdest': 'T2_CH_CERNBOX', 'algoargs': 50000, 'cachefilename': '7bf289ec8d9cda5026c6a16ca45d9b8b78947760f1380edc19d753d0b2c19f4d.tar.gz', 'numcores': 1, 'addoutputfiles': [], 'generator': 'pythia', 'maxmemory': 2000, 'publishdbsurl': 'https://cmsweb.cern.ch/dbs/prod/phys03/DBSWriter', 'priority': 10, 'jobsw': 'CMSSW_10_2_3', 'edmoutfiles': [], 'userfiles': [], 'primarydataset': '', 'inputdata': '/DYJetsToLL_M-10to50_TuneCP5_13TeV-madgraphMLM-pythia8/RunIIAutumn18MiniAOD-102X_upgrade2018_realistic_v15-v2/MINIAODSIM', 'lfn': '/store/user/ccosby/Zdark020320DY/', 'dryrun': 0, 'workflow': 'crab_20200427_081604', 'cacheurl': u'https://cmsweb.cern.ch/crabcache', 'nonprodsw': 1, 'tfileoutfiles': ['tree.root'], 'oneEventMode': 0, 'debugfilename': 'e497335dcbae98dd2d6027f91570dca33cb289496d8181ef09ec3eb90ebc492b.tar.gz', 'saveoutput': 1, 'publication': 1, 'jobarch': 'slc7_amd64_gcc700', 'totalunits': 0, 'splitalgo': 'EventAwareLumiBased', 'ignoreglobalblacklist': 0, 'nonvaliddata': 0, 'dbsurl': 'https://cmsweb.cern.ch/dbs/prod/global/DBSReader', 'publishgroupname': 0, 'jobtype': 'Analysis', 'publishname2': ''} 
DEBUG 2020-04-27 06:16:10.496 UTC: 	 Encoded submit request: maxjobruntime=1250&ignorelocality=0&savelogsflag=0&useparent=0&asyncdest=T2_CH_CERNBOX&algoargs=50000&cachefilename=7bf289ec8d9cda5026c6a16ca45d9b8b78947760f1380edc19d753d0b2c19f4d.tar.gz&numcores=1&generator=pythia&maxmemory=2000&publishdbsurl=https%3A%2F%2Fcmsweb.cern.ch%2Fdbs%2Fprod%2Fphys03%2FDBSWriter&priority=10&jobsw=CMSSW_10_2_3&primarydataset=&inputdata=%2FDYJetsToLL_M-10to50_TuneCP5_13TeV-madgraphMLM-pythia8%2FRunIIAutumn18MiniAOD-102X_upgrade2018_realistic_v15-v2%2FMINIAODSIM&lfn=%2Fstore%2Fuser%2Fccosby%2FZdark020320DY%2F&dryrun=0&workflow=crab_20200427_081604&cacheurl=https%3A%2F%2Fcmsweb.cern.ch%2Fcrabcache&nonprodsw=1&oneEventMode=0&debugfilename=e497335dcbae98dd2d6027f91570dca33cb289496d8181ef09ec3eb90ebc492b.tar.gz&saveoutput=1&publication=1&jobarch=slc7_amd64_gcc700&totalunits=0&splitalgo=EventAwareLumiBased&ignoreglobalblacklist=0&nonvaliddata=0&dbsurl=https%3A%2F%2Fcmsweb.cern.ch%2Fdbs%2Fprod%2Fglobal%2FDBSReader&publishgroupname=0&jobtype=Analysis&publishname2=&tfileoutfiles=tree.root
DEBUG 2020-04-27 06:16:10.632 UTC: 	 Result: {u'result': [{u'RequestName': u'200427_061610:ccosby_crab_20200427_081604'}]}
INFO 2020-04-27 06:16:10.634 UTC: 	 Success: Your task has been delivered to the prod CRAB3 server.
INFO 2020-04-27 06:16:10.634 UTC: 	 Task name: 200427_061610:ccosby_crab_20200427_081604
INFO 2020-04-27 06:16:10.634 UTC: 	 Project dir: ./crab_20200427_081604
INFO 2020-04-27 06:16:10.634 UTC: 	 Please use 'crab status -d ./crab_20200427_081604' to check how the submission process proceeds.
DEBUG 2020-04-27 06:16:10.634 UTC: 	 About to return
INFO 2020-04-27 06:16:10.637 UTC: 	 Log file is /afs/cern.ch/user/c/ccosby/lowMassZPrime/triggerStudy/CMSSW_10_2_3/src/DileptonAnalysis/AnalysisStep/crab/DYJetsToLL_M-10to50_TuneCP5_13TeV-madgraphMLM-pythia8/crab_20200427_081604/crab.log
