DEBUG 2020-05-26 17:58:19.810 UTC: 	 CRAB Client version: 3.3.2005
DEBUG 2020-05-26 17:58:19.810 UTC: 	 Running on: Linux lxplus7125.cern.ch 3.10.0-1062.18.1.el7.x86_64 #1 SMP Tue Mar 17 23:49:17 UTC 2020 x86_64 x86_64 x86_64 GNU/Linux - CentOS Linux 7 (Core)
DEBUG 2020-05-26 17:58:19.837 UTC: 	 OpenSSl version: OpenSSL 1.0.2k-fips  26 Jan 2017 (Library: OpenSSL 1.0.2d-fips 9 Jul 2015)
DEBUG 2020-05-26 17:58:19.837 UTC: 	 Executing command: 'submit'
DEBUG 2020-05-26 17:58:19.838 UTC: 	 Found CRAB cache file /afs/cern.ch/user/c/ccosby/.crab3
INFO 2020-05-26 17:58:19.839 UTC: 	 Will use CRAB configuration file crabConfig.py
DEBUG 2020-05-26 17:58:19.839 UTC: 	 Loading CRAB configuration file.
DEBUG 2020-05-26 17:58:19.862 UTC: 	 Will use CRAB Analysis plugin (i.e. will run an analysis job type).
DEBUG 2020-05-26 17:58:19.876 UTC: 	 Checking credentials
DEBUG 2020-05-26 17:58:19.877 UTC: 	 Found proxy file /tmp/x509up_u119364
DEBUG 2020-05-26 17:58:19.877 UTC: 	 Getting proxy life time left
DEBUG 2020-05-26 17:58:20.483 UTC: 	 Executing : 
 command : voms-proxy-info -file /tmp/x509up_u119364 -timeleft
 output : 40725

 error: 
 retcode : 0
DEBUG 2020-05-26 17:58:21.090 UTC: 	 Executing : 
 command : voms-proxy-info -file /tmp/x509up_u119364 -actimeleft
 output : 40725

 error: 
 retcode : 0
DEBUG 2020-05-26 17:58:21.091 UTC: 	 Proxy valid for 11:18:45 hours
DEBUG 2020-05-26 17:58:21.699 UTC: 	 Executing : 
 command : env X509_USER_PROXY=/tmp/x509up_u119364 voms-proxy-info -fqan
 output : /cms/Role=NULL/Capability=NULL

 error: 
 retcode : 0
DEBUG 2020-05-26 17:58:21.772 UTC: 	 Registering user credentials for server /DC=ch/DC=cern/OU=computers/CN=vocms0105.cern.ch|/DC=ch/DC=cern/OU=computers/CN=crab-(preprod|prod|dev)-tw(02|01).cern.ch|/DC=ch/DC=cern/OU=computers/CN=(ddi|ddidk|mytw).cern.ch|/DC=ch/DC=cern/OU=computers/CN=stefanov(m|m2).cern.ch
DEBUG 2020-05-26 17:58:21.883 UTC: 	 Executing : 
 command : openssl x509 -in ~/.globus/usercert.pem -subject -noout
 output : subject= /DC=ch/DC=cern/OU=Organic Units/OU=Users/CN=ccosby/CN=834196/CN=Christopher Steven Cosby

 error: 
 retcode : 0
DEBUG 2020-05-26 17:58:21.883 UTC: 	 Getting myproxy life time left for myproxy.cern.ch
DEBUG 2020-05-26 17:58:21.883 UTC: 	 Calculating hash of /DC=ch/DC=cern/OU=Organic Units/OU=Users/CN=ccosby/CN=834196/CN=Christopher Steven Cosby_cmsweb.cern.ch for credential name
DEBUG 2020-05-26 17:58:22.187 UTC: 	 Executing : 
 command : myproxy-info -l 26967ec133c94bf7c0631336874999a7497a622e -s myproxy.cern.ch
 output : username: 26967ec133c94bf7c0631336874999a7497a622e
owner: /DC=ch/DC=cern/OU=Organic Units/OU=Users/CN=ccosby/CN=834196/CN=Christopher Steven Cosby
  renewal policy: /DC=ch/DC=cern/OU=computers/CN=vocms0105.cern.ch|/DC=ch/DC=cern/OU=computers/CN=crab-(preprod|prod|dev)-tw(02|01).cern.ch|/DC=ch/DC=cern/OU=computers/CN=(ddi|ddidk|mytw).cern.ch|/DC=ch/DC=cern/OU=computers/CN=stefanov(m|m2).cern.ch
  trusted retrieval policy: /DC=ch/DC=cern/OU=computers/CN=vocms0105.cern.ch|/DC=ch/DC=cern/OU=computers/CN=crab-(preprod|prod|dev)-tw(02|01).cern.ch|/DC=ch/DC=cern/OU=computers/CN=(ddi|ddidk|mytw).cern.ch|/DC=ch/DC=cern/OU=computers/CN=stefanov(m|m2).cern.ch
  timeleft: 719:42:43  (30.0 days)

 error: 
 retcode : 0
DEBUG 2020-05-26 17:58:22.189 UTC: 	 Myproxy is valid: 2590963
DEBUG 2020-05-26 17:58:22.189 UTC: 	 Retrieving username ...
DEBUG 2020-05-26 17:58:22.189 UTC: 	 Retrieving username from CRIC...
DEBUG 2020-05-26 17:58:22.860 UTC: 	 username is ccosby
DEBUG 2020-05-26 17:58:22.868 UTC: 	 Getting myproxy life time left for myproxy.cern.ch
DEBUG 2020-05-26 17:58:22.869 UTC: 	 using ccosby_CRAB as credential login name
DEBUG 2020-05-26 17:58:23.274 UTC: 	 Executing : 
 command : myproxy-info -l ccosby_CRAB -s myproxy.cern.ch
 output : username: ccosby_CRAB
owner: /DC=ch/DC=cern/OU=Organic Units/OU=Users/CN=ccosby/CN=834196/CN=Christopher Steven Cosby
  renewal policy: /DC=ch/DC=cern/OU=computers/CN=vocms0105.cern.ch|/DC=ch/DC=cern/OU=computers/CN=crab-(preprod|prod|dev)-tw(02|01).cern.ch|/DC=ch/DC=cern/OU=computers/CN=(ddi|ddidk|mytw).cern.ch|/DC=ch/DC=cern/OU=computers/CN=stefanov(m|m2).cern.ch
  trusted retrieval policy: /DC=ch/DC=cern/OU=computers/CN=vocms0105.cern.ch|/DC=ch/DC=cern/OU=computers/CN=crab-(preprod|prod|dev)-tw(02|01).cern.ch|/DC=ch/DC=cern/OU=computers/CN=(ddi|ddidk|mytw).cern.ch|/DC=ch/DC=cern/OU=computers/CN=stefanov(m|m2).cern.ch
  timeleft: 440:04:23  (18.3 days)

 error: 
 retcode : 0
DEBUG 2020-05-26 17:58:23.275 UTC: 	 Myproxy is valid: 1584263
DEBUG 2020-05-26 17:58:23.275 UTC: 	 Command use: submit
DEBUG 2020-05-26 17:58:23.275 UTC: 	 Options use: ['crabConfig.py']
DEBUG 2020-05-26 17:58:23.351 UTC: 	 CRABClient version: 3.3.2005
DEBUG 2020-05-26 17:58:23.351 UTC: 	 Instance is prod
DEBUG 2020-05-26 17:58:23.351 UTC: 	 Server base url is cmsweb.cern.ch
DEBUG 2020-05-26 17:58:23.351 UTC: 	 Command url /crabserver/prod/workflow
DEBUG 2020-05-26 17:58:23.351 UTC: 	 Started submission
DEBUG 2020-05-26 17:58:23.351 UTC: 	 Working on /afs/cern.ch/user/c/ccosby/lowMassZPrime/triggerStudy/CMSSW_10_2_3/src/DileptonAnalysis/AnalysisStep/crab/mXX150mA5cT270/crab_20200526_195819
DEBUG 2020-05-26 17:58:23.455 UTC: 	 Loading required information from the environment
DEBUG 2020-05-26 17:58:23.455 UTC: 	 Found CMSSW_10_2_3 for slc7_amd64_gcc700 with base /afs/cern.ch/user/c/ccosby/lowMassZPrime/triggerStudy/CMSSW_10_2_3
DEBUG 2020-05-26 17:58:23.455 UTC: 	 Loading required information from the environment
DEBUG 2020-05-26 17:58:23.455 UTC: 	 Found CMSSW_10_2_3 for slc7_amd64_gcc700 with base /afs/cern.ch/user/c/ccosby/lowMassZPrime/triggerStudy/CMSSW_10_2_3
DEBUG 2020-05-26 17:58:23.455 UTC: 	 UNIQUE NAME: tarUUID ba233d98-e28d-4f2e-83fc-40a33af0b29f 
DEBUG 2020-05-26 17:58:23.455 UTC: 	 self.config: from WMCore.Configuration import Configuration
config = Configuration()
config.section_('General')
config.section_('JobType')
config.JobType.psetName = '../../test/tree_cfg.py'
config.JobType.pluginName = 'Analysis'
config.JobType.pyCfgParams = ['isMC=True', 'useWeights=False', 'xsec=1.00', 'addEventInfo=True']
config.JobType.allowUndistributedCMSSW = True
config.section_('Data')
config.Data.inputDataset = '/SIDM_XXTo2ATo2Mu2E_mXX-150_mA-5_ctau-270_TuneCP5_13TeV-madgraph-pythia8/RunIIAutumn18MiniAOD-102X_upgrade2018_realistic_v15-v1/MINIAODSIM'
config.Data.unitsPerJob = 10000
config.Data.outLFNDirBase = '/store/user/ccosby/mXX150mA5cT270/'
config.Data.splitting = 'EventAwareLumiBased'
config.Data.inputDBS = 'global'
config.section_('Site')
config.Site.storageSite = 'T2_CH_CERNBOX'
config.section_('User')
config.section_('Debug')

DEBUG 2020-05-26 17:58:23.455 UTC: 	 self.config.JobType.psetName: ../../test/tree_cfg.py
INFO 2020-05-26 17:58:23.455 UTC: 	 Importing CMSSW configuration ../../test/tree_cfg.py
DEBUG 2020-05-26 17:58:23.455 UTC: 	 Additional parameters for the CMSSW configuration are: ['isMC=True', 'useWeights=False', 'xsec=1.00', 'addEventInfo=True']
INFO 2020-05-26 17:58:23.710 UTC: 	 Finished importing CMSSW configuration ../../test/tree_cfg.py
DEBUG 2020-05-26 17:58:23.710 UTC: 	 Writing CMSSW configuration to /afs/cern.ch/user/c/ccosby/lowMassZPrime/triggerStudy/CMSSW_10_2_3/src/DileptonAnalysis/AnalysisStep/crab/mXX150mA5cT270/crab_20200526_195819/inputs/PSet.py
DEBUG 2020-05-26 17:58:23.750 UTC: 	 The following EDM output files will be collected: []
DEBUG 2020-05-26 17:58:23.750 UTC: 	 The following TFile output files will be collected: ['tree.root']
DEBUG 2020-05-26 17:58:23.750 UTC: 	 The following user output files (not listed as PoolOuputModule or TFileService in the CMSSW PSet) will be collected: 
DEBUG 2020-05-26 17:58:23.750 UTC: 	 Loading required information from the environment
DEBUG 2020-05-26 17:58:23.750 UTC: 	 Found CMSSW_10_2_3 for slc7_amd64_gcc700 with base /afs/cern.ch/user/c/ccosby/lowMassZPrime/triggerStudy/CMSSW_10_2_3
DEBUG 2020-05-26 17:58:23.750 UTC: 	 Making tarball in /afs/cern.ch/user/c/ccosby/lowMassZPrime/triggerStudy/CMSSW_10_2_3/src/DileptonAnalysis/AnalysisStep/crab/mXX150mA5cT270/crab_20200526_195819/inputs/ba233d98-e28d-4f2e-83fc-40a33af0b29fdefault.tgz
DEBUG 2020-05-26 17:58:23.751 UTC: 	 Checking directory /afs/cern.ch/user/c/ccosby/lowMassZPrime/triggerStudy/CMSSW_10_2_3/lib
DEBUG 2020-05-26 17:58:23.751 UTC: 	 Adding directory /afs/cern.ch/user/c/ccosby/lowMassZPrime/triggerStudy/CMSSW_10_2_3/lib to tarball
DEBUG 2020-05-26 17:58:23.768 UTC: 	 Checking directory /afs/cern.ch/user/c/ccosby/lowMassZPrime/triggerStudy/CMSSW_10_2_3/biglib
DEBUG 2020-05-26 17:58:23.768 UTC: 	 Adding directory /afs/cern.ch/user/c/ccosby/lowMassZPrime/triggerStudy/CMSSW_10_2_3/biglib to tarball
DEBUG 2020-05-26 17:58:23.770 UTC: 	 Checking directory /afs/cern.ch/user/c/ccosby/lowMassZPrime/triggerStudy/CMSSW_10_2_3/module
DEBUG 2020-05-26 17:58:23.919 UTC: 	 Adding data directory /afs/cern.ch/user/c/ccosby/lowMassZPrime/triggerStudy/CMSSW_10_2_3/src/DileptonAnalysis/AnalysisStep/data to tarball
DEBUG 2020-05-26 17:58:24.430 UTC: 	 Adding data directory /afs/cern.ch/user/c/ccosby/lowMassZPrime/triggerStudy/CMSSW_10_2_3/src/DileptonAnalysis/AnalysisStep/interface to tarball
DEBUG 2020-05-26 17:58:24.600 UTC: 	 Adding data directory /afs/cern.ch/user/c/ccosby/lowMassZPrime/triggerStudy/CMSSW_10_2_3/src/chrisDileptonAnalysis/DileptonAnalysis/AnalysisStep/data to tarball
DEBUG 2020-05-26 17:58:25.020 UTC: 	 Adding data directory /afs/cern.ch/user/c/ccosby/lowMassZPrime/triggerStudy/CMSSW_10_2_3/src/chrisDileptonAnalysis/DileptonAnalysis/AnalysisStep/interface to tarball
DEBUG 2020-05-26 17:58:25.128 UTC: 	 Uploading archive /afs/cern.ch/user/c/ccosby/lowMassZPrime/triggerStudy/CMSSW_10_2_3/src/DileptonAnalysis/AnalysisStep/crab/mXX150mA5cT270/crab_20200526_195819/inputs/ba233d98-e28d-4f2e-83fc-40a33af0b29fdefault.tgz (1.924805.1 MB) to the CRAB cache. Using URI https://cmsweb.cern.ch/crabcache
DEBUG 2020-05-26 17:58:27.412 UTC: 	 Loading required information from the environment
DEBUG 2020-05-26 17:58:27.412 UTC: 	 Found CMSSW_10_2_3 for slc7_amd64_gcc700 with base /afs/cern.ch/user/c/ccosby/lowMassZPrime/triggerStudy/CMSSW_10_2_3
DEBUG 2020-05-26 17:58:27.412 UTC: 	 Making tarball in /afs/cern.ch/user/c/ccosby/lowMassZPrime/triggerStudy/CMSSW_10_2_3/src/DileptonAnalysis/AnalysisStep/crab/mXX150mA5cT270/crab_20200526_195819/inputs/debugFiles.tgz
DEBUG 2020-05-26 17:58:27.418 UTC: 	 Uploading archive /afs/cern.ch/user/c/ccosby/lowMassZPrime/triggerStudy/CMSSW_10_2_3/src/DileptonAnalysis/AnalysisStep/crab/mXX150mA5cT270/crab_20200526_195819/inputs/debugFiles.tgz (4 KB) to the CRAB cache. Using URI https://cmsweb.cern.ch/crabcache
DEBUG 2020-05-26 17:58:27.509 UTC: 	 Result uploading input files: 6fa0736fd2bff4c7874901c4d6783ab56ccf1827ea78db69c36f4028e3b33806.tar.gz 
WARNING 2020-05-26 17:58:27.509 UTC: 	 Warning: The following output files will not be published, as they are not EDM files: ['tree.root']
INFO 2020-05-26 17:58:27.510 UTC: 	 Sending the request to the server at cmsweb.cern.ch
DEBUG 2020-05-26 17:58:27.510 UTC: 	 Submitting {'maxjobruntime': 1250, 'extrajdl': [], 'ignorelocality': 0, 'savelogsflag': 0, 'useparent': 0, 'asyncdest': 'T2_CH_CERNBOX', 'algoargs': 10000, 'cachefilename': '6fa0736fd2bff4c7874901c4d6783ab56ccf1827ea78db69c36f4028e3b33806.tar.gz', 'numcores': 1, 'addoutputfiles': [], 'generator': 'pythia', 'maxmemory': 2000, 'publishdbsurl': 'https://cmsweb.cern.ch/dbs/prod/phys03/DBSWriter', 'priority': 10, 'jobsw': 'CMSSW_10_2_3', 'edmoutfiles': [], 'userfiles': [], 'primarydataset': '', 'inputdata': '/SIDM_XXTo2ATo2Mu2E_mXX-150_mA-5_ctau-270_TuneCP5_13TeV-madgraph-pythia8/RunIIAutumn18MiniAOD-102X_upgrade2018_realistic_v15-v1/MINIAODSIM', 'lfn': '/store/user/ccosby/mXX150mA5cT270/', 'dryrun': 0, 'workflow': 'crab_20200526_195819', 'cacheurl': u'https://cmsweb.cern.ch/crabcache', 'nonprodsw': 1, 'tfileoutfiles': ['tree.root'], 'oneEventMode': 0, 'debugfilename': '4c398729a75d78e8e35b682f7e5b6f1dbb64ce0afbc465824df613eb5c1f8702.tar.gz', 'saveoutput': 1, 'publication': 1, 'jobarch': 'slc7_amd64_gcc700', 'totalunits': 0, 'splitalgo': 'EventAwareLumiBased', 'ignoreglobalblacklist': 0, 'nonvaliddata': 0, 'dbsurl': 'https://cmsweb.cern.ch/dbs/prod/global/DBSReader', 'publishgroupname': 0, 'jobtype': 'Analysis', 'publishname2': ''} 
DEBUG 2020-05-26 17:58:27.510 UTC: 	 Encoded submit request: maxjobruntime=1250&ignorelocality=0&savelogsflag=0&useparent=0&asyncdest=T2_CH_CERNBOX&algoargs=10000&cachefilename=6fa0736fd2bff4c7874901c4d6783ab56ccf1827ea78db69c36f4028e3b33806.tar.gz&numcores=1&generator=pythia&maxmemory=2000&publishdbsurl=https%3A%2F%2Fcmsweb.cern.ch%2Fdbs%2Fprod%2Fphys03%2FDBSWriter&priority=10&jobsw=CMSSW_10_2_3&primarydataset=&inputdata=%2FSIDM_XXTo2ATo2Mu2E_mXX-150_mA-5_ctau-270_TuneCP5_13TeV-madgraph-pythia8%2FRunIIAutumn18MiniAOD-102X_upgrade2018_realistic_v15-v1%2FMINIAODSIM&lfn=%2Fstore%2Fuser%2Fccosby%2FmXX150mA5cT270%2F&dryrun=0&workflow=crab_20200526_195819&cacheurl=https%3A%2F%2Fcmsweb.cern.ch%2Fcrabcache&nonprodsw=1&oneEventMode=0&debugfilename=4c398729a75d78e8e35b682f7e5b6f1dbb64ce0afbc465824df613eb5c1f8702.tar.gz&saveoutput=1&publication=1&jobarch=slc7_amd64_gcc700&totalunits=0&splitalgo=EventAwareLumiBased&ignoreglobalblacklist=0&nonvaliddata=0&dbsurl=https%3A%2F%2Fcmsweb.cern.ch%2Fdbs%2Fprod%2Fglobal%2FDBSReader&publishgroupname=0&jobtype=Analysis&publishname2=&tfileoutfiles=tree.root
DEBUG 2020-05-26 17:58:27.816 UTC: 	 Result: {u'result': [{u'RequestName': u'200526_175827:ccosby_crab_20200526_195819'}]}
INFO 2020-05-26 17:58:27.818 UTC: 	 Success: Your task has been delivered to the prod CRAB3 server.
INFO 2020-05-26 17:58:27.818 UTC: 	 Task name: 200526_175827:ccosby_crab_20200526_195819
INFO 2020-05-26 17:58:27.818 UTC: 	 Project dir: ./crab_20200526_195819
INFO 2020-05-26 17:58:27.819 UTC: 	 Please use ' crab status -d ./crab_20200526_195819 ' to check how the submission process proceeds.
DEBUG 2020-05-26 17:58:27.819 UTC: 	 About to return
INFO 2020-05-26 17:58:27.821 UTC: 	 Log file is /afs/cern.ch/user/c/ccosby/lowMassZPrime/triggerStudy/CMSSW_10_2_3/src/DileptonAnalysis/AnalysisStep/crab/mXX150mA5cT270/crab_20200526_195819/crab.log
