DEBUG 2020-04-17 04:39:42.453 UTC: 	 Running on: Linux lxplus7107.cern.ch 3.10.0-1062.12.1.el7.x86_64 #1 SMP Tue Feb 4 23:02:59 UTC 2020 x86_64 x86_64 x86_64 GNU/Linux - CentOS Linux 7 (Core)
DEBUG 2020-04-17 04:39:42.471 UTC: 	 OpenSSl version: OpenSSL 1.0.2k-fips  26 Jan 2017 (Library: OpenSSL 1.0.2d-fips 9 Jul 2015)
DEBUG 2020-04-17 04:39:42.472 UTC: 	 Executing command: 'submit'
DEBUG 2020-04-17 04:39:42.473 UTC: 	 Found CRAB cache file /afs/cern.ch/user/c/ccosby/.crab3
DEBUG 2020-04-17 04:39:42.481 UTC: 	 Checking credentials
DEBUG 2020-04-17 04:39:42.482 UTC: 	 Found proxy file /tmp/x509up_u119364
DEBUG 2020-04-17 04:39:42.482 UTC: 	 Getting proxy life time left
DEBUG 2020-04-17 04:39:43.288 UTC: 	 Executing : 
 command : voms-proxy-info -file /tmp/x509up_u119364 -timeleft
 output : 42223

 error: 
 retcode : 0
DEBUG 2020-04-17 04:39:43.995 UTC: 	 Executing : 
 command : voms-proxy-info -file /tmp/x509up_u119364 -actimeleft
 output : 42223

 error: 
 retcode : 0
DEBUG 2020-04-17 04:39:43.995 UTC: 	 Proxy valid for 11:43:43 hours
INFO 2020-04-17 04:39:43.996 UTC: 	 Will use CRAB configuration file crabConfig.py
DEBUG 2020-04-17 04:39:43.996 UTC: 	 Loading CRAB configuration file.
DEBUG 2020-04-17 04:39:44.004 UTC: 	 Will use CRAB Analysis plugin (i.e. will run an analysis job type).
DEBUG 2020-04-17 04:39:44.122 UTC: 	 Executing : 
 command : openssl x509 -in ~/.globus/usercert.pem -subject -noout
 output : subject= /DC=ch/DC=cern/OU=Organic Units/OU=Users/CN=ccosby/CN=834196/CN=Christopher Steven Cosby

 error: 
 retcode : 0
DEBUG 2020-04-17 04:39:44.122 UTC: 	 Checking credentials
DEBUG 2020-04-17 04:39:44.122 UTC: 	 Found proxy file /tmp/x509up_u119364
DEBUG 2020-04-17 04:39:44.122 UTC: 	 Getting proxy life time left
DEBUG 2020-04-17 04:39:44.829 UTC: 	 Executing : 
 command : voms-proxy-info -file /tmp/x509up_u119364 -timeleft
 output : 42222

 error: 
 retcode : 0
DEBUG 2020-04-17 04:39:45.535 UTC: 	 Executing : 
 command : voms-proxy-info -file /tmp/x509up_u119364 -actimeleft
 output : 42221

 error: 
 retcode : 0
DEBUG 2020-04-17 04:39:45.536 UTC: 	 Proxy lifetime 42222 secs is different from voms extension lifetime 42221 secs for proxy: /tmp/x509up_u119364
DEBUG 2020-04-17 04:39:45.536 UTC: 	 Proxy valid for 11:43:41 hours
DEBUG 2020-04-17 04:39:46.141 UTC: 	 Executing : 
 command : env X509_USER_PROXY=/tmp/x509up_u119364 voms-proxy-info -fqan
 output : /cms/Role=NULL/Capability=NULL

 error: 
 retcode : 0
DEBUG 2020-04-17 04:39:46.237 UTC: 	 Registering user credentials for server /DC=ch/DC=cern/OU=computers/CN=vocms0105.cern.ch|/DC=ch/DC=cern/OU=computers/CN=crab-(preprod|prod|dev)-tw(02|01).cern.ch|/DC=ch/DC=cern/OU=computers/CN=(ddi|ddidk|mytw).cern.ch
DEBUG 2020-04-17 04:39:46.348 UTC: 	 Executing : 
 command : openssl x509 -in ~/.globus/usercert.pem -subject -noout
 output : subject= /DC=ch/DC=cern/OU=Organic Units/OU=Users/CN=ccosby/CN=834196/CN=Christopher Steven Cosby

 error: 
 retcode : 0
DEBUG 2020-04-17 04:39:46.348 UTC: 	 Getting myproxy life time left for myproxy.cern.ch
DEBUG 2020-04-17 04:39:46.348 UTC: 	 Calculating hash of /DC=ch/DC=cern/OU=Organic Units/OU=Users/CN=ccosby/CN=834196/CN=Christopher Steven Cosby_cmsweb.cern.ch for credential name
DEBUG 2020-04-17 04:39:46.854 UTC: 	 Executing : 
 command : myproxy-info -l 26967ec133c94bf7c0631336874999a7497a622e -s myproxy.cern.ch
 output : username: 26967ec133c94bf7c0631336874999a7497a622e
owner: /DC=ch/DC=cern/OU=Organic Units/OU=Users/CN=ccosby/CN=834196/CN=Christopher Steven Cosby
  renewal policy: /DC=ch/DC=cern/OU=computers/CN=vocms0105.cern.ch|/DC=ch/DC=cern/OU=computers/CN=crab-(preprod|prod|dev)-tw(02|01).cern.ch|/DC=ch/DC=cern/OU=computers/CN=(ddi|ddidk|mytw).cern.ch
  trusted retrieval policy: /DC=ch/DC=cern/OU=computers/CN=vocms0105.cern.ch|/DC=ch/DC=cern/OU=computers/CN=crab-(preprod|prod|dev)-tw(02|01).cern.ch|/DC=ch/DC=cern/OU=computers/CN=(ddi|ddidk|mytw).cern.ch
  timeleft: 687:49:20  (28.7 days)

 error: 
 retcode : 0
DEBUG 2020-04-17 04:39:46.855 UTC: 	 Myproxy is valid: 2476160
DEBUG 2020-04-17 04:39:46.855 UTC: 	 Command use: submit
DEBUG 2020-04-17 04:39:46.855 UTC: 	 Options use: ['crabConfig.py']
DEBUG 2020-04-17 04:39:46.941 UTC: 	 CRABClient version: 3.3.2001
DEBUG 2020-04-17 04:39:46.941 UTC: 	 Instance is prod
DEBUG 2020-04-17 04:39:46.941 UTC: 	 Server base url is cmsweb.cern.ch
DEBUG 2020-04-17 04:39:46.941 UTC: 	 Command url /crabserver/prod/workflow
DEBUG 2020-04-17 04:39:46.941 UTC: 	 Started submission
DEBUG 2020-04-17 04:39:46.941 UTC: 	 Working on /afs/cern.ch/user/c/ccosby/lowMassZPrime/triggerStudy/CMSSW_10_2_3/src/DileptonAnalysis/AnalysisStep/crab/mXX150mA5cT130/crab_20200417_063944
DEBUG 2020-04-17 04:39:47.023 UTC: 	 Loading required information from the environment
DEBUG 2020-04-17 04:39:47.023 UTC: 	 Found CMSSW_10_2_3 for slc7_amd64_gcc700 with base /afs/cern.ch/user/c/ccosby/lowMassZPrime/triggerStudy/CMSSW_10_2_3
DEBUG 2020-04-17 04:39:47.023 UTC: 	 Loading required information from the environment
DEBUG 2020-04-17 04:39:47.023 UTC: 	 Found CMSSW_10_2_3 for slc7_amd64_gcc700 with base /afs/cern.ch/user/c/ccosby/lowMassZPrime/triggerStudy/CMSSW_10_2_3
DEBUG 2020-04-17 04:39:47.039 UTC: 	 UNIQUE NAME: tarUUID 99987ce8-1a73-4dde-ab28-e73830021813 
DEBUG 2020-04-17 04:39:47.039 UTC: 	 self.config: from WMCore.Configuration import Configuration
config = Configuration()
config.section_('General')
config.section_('JobType')
config.JobType.psetName = '../../test/tree_cfg.py'
config.JobType.pluginName = 'Analysis'
config.JobType.pyCfgParams = ['isMC=True', 'useWeights=False', 'xsec=1.00', 'addEventInfo=True']
config.JobType.allowUndistributedCMSSW = True
config.section_('Data')
config.Data.inputDataset = '/SIDM_XXTo2ATo2Mu2E_mXX-150_mA-5_ctau-130_TuneCP5_13TeV-madgraph-pythia8/RunIIAutumn18MiniAOD-102X_upgrade2018_realistic_v15-v1/MINIAODSIM'
config.Data.unitsPerJob = 10000
config.Data.outLFNDirBase = '/store/user/ccosby/mXX150mA5cT130/'
config.Data.splitting = 'EventAwareLumiBased'
config.Data.inputDBS = 'global'
config.section_('Site')
config.Site.storageSite = 'T2_CH_CERNBOX'
config.section_('User')
config.section_('Debug')

DEBUG 2020-04-17 04:39:47.040 UTC: 	 self.config.JobType.psetName: ../../test/tree_cfg.py
INFO 2020-04-17 04:39:47.040 UTC: 	 Importing CMSSW configuration ../../test/tree_cfg.py
DEBUG 2020-04-17 04:39:47.040 UTC: 	 Additional parameters for the CMSSW configuration are: ['isMC=True', 'useWeights=False', 'xsec=1.00', 'addEventInfo=True']
INFO 2020-04-17 04:39:47.368 UTC: 	 Finished importing CMSSW configuration ../../test/tree_cfg.py
DEBUG 2020-04-17 04:39:47.368 UTC: 	 Writing CMSSW configuration to /afs/cern.ch/user/c/ccosby/lowMassZPrime/triggerStudy/CMSSW_10_2_3/src/DileptonAnalysis/AnalysisStep/crab/mXX150mA5cT130/crab_20200417_063944/inputs/PSet.py
DEBUG 2020-04-17 04:39:47.412 UTC: 	 The following EDM output files will be collected: []
DEBUG 2020-04-17 04:39:47.412 UTC: 	 The following TFile output files will be collected: ['tree.root']
DEBUG 2020-04-17 04:39:47.412 UTC: 	 The following user output files (not listed as PoolOuputModule or TFileService in the CMSSW PSet) will be collected: 
DEBUG 2020-04-17 04:39:47.412 UTC: 	 Loading required information from the environment
DEBUG 2020-04-17 04:39:47.412 UTC: 	 Found CMSSW_10_2_3 for slc7_amd64_gcc700 with base /afs/cern.ch/user/c/ccosby/lowMassZPrime/triggerStudy/CMSSW_10_2_3
DEBUG 2020-04-17 04:39:47.412 UTC: 	 Making tarball in /afs/cern.ch/user/c/ccosby/lowMassZPrime/triggerStudy/CMSSW_10_2_3/src/DileptonAnalysis/AnalysisStep/crab/mXX150mA5cT130/crab_20200417_063944/inputs/99987ce8-1a73-4dde-ab28-e73830021813default.tgz
DEBUG 2020-04-17 04:39:47.432 UTC: 	 Checking directory /afs/cern.ch/user/c/ccosby/lowMassZPrime/triggerStudy/CMSSW_10_2_3/lib
DEBUG 2020-04-17 04:39:47.432 UTC: 	 Adding directory /afs/cern.ch/user/c/ccosby/lowMassZPrime/triggerStudy/CMSSW_10_2_3/lib to tarball
DEBUG 2020-04-17 04:39:47.446 UTC: 	 Checking directory /afs/cern.ch/user/c/ccosby/lowMassZPrime/triggerStudy/CMSSW_10_2_3/biglib
DEBUG 2020-04-17 04:39:47.446 UTC: 	 Adding directory /afs/cern.ch/user/c/ccosby/lowMassZPrime/triggerStudy/CMSSW_10_2_3/biglib to tarball
DEBUG 2020-04-17 04:39:47.447 UTC: 	 Checking directory /afs/cern.ch/user/c/ccosby/lowMassZPrime/triggerStudy/CMSSW_10_2_3/module
DEBUG 2020-04-17 04:39:47.580 UTC: 	 Adding data directory /afs/cern.ch/user/c/ccosby/lowMassZPrime/triggerStudy/CMSSW_10_2_3/src/DileptonAnalysis/AnalysisStep/data to tarball
DEBUG 2020-04-17 04:39:48.059 UTC: 	 Adding data directory /afs/cern.ch/user/c/ccosby/lowMassZPrime/triggerStudy/CMSSW_10_2_3/src/DileptonAnalysis/AnalysisStep/interface to tarball
DEBUG 2020-04-17 04:39:48.270 UTC: 	 Adding data directory /afs/cern.ch/user/c/ccosby/lowMassZPrime/triggerStudy/CMSSW_10_2_3/src/chrisDileptonAnalysis/DileptonAnalysis/AnalysisStep/data to tarball
DEBUG 2020-04-17 04:39:48.649 UTC: 	 Adding data directory /afs/cern.ch/user/c/ccosby/lowMassZPrime/triggerStudy/CMSSW_10_2_3/src/chrisDileptonAnalysis/DileptonAnalysis/AnalysisStep/interface to tarball
DEBUG 2020-04-17 04:39:48.756 UTC: 	 Uploading archive /afs/cern.ch/user/c/ccosby/lowMassZPrime/triggerStudy/CMSSW_10_2_3/src/DileptonAnalysis/AnalysisStep/crab/mXX150mA5cT130/crab_20200417_063944/inputs/99987ce8-1a73-4dde-ab28-e73830021813default.tgz (1.925781.1 MB) to the CRAB cache. Using URI https://cmsweb.cern.ch/crabcache
DEBUG 2020-04-17 04:39:51.097 UTC: 	 Loading required information from the environment
DEBUG 2020-04-17 04:39:51.097 UTC: 	 Found CMSSW_10_2_3 for slc7_amd64_gcc700 with base /afs/cern.ch/user/c/ccosby/lowMassZPrime/triggerStudy/CMSSW_10_2_3
DEBUG 2020-04-17 04:39:51.097 UTC: 	 Making tarball in /afs/cern.ch/user/c/ccosby/lowMassZPrime/triggerStudy/CMSSW_10_2_3/src/DileptonAnalysis/AnalysisStep/crab/mXX150mA5cT130/crab_20200417_063944/inputs/debugFiles.tgz
DEBUG 2020-04-17 04:39:51.105 UTC: 	 Uploading archive /afs/cern.ch/user/c/ccosby/lowMassZPrime/triggerStudy/CMSSW_10_2_3/src/DileptonAnalysis/AnalysisStep/crab/mXX150mA5cT130/crab_20200417_063944/inputs/debugFiles.tgz (4 KB) to the CRAB cache. Using URI https://cmsweb.cern.ch/crabcache
DEBUG 2020-04-17 04:39:51.216 UTC: 	 Result uploading input files: e3e53e44217f60e51dbe48be0b1bf0f65f4d650ee9992ce122020b01eaa9fcc8.tar.gz 
WARNING 2020-04-17 04:39:51.217 UTC: 	 Warning: The following output files will not be published, as they are not EDM files: ['tree.root']
INFO 2020-04-17 04:39:51.217 UTC: 	 Sending the request to the server at cmsweb.cern.ch
DEBUG 2020-04-17 04:39:51.217 UTC: 	 Submitting {'maxjobruntime': 1250, 'extrajdl': [], 'ignorelocality': 0, 'savelogsflag': 0, 'useparent': 0, 'asyncdest': 'T2_CH_CERNBOX', 'algoargs': 10000, 'cachefilename': 'e3e53e44217f60e51dbe48be0b1bf0f65f4d650ee9992ce122020b01eaa9fcc8.tar.gz', 'numcores': 1, 'addoutputfiles': [], 'generator': 'pythia', 'maxmemory': 2000, 'publishdbsurl': 'https://cmsweb.cern.ch/dbs/prod/phys03/DBSWriter', 'priority': 10, 'jobsw': 'CMSSW_10_2_3', 'edmoutfiles': [], 'userfiles': [], 'primarydataset': '', 'inputdata': '/SIDM_XXTo2ATo2Mu2E_mXX-150_mA-5_ctau-130_TuneCP5_13TeV-madgraph-pythia8/RunIIAutumn18MiniAOD-102X_upgrade2018_realistic_v15-v1/MINIAODSIM', 'lfn': '/store/user/ccosby/mXX150mA5cT130/', 'dryrun': 0, 'workflow': 'crab_20200417_063944', 'cacheurl': u'https://cmsweb.cern.ch/crabcache', 'nonprodsw': 1, 'tfileoutfiles': ['tree.root'], 'oneEventMode': 0, 'debugfilename': 'abe00d28053840ee61ba6812d9c762c820e110520467005e7817118edf93616b.tar.gz', 'saveoutput': 1, 'publication': 1, 'jobarch': 'slc7_amd64_gcc700', 'totalunits': 0, 'splitalgo': 'EventAwareLumiBased', 'ignoreglobalblacklist': 0, 'nonvaliddata': 0, 'dbsurl': 'https://cmsweb.cern.ch/dbs/prod/global/DBSReader', 'publishgroupname': 0, 'jobtype': 'Analysis', 'publishname2': ''} 
DEBUG 2020-04-17 04:39:51.217 UTC: 	 Encoded submit request: maxjobruntime=1250&ignorelocality=0&savelogsflag=0&useparent=0&asyncdest=T2_CH_CERNBOX&algoargs=10000&cachefilename=e3e53e44217f60e51dbe48be0b1bf0f65f4d650ee9992ce122020b01eaa9fcc8.tar.gz&numcores=1&generator=pythia&maxmemory=2000&publishdbsurl=https%3A%2F%2Fcmsweb.cern.ch%2Fdbs%2Fprod%2Fphys03%2FDBSWriter&priority=10&jobsw=CMSSW_10_2_3&primarydataset=&inputdata=%2FSIDM_XXTo2ATo2Mu2E_mXX-150_mA-5_ctau-130_TuneCP5_13TeV-madgraph-pythia8%2FRunIIAutumn18MiniAOD-102X_upgrade2018_realistic_v15-v1%2FMINIAODSIM&lfn=%2Fstore%2Fuser%2Fccosby%2FmXX150mA5cT130%2F&dryrun=0&workflow=crab_20200417_063944&cacheurl=https%3A%2F%2Fcmsweb.cern.ch%2Fcrabcache&nonprodsw=1&oneEventMode=0&debugfilename=abe00d28053840ee61ba6812d9c762c820e110520467005e7817118edf93616b.tar.gz&saveoutput=1&publication=1&jobarch=slc7_amd64_gcc700&totalunits=0&splitalgo=EventAwareLumiBased&ignoreglobalblacklist=0&nonvaliddata=0&dbsurl=https%3A%2F%2Fcmsweb.cern.ch%2Fdbs%2Fprod%2Fglobal%2FDBSReader&publishgroupname=0&jobtype=Analysis&publishname2=&tfileoutfiles=tree.root
DEBUG 2020-04-17 04:39:51.326 UTC: 	 Result: {u'result': [{u'RequestName': u'200417_043951:ccosby_crab_20200417_063944'}]}
INFO 2020-04-17 04:39:51.329 UTC: 	 Success: Your task has been delivered to the prod CRAB3 server.
INFO 2020-04-17 04:39:51.329 UTC: 	 Task name: 200417_043951:ccosby_crab_20200417_063944
INFO 2020-04-17 04:39:51.329 UTC: 	 Project dir: ./crab_20200417_063944
INFO 2020-04-17 04:39:51.329 UTC: 	 Please use 'crab status -d ./crab_20200417_063944' to check how the submission process proceeds.
DEBUG 2020-04-17 04:39:51.329 UTC: 	 About to return
INFO 2020-04-17 04:39:51.332 UTC: 	 Log file is /afs/cern.ch/user/c/ccosby/lowMassZPrime/triggerStudy/CMSSW_10_2_3/src/DileptonAnalysis/AnalysisStep/crab/mXX150mA5cT130/crab_20200417_063944/crab.log
DEBUG 2020-04-17 20:33:31.136 UTC: 	 Running on: Linux lxplus788.cern.ch 3.10.0-1062.12.1.el7.x86_64 #1 SMP Tue Feb 4 23:02:59 UTC 2020 x86_64 x86_64 x86_64 GNU/Linux - CentOS Linux 7 (Core)
DEBUG 2020-04-17 20:33:31.157 UTC: 	 OpenSSl version: OpenSSL 1.0.2k-fips  26 Jan 2017 (Library: OpenSSL 1.0.2d-fips 9 Jul 2015)
DEBUG 2020-04-17 20:33:31.157 UTC: 	 Executing command: 'status'
DEBUG 2020-04-17 20:33:31.157 UTC: 	 Found CRAB cache file /afs/cern.ch/user/c/ccosby/.crab3
DEBUG 2020-04-17 20:33:31.207 UTC: 	 Checking credentials
DEBUG 2020-04-17 20:33:31.207 UTC: 	 Found proxy file /tmp/x509up_u119364
DEBUG 2020-04-17 20:33:31.207 UTC: 	 Getting proxy life time left
DEBUG 2020-04-17 20:33:32.017 UTC: 	 Executing : 
 command : voms-proxy-info -file /tmp/x509up_u119364 -timeleft
 output : 43144

 error: 
 retcode : 0
DEBUG 2020-04-17 20:33:32.727 UTC: 	 Executing : 
 command : voms-proxy-info -file /tmp/x509up_u119364 -actimeleft
 output : 43143

 error: 
 retcode : 0
DEBUG 2020-04-17 20:33:32.727 UTC: 	 Proxy lifetime 43144 secs is different from voms extension lifetime 43143 secs for proxy: /tmp/x509up_u119364
DEBUG 2020-04-17 20:33:32.727 UTC: 	 Proxy valid for 11:59:03 hours
DEBUG 2020-04-17 20:33:32.848 UTC: 	 Executing : 
 command : openssl x509 -in ~/.globus/usercert.pem -subject -noout
 output : subject= /DC=ch/DC=cern/OU=Organic Units/OU=Users/CN=ccosby/CN=834196/CN=Christopher Steven Cosby

 error: 
 retcode : 0
DEBUG 2020-04-17 20:33:32.848 UTC: 	 Checking credentials
DEBUG 2020-04-17 20:33:32.848 UTC: 	 Found proxy file /tmp/x509up_u119364
DEBUG 2020-04-17 20:33:32.849 UTC: 	 Getting proxy life time left
DEBUG 2020-04-17 20:33:33.554 UTC: 	 Executing : 
 command : voms-proxy-info -file /tmp/x509up_u119364 -timeleft
 output : 43142

 error: 
 retcode : 0
DEBUG 2020-04-17 20:33:34.262 UTC: 	 Executing : 
 command : voms-proxy-info -file /tmp/x509up_u119364 -actimeleft
 output : 43141

 error: 
 retcode : 0
DEBUG 2020-04-17 20:33:34.262 UTC: 	 Proxy lifetime 43142 secs is different from voms extension lifetime 43141 secs for proxy: /tmp/x509up_u119364
DEBUG 2020-04-17 20:33:34.262 UTC: 	 Proxy valid for 11:59:01 hours
DEBUG 2020-04-17 20:33:34.373 UTC: 	 Registering user credentials for server /DC=ch/DC=cern/OU=computers/CN=vocms0105.cern.ch|/DC=ch/DC=cern/OU=computers/CN=crab-(preprod|prod|dev)-tw(02|01).cern.ch|/DC=ch/DC=cern/OU=computers/CN=(ddi|ddidk|mytw).cern.ch
DEBUG 2020-04-17 20:33:34.488 UTC: 	 Executing : 
 command : openssl x509 -in ~/.globus/usercert.pem -subject -noout
 output : subject= /DC=ch/DC=cern/OU=Organic Units/OU=Users/CN=ccosby/CN=834196/CN=Christopher Steven Cosby

 error: 
 retcode : 0
DEBUG 2020-04-17 20:33:34.488 UTC: 	 Getting myproxy life time left for myproxy.cern.ch
DEBUG 2020-04-17 20:33:34.488 UTC: 	 Calculating hash of /DC=ch/DC=cern/OU=Organic Units/OU=Users/CN=ccosby/CN=834196/CN=Christopher Steven Cosby_cmsweb.cern.ch for credential name
DEBUG 2020-04-17 20:33:34.795 UTC: 	 Executing : 
 command : myproxy-info -l 26967ec133c94bf7c0631336874999a7497a622e -s myproxy.cern.ch
 output : username: 26967ec133c94bf7c0631336874999a7497a622e
owner: /DC=ch/DC=cern/OU=Organic Units/OU=Users/CN=ccosby/CN=834196/CN=Christopher Steven Cosby
  renewal policy: /DC=ch/DC=cern/OU=computers/CN=vocms0105.cern.ch|/DC=ch/DC=cern/OU=computers/CN=crab-(preprod|prod|dev)-tw(02|01).cern.ch|/DC=ch/DC=cern/OU=computers/CN=(ddi|ddidk|mytw).cern.ch
  trusted retrieval policy: /DC=ch/DC=cern/OU=computers/CN=vocms0105.cern.ch|/DC=ch/DC=cern/OU=computers/CN=crab-(preprod|prod|dev)-tw(02|01).cern.ch|/DC=ch/DC=cern/OU=computers/CN=(ddi|ddidk|mytw).cern.ch
  timeleft: 671:55:32  (28.0 days)

 error: 
 retcode : 0
DEBUG 2020-04-17 20:33:34.797 UTC: 	 Myproxy is valid: 2418932
DEBUG 2020-04-17 20:33:34.797 UTC: 	 Command use: status
DEBUG 2020-04-17 20:33:34.797 UTC: 	 Options use: ['crab_20200417_063944/']
DEBUG 2020-04-17 20:33:34.903 UTC: 	 CRABClient version: 3.3.2001
DEBUG 2020-04-17 20:33:34.903 UTC: 	 Instance is prod
DEBUG 2020-04-17 20:33:34.903 UTC: 	 Server base url is cmsweb.cern.ch
DEBUG 2020-04-17 20:33:34.903 UTC: 	 Command url /crabserver/prod/workflow
DEBUG 2020-04-17 20:33:35.016 UTC: 	 Got information from server oracle database: {u'result': [u'200417_043951:ccosby_crab_20200417_063944', u'None', u'None', u'SUBMITTED', u'SUBMIT', u'2020-04-17 04:39:51.315204', u'None', u'2020-04-17 04:43:33.668221', u'None', u'CMSSW_10_2_3', u'slc7_amd64_gcc700', u'/SIDM_XXTo2ATo2Mu2E_mXX-150_mA-5_ctau-130_TuneCP5_13TeV-madgraph-pythia8/RunIIAutumn18MiniAOD-102X_upgrade2018_realistic_v15-v1/MINIAODSIM', u'F', u'0', u'[]', u'[]', u'EventAwareLumiBased', u"{'splitOnRun': False, 'events_per_job': 10000, 'halt_job_on_file_boundaries': False, 'runs': [], 'lumis': []}", u'e3e53e44217f60e51dbe48be0b1bf0f65f4d650ee9992ce122020b01eaa9fcc8.tar.gz', u'https://cmsweb.cern.ch/crabcache', u'ccosby', u'/DC=ch/DC=cern/OU=Organic Units/OU=Users/CN=ccosby/CN=834196/CN=Christopher Steven Cosby', u'cms', u'None', u'None', u'crab_20200417_063944-00000000000000000000000000000000', u'F', u'T2_CH_CERNBOX', u'https://cmsweb.cern.ch/dbs/prod/global/DBSReader', u'https://cmsweb.cern.ch/dbs/prod/phys03/DBSWriter', u'T', u'[]', u"['tree.root']", u'[]', u'Analysis', u'pythia', u'None', u'{}', u'[]', u'F', u'crab-prod-tw01', u'[]', u'1250', u'1', u'2000', u'10', u'None', u'[]', u'http://vocms0195.cern.ch/mon/cms1132/200417_043951:ccosby_crab_20200417_063944', u'None', u'[]', u'[]', u'https://cmsweb.cern.ch/crabserver/prod', u'cmsgwms-collector-global.cern.ch:9620,cmssrv623.fnal.gov:9620', u'crab3@vocms0195.cern.ch', u'F', u'[]', u'T', u'/store/user/ccosby/mXX150mA5cT130/', u'F', u'None', u'F', u'None', u'SIDM_XXTo2ATo2Mu2E_mXX-150_mA-5_ctau-130_TuneCP5_13TeV-madgraph-pythia8', u'None', u'abe00d28053840ee61ba6812d9c762c820e110520467005e7817118edf93616b.tar.gz', u'50380400', u'filetransfers', u'F', u'2001:1458:d00:2d::100:1d8', u'0.0', u'None'], u'desc': {u'columns': [u'tm_taskname', u'tm_activity', u'panda_jobset_id', u'tm_task_status', u'tm_task_command', u'tm_start_time', u'tm_start_injection', u'tm_end_injection', u'tm_task_failure', u'tm_job_sw', u'tm_job_arch', u'tm_input_dataset', u'tm_nonvalid_input_dataset', u'tm_use_parent', u'tm_site_whitelist', u'tm_site_blacklist', u'tm_split_algo', u'tm_split_args', u'tm_user_sandbox', u'tm_cache_url', u'tm_username', u'tm_user_dn', u'tm_user_vo', u'tm_user_role', u'tm_user_group', u'tm_publish_name', u'tm_publish_groupname', u'tm_asyncdest', u'tm_dbs_url', u'tm_publish_dbs_url', u'tm_publication', u'tm_outfiles', u'tm_tfile_outfiles', u'tm_edm_outfiles', u'tm_job_type', u'tm_generator', u'tm_events_per_lumi', u'tm_arguments', u'panda_resubmitted_jobs', u'tm_save_logs', u'tw_name', u'tm_user_infiles', u'tm_maxjobruntime', u'tm_numcores', u'tm_maxmemory', u'tm_priority', u'tm_output_dataset', u'tm_task_warnings', u'tm_user_webdir', u'tm_scriptexe', u'tm_scriptargs', u'tm_extrajdl', u'tm_asourl', u'tm_collector', u'tm_schedd', u'tm_dry_run', u'tm_user_files', u'tm_transfer_outputs', u'tm_output_lfn', u'tm_ignore_locality', u'tm_fail_limit', u'tm_one_event_mode', u'tm_secondary_input_dataset', u'tm_primary_dataset', u'tm_last_publication', u'tm_debug_files', u'clusterid', u'tm_asodb', u'tm_ignore_global_blacklist', u'tm_submitter_ip_addr', u'tm_totalunits', u'tm_ddm_reqid']}}
INFO 2020-04-17 20:33:35.017 UTC: 	 CRAB project directory:		/afs/cern.ch/user/c/ccosby/lowMassZPrime/triggerStudy/CMSSW_10_2_3/src/DileptonAnalysis/AnalysisStep/crab/mXX150mA5cT130/crab_20200417_063944
INFO 2020-04-17 20:33:35.017 UTC: 	 Task name:			200417_043951:ccosby_crab_20200417_063944
INFO 2020-04-17 20:33:35.017 UTC: 	 Grid scheduler - Task Worker:	crab3@vocms0195.cern.ch - crab-prod-tw01
INFO 2020-04-17 20:33:35.017 UTC: 	 Status on the CRAB server:	SUBMITTED
INFO 2020-04-17 20:33:35.017 UTC: 	 Task URL to use for HELP:	https://cmsweb.cern.ch/crabserver/ui/task/200417_043951%3Accosby_crab_20200417_063944
INFO 2020-04-17 20:33:35.018 UTC: 	 Dashboard monitoring URL:	https://monit-grafana.cern.ch/d/cmsTMDetail/cms-task-monitoring-task-view?orgId=11&var-user=ccosby&var-task=200417_043951%3Accosby_crab_20200417_063944
INFO 2020-04-17 20:33:35.018 UTC: 	 In case of issues with the dashboard, please provide feedback to hn-cms-computing-tools@cern.ch
DEBUG 2020-04-17 20:33:35.018 UTC: 	 The CRAB server submitted your task to the Grid scheduler (cluster ID: 50380400)
DEBUG 2020-04-17 20:33:35.018 UTC: 	 Webdir is located at http://vocms0195.cern.ch/mon/cms1132/200417_043951:ccosby_crab_20200417_063944
DEBUG 2020-04-17 20:33:35.153 UTC: 	 Proxied webdir is located at https://cmsweb.cern.ch/scheddmon/0195/cms1132/200417_043951:ccosby_crab_20200417_063944
DEBUG 2020-04-17 20:33:35.153 UTC: 	 Retrieving 'status_cache' file from https://cmsweb.cern.ch/scheddmon/0195/cms1132/200417_043951:ccosby_crab_20200417_063944/status_cache
DEBUG 2020-04-17 20:33:35.210 UTC: 	 Got information from status cache file: {'11': {'Retries': 0, 'WallDurations': [9.0, 286.0], 'StartTimes': [1587099015.0], 'SubmitTimes': [1587098628.0], 'JobIds': ['50380413.0'], 'EndTimes': [1587099301.0], 'Restarts': 0, 'RecordedSite': True, 'State': 'finished', 'ResidentSetSize': [28468], 'TotalUserCpuTimeHistory': [99], 'SiteHistory': ['Unknown', 'T2_US_UCSD'], 'TotalSysCpuTimeHistory': [18]}, '10': {'Retries': 1, 'WallDurations': [10.0, 304.0, 8.0, 639.0], 'StartTimes': [1587099014.0, 1587110579.0], 'SubmitTimes': [1587098628.0, 1587110197.0], 'JobIds': ['50380412.0', '50382137.0'], 'EndTimes': [1587099318.0, 1587111218.0], 'Restarts': 0, 'RecordedSite': True, 'State': 'finished', 'ResidentSetSize': [29828, 874592], 'TotalUserCpuTimeHistory': [96, 94], 'SiteHistory': ['Unknown', 'T2_US_UCSD', 'Unknown', 'T2_US_Vanderbilt'], 'TotalSysCpuTimeHistory': [18, 6]}, '13': {'Retries': 0, 'WallDurations': [8.0, 274.0], 'StartTimes': [1587099015.0], 'SubmitTimes': [1587098629.0], 'JobIds': ['50380415.0'], 'EndTimes': [1587099289.0], 'Restarts': 0, 'RecordedSite': True, 'State': 'finished', 'ResidentSetSize': [18464], 'TotalUserCpuTimeHistory': [70], 'SiteHistory': ['Unknown', 'T2_US_UCSD'], 'TotalSysCpuTimeHistory': [15]}, '12': {'Retries': 0, 'WallDurations': [8.0, 300.0], 'StartTimes': [1587099015.0], 'SubmitTimes': [1587098628.0], 'JobIds': ['50380414.0'], 'EndTimes': [1587099315.0], 'Restarts': 0, 'RecordedSite': True, 'State': 'finished', 'ResidentSetSize': [15664], 'TotalUserCpuTimeHistory': [92], 'SiteHistory': ['Unknown', 'T2_US_UCSD'], 'TotalSysCpuTimeHistory': [17]}, '1': {'Retries': 0, 'WallDurations': [8.0, 276.0], 'StartTimes': [1587099018.0], 'SubmitTimes': [1587098626.0], 'JobIds': ['50380405.0'], 'EndTimes': [1587099294.0], 'Restarts': 0, 'RecordedSite': True, 'State': 'finished', 'ResidentSetSize': [30240], 'TotalUserCpuTimeHistory': [88], 'SiteHistory': ['Unknown', 'T2_US_UCSD'], 'TotalSysCpuTimeHistory': [17]}, '3': {'Retries': 0, 'WallDurations': [10.0, 287.0], 'StartTimes': [1587099017.0], 'SubmitTimes': [1587098625.0], 'JobIds': ['50380404.0'], 'EndTimes': [1587099304.0], 'Restarts': 0, 'RecordedSite': True, 'State': 'finished', 'ResidentSetSize': [28572], 'TotalUserCpuTimeHistory': [90], 'SiteHistory': ['Unknown', 'T2_US_UCSD'], 'TotalSysCpuTimeHistory': [17]}, '2': {'Retries': 0, 'WallDurations': [9.0, 292.0], 'StartTimes': [1587099014.0], 'SubmitTimes': [1587098625.0], 'JobIds': ['50380403.0'], 'EndTimes': [1587099306.0], 'Restarts': 0, 'RecordedSite': True, 'State': 'finished', 'ResidentSetSize': [28968], 'TotalUserCpuTimeHistory': [90], 'SiteHistory': ['Unknown', 'T2_US_UCSD'], 'TotalSysCpuTimeHistory': [16]}, '5': {'Retries': 0, 'WallDurations': [10.0, 297.0], 'StartTimes': [1587099038.0], 'SubmitTimes': [1587098627.0], 'JobIds': ['50380407.0'], 'EndTimes': [1587099335.0], 'Restarts': 0, 'RecordedSite': True, 'State': 'finished', 'ResidentSetSize': [29736], 'TotalUserCpuTimeHistory': [144], 'SiteHistory': ['Unknown', 'T2_US_Caltech'], 'TotalSysCpuTimeHistory': [7]}, '4': {'Retries': 0, 'WallDurations': [9.0, 411.0], 'StartTimes': [1587099017.0], 'SubmitTimes': [1587098627.0], 'JobIds': ['50380406.0'], 'EndTimes': [1587099428.0], 'Restarts': 0, 'RecordedSite': True, 'State': 'finished', 'ResidentSetSize': [928612], 'TotalUserCpuTimeHistory': [113], 'SiteHistory': ['Unknown', 'T2_US_UCSD'], 'TotalSysCpuTimeHistory': [19]}, '7': {'Retries': 0, 'WallDurations': [9.0, 428.0], 'StartTimes': [1587099012.0], 'SubmitTimes': [1587098628.0], 'JobIds': ['50380409.0'], 'EndTimes': [1587099440.0], 'Restarts': 0, 'RecordedSite': True, 'State': 'finished', 'ResidentSetSize': [900324], 'TotalUserCpuTimeHistory': [112], 'SiteHistory': ['Unknown', 'T2_US_UCSD'], 'TotalSysCpuTimeHistory': [20]}, '6': {'Retries': 0, 'WallDurations': [9.0, 367.0], 'StartTimes': [1587099036.0], 'SubmitTimes': [1587098627.0], 'JobIds': ['50380408.0'], 'EndTimes': [1587099403.0], 'Restarts': 0, 'RecordedSite': True, 'State': 'finished', 'ResidentSetSize': [29480], 'TotalUserCpuTimeHistory': [143], 'SiteHistory': ['Unknown', 'T2_US_Caltech'], 'TotalSysCpuTimeHistory': [6]}, '9': {'Retries': 0, 'WallDurations': [9.0, 274.0], 'StartTimes': [1587099014.0], 'SubmitTimes': [1587098628.0], 'JobIds': ['50380411.0'], 'EndTimes': [1587099288.0], 'Restarts': 0, 'RecordedSite': True, 'State': 'finished', 'ResidentSetSize': [39300], 'TotalUserCpuTimeHistory': [86], 'SiteHistory': ['Unknown', 'T2_US_UCSD'], 'TotalSysCpuTimeHistory': [16]}, '8': {'Retries': 0, 'WallDurations': [9.0, 334.0], 'StartTimes': [1587099014.0], 'SubmitTimes': [1587098628.0], 'JobIds': ['50380410.0'], 'EndTimes': [1587099348.0], 'Restarts': 0, 'RecordedSite': True, 'State': 'finished', 'ResidentSetSize': [34896], 'TotalUserCpuTimeHistory': [109], 'SiteHistory': ['Unknown', 'T2_US_UCSD'], 'TotalSysCpuTimeHistory': [20]}}
INFO 2020-04-17 20:33:35.210 UTC: 	 Status on the scheduler:	COMPLETED
INFO 2020-04-17 20:33:35.210 UTC: 	 
Jobs status:                    finished     		100.0% (13/13)
INFO 2020-04-17 20:33:35.318 UTC: 	 
No publication information available yet
INFO 2020-04-17 20:33:35.318 UTC: 	 
Warning: the max jobs runtime is less than 30% of the task requested value (1250 min), please consider to request a lower value for failed jobs (allowed through crab resubmit) and/or improve the jobs splitting (e.g. config.Data.splitting = 'Automatic') in a new task.
INFO 2020-04-17 20:33:35.318 UTC: 	 
Warning: the average jobs CPU efficiency is less than 50%, please consider to improve the jobs splitting (e.g. config.Data.splitting = 'Automatic') in a new task
INFO 2020-04-17 20:33:35.318 UTC: 	 
Summary of run jobs:
 * Memory: 29MB min, 906MB max, 224MB ave
 * Runtime: 0:04:34 min, 0:10:39 max, 0:05:43 ave
 * CPU eff: 16% min, 51% max, 34% ave
 * Waste: 0:07:09 (9% of total)

INFO 2020-04-17 20:33:35.328 UTC: 	 Log file is /afs/cern.ch/user/c/ccosby/lowMassZPrime/triggerStudy/CMSSW_10_2_3/src/DileptonAnalysis/AnalysisStep/crab/mXX150mA5cT130/crab_20200417_063944/crab.log
